#
# There is insufficient memory for the Java Runtime Environment to continue.
# Native memory allocation (malloc) failed to allocate 1053696 bytes for Chunk::new
# Possible reasons:
#   The system is out of physical RAM or swap space
#   The process is running with CompressedOops enabled, and the Java Heap may be blocking the growth of the native heap
# Possible solutions:
#   Reduce memory load on the system
#   Increase physical memory or swap space
#   Check if swap backing store is full
#   Decrease Java heap size (-Xmx/-Xms)
#   Decrease number of Java threads
#   Decrease Java thread stack sizes (-Xss)
#   Set larger code cache with -XX:ReservedCodeCacheSize=
#   JVM is running with Zero Based Compressed Oops mode in which the Java heap is
#     placed in the first 32GB address space. The Java Heap base address is the
#     maximum limit for the native heap growth. Please use -XX:HeapBaseMinAddress
#     to set the Java Heap base and to place the Java Heap above 32GB virtual address.
# This output file may be truncated or incomplete.
#
#  Out of Memory Error (./src/hotspot/share/memory/arena.cpp:197), pid=13796, tid=20516
#
# JRE version: OpenJDK Runtime Environment (11.0.11+9) (build 11.0.11+9-b60-7590822)
# Java VM: OpenJDK 64-Bit Server VM (11.0.11+9-b60-7590822, mixed mode, tiered, compressed oops, g1 gc, windows-amd64)
# No core dump will be written. Minidumps are not enabled by default on client versions of Windows
#

---------------  S U M M A R Y ------------

Command Line: org.jetbrains.kotlin.cli.jvm.K2JVMCompiler @C:\SSAFY\AOS_final\final_gumi0607_03\SmartStoreUI\app\build\20220523_2173061711071641504.compiler.options

Host: Intel(R) Core(TM) i7-8750H CPU @ 2.20GHz, 12 cores, 15G,  Windows 10 , 64 bit Build 19041 (10.0.19041.1706)
Time: Mon May 23 11:00:44 2022 대한민국 표준시 elapsed time: 7.171632 seconds (0d 0h 0m 7s)

---------------  T H R E A D  ---------------

Current thread (0x000001ebfcf0e800):  JavaThread "C2 CompilerThread2" daemon [_thread_in_native, id=20516, stack(0x000000ce8e900000,0x000000ce8ea00000)]


Current CompileTask:
C2:   7171 8488       4       org.jetbrains.kotlin.cli.jvm.index.JvmDependenciesIndexImpl::search (397 bytes)

Stack: [0x000000ce8e900000,0x000000ce8ea00000]
Native frames: (J=compiled Java code, j=interpreted, Vv=VM code, C=native code)
V  [jvm.dll+0x5f214a]
V  [jvm.dll+0x726fb5]
V  [jvm.dll+0x7285cd]
V  [jvm.dll+0x728c83]
V  [jvm.dll+0x243278]
V  [jvm.dll+0xbc53c]
V  [jvm.dll+0xbca3c]
V  [jvm.dll+0x2b5c34]
V  [jvm.dll+0x508488]
V  [jvm.dll+0x203d53]
V  [jvm.dll+0x1fdbac]
V  [jvm.dll+0x1fb35f]
V  [jvm.dll+0x183d6c]
V  [jvm.dll+0x209a57]
V  [jvm.dll+0x2082a1]
V  [jvm.dll+0x6ef58f]
V  [jvm.dll+0x6e80b5]
V  [jvm.dll+0x5f1036]
C  [ucrtbase.dll+0x21bb2]
C  [KERNEL32.DLL+0x17034]
C  [ntdll.dll+0x52651]


---------------  P R O C E S S  ---------------

Threads class SMR info:
_java_thread_list=0x000001ebfceca6d0, length=12, elements={
0x000001ebdc76a000, 0x000001ebfcd04800, 0x000001ebfcd06000, 0x000001ebfc454800,
0x000001ebfc455800, 0x000001ebfc457800, 0x000001ebfcd66800, 0x000001ebfcd6f000,
0x000001ebfcd70000, 0x000001ebfcecf800, 0x000001ebfcefa000, 0x000001ebfcf0e800
}

Java Threads: ( => current thread )
  0x000001ebdc76a000 JavaThread "main" [_thread_in_vm, id=9852, stack(0x000000ce8d700000,0x000000ce8d800000)]
  0x000001ebfcd04800 JavaThread "Reference Handler" daemon [_thread_blocked, id=17024, stack(0x000000ce8de00000,0x000000ce8df00000)]
  0x000001ebfcd06000 JavaThread "Finalizer" daemon [_thread_blocked, id=20000, stack(0x000000ce8df00000,0x000000ce8e000000)]
  0x000001ebfc454800 JavaThread "Signal Dispatcher" daemon [_thread_blocked, id=14352, stack(0x000000ce8e000000,0x000000ce8e100000)]
  0x000001ebfc455800 JavaThread "Attach Listener" daemon [_thread_blocked, id=8304, stack(0x000000ce8e100000,0x000000ce8e200000)]
  0x000001ebfc457800 JavaThread "Service Thread" daemon [_thread_blocked, id=7424, stack(0x000000ce8e200000,0x000000ce8e300000)]
  0x000001ebfcd66800 JavaThread "C2 CompilerThread0" daemon [_thread_in_native, id=13520, stack(0x000000ce8e300000,0x000000ce8e400000)]
  0x000001ebfcd6f000 JavaThread "C1 CompilerThread0" daemon [_thread_blocked, id=20056, stack(0x000000ce8e400000,0x000000ce8e500000)]
  0x000001ebfcd70000 JavaThread "Sweeper thread" daemon [_thread_blocked, id=16684, stack(0x000000ce8e500000,0x000000ce8e600000)]
  0x000001ebfcecf800 JavaThread "Common-Cleaner" daemon [_thread_blocked, id=18136, stack(0x000000ce8e700000,0x000000ce8e800000)]
  0x000001ebfcefa000 JavaThread "C2 CompilerThread1" daemon [_thread_in_native, id=8824, stack(0x000000ce8e800000,0x000000ce8e900000)]
=>0x000001ebfcf0e800 JavaThread "C2 CompilerThread2" daemon [_thread_in_native, id=20516, stack(0x000000ce8e900000,0x000000ce8ea00000)]

Other Threads:
  0x000001ebfc43c800 VMThread "VM Thread" [stack: 0x000000ce8dd00000,0x000000ce8de00000] [id=17080]
  0x000001ebfcec8800 WatcherThread [stack: 0x000000ce8e600000,0x000000ce8e700000] [id=10584]
  0x000001ebdc782000 GCTaskThread "GC Thread#0" [stack: 0x000000ce8d800000,0x000000ce8d900000] [id=18720]
  0x000001ebfd4ce000 GCTaskThread "GC Thread#1" [stack: 0x000000ce8ea00000,0x000000ce8eb00000] [id=12752]
  0x000001ebfd570000 GCTaskThread "GC Thread#2" [stack: 0x000000ce8eb00000,0x000000ce8ec00000] [id=14996]
  0x000001ebfd571000 GCTaskThread "GC Thread#3" [stack: 0x000000ce8ec00000,0x000000ce8ed00000] [id=21596]
  0x000001ebfd571800 GCTaskThread "GC Thread#4" [stack: 0x000000ce8ed00000,0x000000ce8ee00000] [id=7360]
  0x000001ebfd572800 GCTaskThread "GC Thread#5" [stack: 0x000000ce8ee00000,0x000000ce8ef00000] [id=4408]
  0x000001ebfe4d2000 GCTaskThread "GC Thread#6" [stack: 0x000000ce8f300000,0x000000ce8f400000] [id=19148]
  0x000001ebdc7e1000 ConcurrentGCThread "G1 Main Marker" [stack: 0x000000ce8d900000,0x000000ce8da00000] [id=17040]
  0x000001ebdc7e2800 ConcurrentGCThread "G1 Conc#0" [stack: 0x000000ce8da00000,0x000000ce8db00000] [id=16984]
  0x000001ebfd68f000 ConcurrentGCThread "G1 Conc#1" [stack: 0x000000ce8ef00000,0x000000ce8f000000] [id=11112]
  0x000001ebfd5a2000 ConcurrentGCThread "G1 Conc#2" [stack: 0x000000ce8f000000,0x000000ce8f100000] [id=10452]
  0x000001ebfc321800 ConcurrentGCThread "G1 Refine#0" [stack: 0x000000ce8db00000,0x000000ce8dc00000] [id=10184]
  0x000001ebfe459800 ConcurrentGCThread "G1 Refine#1" [stack: 0x000000ce8f100000,0x000000ce8f200000] [id=14608]
  0x000001ebfe42f000 ConcurrentGCThread "G1 Refine#2" [stack: 0x000000ce8f200000,0x000000ce8f300000] [id=17268]
  0x000001ebfc322800 ConcurrentGCThread "G1 Young RemSet Sampling" [stack: 0x000000ce8dc00000,0x000000ce8dd00000] [id=21060]

Threads with active compile tasks:
C2 CompilerThread0   7190 8284       4       org.jetbrains.kotlin.parsing.KotlinExpressionParsing$Precedence::parseHigherPrecedence (30 bytes)
C2 CompilerThread1   7190 8285       4       org.jetbrains.kotlin.parsing.KotlinExpressionParsing::parseBinaryExpression (70 bytes)
C2 CompilerThread2   7190 8488       4       org.jetbrains.kotlin.cli.jvm.index.JvmDependenciesIndexImpl::search (397 bytes)

VM state:not at safepoint (normal execution)

VM Mutex/Monitor currently owned by a thread: None

Heap address: 0x0000000701000000, size: 4080 MB, Compressed Oops mode: Zero based, Oop shift amount: 3
Narrow klass base: 0x0000000800000000, Narrow klass shift: 0
Compressed class space size: 1073741824 Address: 0x0000000800000000

Heap:
 garbage-first heap   total 315392K, used 114126K [0x0000000701000000, 0x0000000800000000)
  region size 1024K, 69 young (70656K), 9 survivors (9216K)
 Metaspace       used 63788K, capacity 64626K, committed 64732K, reserved 1105920K
  class space    used 7190K, capacity 7518K, committed 7548K, reserved 1048576K
Heap Regions: E=young(eden), S=young(survivor), O=old, HS=humongous(starts), HC=humongous(continues), CS=collection set, F=free, A=archive, TAMS=top-at-mark-start (previous, next)
|   0|0x0000000701000000, 0x0000000701100000, 0x0000000701100000|100%|HS|  |TAMS 0x0000000701100000, 0x0000000701000000| Complete 
|   1|0x0000000701100000, 0x0000000701200000, 0x0000000701200000|100%|HC|  |TAMS 0x0000000701200000, 0x0000000701100000| Complete 
|   2|0x0000000701200000, 0x0000000701300000, 0x0000000701300000|100%|HC|  |TAMS 0x0000000701300000, 0x0000000701200000| Complete 
|   3|0x0000000701300000, 0x0000000701400000, 0x0000000701400000|100%|HS|  |TAMS 0x0000000701400000, 0x0000000701300000| Complete 
|   4|0x0000000701400000, 0x0000000701500000, 0x0000000701500000|100%|HC|  |TAMS 0x0000000701500000, 0x0000000701400000| Complete 
|   5|0x0000000701500000, 0x0000000701600000, 0x0000000701600000|100%|HC|  |TAMS 0x0000000701600000, 0x0000000701500000| Complete 
|   6|0x0000000701600000, 0x0000000701700000, 0x0000000701700000|100%|HS|  |TAMS 0x0000000701700000, 0x0000000701600000| Complete 
|   7|0x0000000701700000, 0x0000000701800000, 0x0000000701800000|100%|HC|  |TAMS 0x0000000701800000, 0x0000000701700000| Complete 
|   8|0x0000000701800000, 0x0000000701900000, 0x0000000701900000|100%|HC|  |TAMS 0x0000000701900000, 0x0000000701800000| Complete 
|   9|0x0000000701900000, 0x0000000701a00000, 0x0000000701a00000|100%|HS|  |TAMS 0x0000000701a00000, 0x0000000701900000| Complete 
|  10|0x0000000701a00000, 0x0000000701b00000, 0x0000000701b00000|100%|HC|  |TAMS 0x0000000701b00000, 0x0000000701a00000| Complete 
|  11|0x0000000701b00000, 0x0000000701c00000, 0x0000000701c00000|100%| O|  |TAMS 0x0000000701c00000, 0x0000000701b00000| Untracked 
|  12|0x0000000701c00000, 0x0000000701d00000, 0x0000000701d00000|100%| O|  |TAMS 0x0000000701d00000, 0x0000000701c00000| Untracked 
|  13|0x0000000701d00000, 0x0000000701e00000, 0x0000000701e00000|100%| O|  |TAMS 0x0000000701e00000, 0x0000000701d00000| Untracked 
|  14|0x0000000701e00000, 0x0000000701f00000, 0x0000000701f00000|100%| O|  |TAMS 0x0000000701f00000, 0x0000000701e00000| Untracked 
|  15|0x0000000701f00000, 0x0000000702000000, 0x0000000702000000|100%| O|  |TAMS 0x0000000702000000, 0x0000000701f00000| Untracked 
|  16|0x0000000702000000, 0x0000000702100000, 0x0000000702100000|100%| O|  |TAMS 0x0000000702100000, 0x0000000702000000| Untracked 
|  17|0x0000000702100000, 0x0000000702200000, 0x0000000702200000|100%| O|  |TAMS 0x0000000702200000, 0x0000000702100000| Untracked 
|  18|0x0000000702200000, 0x0000000702300000, 0x0000000702300000|100%| O|  |TAMS 0x0000000702300000, 0x0000000702200000| Untracked 
|  19|0x0000000702300000, 0x0000000702400000, 0x0000000702400000|100%| O|  |TAMS 0x0000000702400000, 0x0000000702300000| Untracked 
|  20|0x0000000702400000, 0x0000000702500000, 0x0000000702500000|100%| O|  |TAMS 0x0000000702500000, 0x0000000702400000| Untracked 
|  21|0x0000000702500000, 0x0000000702600000, 0x0000000702600000|100%| O|  |TAMS 0x0000000702600000, 0x0000000702500000| Untracked 
|  22|0x0000000702600000, 0x0000000702700000, 0x0000000702700000|100%| O|  |TAMS 0x0000000702700000, 0x0000000702600000| Untracked 
|  23|0x0000000702700000, 0x0000000702800000, 0x0000000702800000|100%| O|  |TAMS 0x0000000702800000, 0x0000000702700000| Untracked 
|  24|0x0000000702800000, 0x0000000702900000, 0x0000000702900000|100%| O|  |TAMS 0x0000000702900000, 0x0000000702800000| Untracked 
|  25|0x0000000702900000, 0x0000000702a00000, 0x0000000702a00000|100%| O|  |TAMS 0x0000000702a00000, 0x0000000702900000| Untracked 
|  26|0x0000000702a00000, 0x0000000702b00000, 0x0000000702b00000|100%| O|  |TAMS 0x0000000702b00000, 0x0000000702a00000| Untracked 
|  27|0x0000000702b00000, 0x0000000702c00000, 0x0000000702c00000|100%| O|  |TAMS 0x0000000702c00000, 0x0000000702b00000| Untracked 
|  28|0x0000000702c00000, 0x0000000702d00000, 0x0000000702d00000|100%| O|  |TAMS 0x0000000702d00000, 0x0000000702c00000| Untracked 
|  29|0x0000000702d00000, 0x0000000702e00000, 0x0000000702e00000|100%| O|  |TAMS 0x0000000702e00000, 0x0000000702d00000| Untracked 
|  30|0x0000000702e00000, 0x0000000702f00000, 0x0000000702f00000|100%| O|  |TAMS 0x0000000702f00000, 0x0000000702e00000| Untracked 
|  31|0x0000000702f00000, 0x0000000703000000, 0x0000000703000000|100%| O|  |TAMS 0x0000000703000000, 0x0000000702f00000| Untracked 
|  32|0x0000000703000000, 0x0000000703100000, 0x0000000703100000|100%| O|  |TAMS 0x0000000703100000, 0x0000000703000000| Untracked 
|  33|0x0000000703100000, 0x0000000703200000, 0x0000000703200000|100%| O|  |TAMS 0x0000000703200000, 0x0000000703100000| Untracked 
|  34|0x0000000703200000, 0x0000000703300000, 0x0000000703300000|100%| O|  |TAMS 0x0000000703300000, 0x0000000703200000| Untracked 
|  35|0x0000000703300000, 0x0000000703400000, 0x0000000703400000|100%| O|  |TAMS 0x0000000703400000, 0x0000000703300000| Untracked 
|  36|0x0000000703400000, 0x0000000703500000, 0x0000000703500000|100%| O|  |TAMS 0x0000000703500000, 0x0000000703400000| Untracked 
|  37|0x0000000703500000, 0x0000000703600000, 0x0000000703600000|100%| O|  |TAMS 0x0000000703600000, 0x0000000703500000| Untracked 
|  38|0x0000000703600000, 0x0000000703700000, 0x0000000703700000|100%| O|  |TAMS 0x0000000703700000, 0x0000000703600000| Untracked 
|  39|0x0000000703700000, 0x0000000703800000, 0x0000000703800000|100%| O|  |TAMS 0x0000000703800000, 0x0000000703700000| Untracked 
|  40|0x0000000703800000, 0x0000000703900000, 0x0000000703900000|100%| O|  |TAMS 0x0000000703900000, 0x0000000703800000| Untracked 
|  41|0x0000000703900000, 0x0000000703a00000, 0x0000000703a00000|100%| O|  |TAMS 0x0000000703a00000, 0x0000000703900000| Untracked 
|  42|0x0000000703a00000, 0x0000000703b00000, 0x0000000703b00000|100%| O|  |TAMS 0x0000000703b00000, 0x0000000703a00000| Untracked 
|  43|0x0000000703b00000, 0x0000000703c00000, 0x0000000703c00000|100%| O|  |TAMS 0x0000000703c00000, 0x0000000703b00000| Untracked 
|  44|0x0000000703c00000, 0x0000000703c2ae00, 0x0000000703d00000| 16%| O|  |TAMS 0x0000000703c2ae00, 0x0000000703c00000| Untracked 
|  45|0x0000000703d00000, 0x0000000703d00000, 0x0000000703e00000|  0%| F|  |TAMS 0x0000000703d00000, 0x0000000703d00000| Untracked 
|  46|0x0000000703e00000, 0x0000000703e00000, 0x0000000703f00000|  0%| F|  |TAMS 0x0000000703e00000, 0x0000000703e00000| Untracked 
|  47|0x0000000703f00000, 0x0000000703f00000, 0x0000000704000000|  0%| F|  |TAMS 0x0000000703f00000, 0x0000000703f00000| Untracked 
|  48|0x0000000704000000, 0x0000000704000000, 0x0000000704100000|  0%| F|  |TAMS 0x0000000704000000, 0x0000000704000000| Untracked 
|  49|0x0000000704100000, 0x0000000704100000, 0x0000000704200000|  0%| F|  |TAMS 0x0000000704100000, 0x0000000704100000| Untracked 
|  50|0x0000000704200000, 0x0000000704200000, 0x0000000704300000|  0%| F|  |TAMS 0x0000000704200000, 0x0000000704200000| Untracked 
|  51|0x0000000704300000, 0x0000000704300000, 0x0000000704400000|  0%| F|  |TAMS 0x0000000704300000, 0x0000000704300000| Untracked 
|  52|0x0000000704400000, 0x0000000704400000, 0x0000000704500000|  0%| F|  |TAMS 0x0000000704400000, 0x0000000704400000| Untracked 
|  53|0x0000000704500000, 0x0000000704500000, 0x0000000704600000|  0%| F|  |TAMS 0x0000000704500000, 0x0000000704500000| Untracked 
|  54|0x0000000704600000, 0x0000000704600000, 0x0000000704700000|  0%| F|  |TAMS 0x0000000704600000, 0x0000000704600000| Untracked 
|  55|0x0000000704700000, 0x0000000704700000, 0x0000000704800000|  0%| F|  |TAMS 0x0000000704700000, 0x0000000704700000| Untracked 
|  56|0x0000000704800000, 0x0000000704800000, 0x0000000704900000|  0%| F|  |TAMS 0x0000000704800000, 0x0000000704800000| Untracked 
|  57|0x0000000704900000, 0x0000000704900000, 0x0000000704a00000|  0%| F|  |TAMS 0x0000000704900000, 0x0000000704900000| Untracked 
|  58|0x0000000704a00000, 0x0000000704a00000, 0x0000000704b00000|  0%| F|  |TAMS 0x0000000704a00000, 0x0000000704a00000| Untracked 
|  59|0x0000000704b00000, 0x0000000704b00000, 0x0000000704c00000|  0%| F|  |TAMS 0x0000000704b00000, 0x0000000704b00000| Untracked 
|  60|0x0000000704c00000, 0x0000000704c00000, 0x0000000704d00000|  0%| F|  |TAMS 0x0000000704c00000, 0x0000000704c00000| Untracked 
|  61|0x0000000704d00000, 0x0000000704d00000, 0x0000000704e00000|  0%| F|  |TAMS 0x0000000704d00000, 0x0000000704d00000| Untracked 
|  62|0x0000000704e00000, 0x0000000704e00000, 0x0000000704f00000|  0%| F|  |TAMS 0x0000000704e00000, 0x0000000704e00000| Untracked 
|  63|0x0000000704f00000, 0x0000000704f00000, 0x0000000705000000|  0%| F|  |TAMS 0x0000000704f00000, 0x0000000704f00000| Untracked 
|  64|0x0000000705000000, 0x0000000705000000, 0x0000000705100000|  0%| F|  |TAMS 0x0000000705000000, 0x0000000705000000| Untracked 
|  65|0x0000000705100000, 0x0000000705100000, 0x0000000705200000|  0%| F|  |TAMS 0x0000000705100000, 0x0000000705100000| Untracked 
|  66|0x0000000705200000, 0x0000000705200000, 0x0000000705300000|  0%| F|  |TAMS 0x0000000705200000, 0x0000000705200000| Untracked 
|  67|0x0000000705300000, 0x0000000705300000, 0x0000000705400000|  0%| F|  |TAMS 0x0000000705300000, 0x0000000705300000| Untracked 
|  68|0x0000000705400000, 0x0000000705400000, 0x0000000705500000|  0%| F|  |TAMS 0x0000000705400000, 0x0000000705400000| Untracked 
|  69|0x0000000705500000, 0x0000000705500000, 0x0000000705600000|  0%| F|  |TAMS 0x0000000705500000, 0x0000000705500000| Untracked 
|  70|0x0000000705600000, 0x0000000705600000, 0x0000000705700000|  0%| F|  |TAMS 0x0000000705600000, 0x0000000705600000| Untracked 
|  71|0x0000000705700000, 0x0000000705700000, 0x0000000705800000|  0%| F|  |TAMS 0x0000000705700000, 0x0000000705700000| Untracked 
|  72|0x0000000705800000, 0x0000000705800000, 0x0000000705900000|  0%| F|  |TAMS 0x0000000705800000, 0x0000000705800000| Untracked 
|  73|0x0000000705900000, 0x0000000705900000, 0x0000000705a00000|  0%| F|  |TAMS 0x0000000705900000, 0x0000000705900000| Untracked 
|  74|0x0000000705a00000, 0x0000000705a00000, 0x0000000705b00000|  0%| F|  |TAMS 0x0000000705a00000, 0x0000000705a00000| Untracked 
|  75|0x0000000705b00000, 0x0000000705b00000, 0x0000000705c00000|  0%| F|  |TAMS 0x0000000705b00000, 0x0000000705b00000| Untracked 
|  76|0x0000000705c00000, 0x0000000705c00000, 0x0000000705d00000|  0%| F|  |TAMS 0x0000000705c00000, 0x0000000705c00000| Untracked 
|  77|0x0000000705d00000, 0x0000000705d00000, 0x0000000705e00000|  0%| F|  |TAMS 0x0000000705d00000, 0x0000000705d00000| Untracked 
|  78|0x0000000705e00000, 0x0000000705e00000, 0x0000000705f00000|  0%| F|  |TAMS 0x0000000705e00000, 0x0000000705e00000| Untracked 
|  79|0x0000000705f00000, 0x0000000705f00000, 0x0000000706000000|  0%| F|  |TAMS 0x0000000705f00000, 0x0000000705f00000| Untracked 
|  80|0x0000000706000000, 0x0000000706000000, 0x0000000706100000|  0%| F|  |TAMS 0x0000000706000000, 0x0000000706000000| Untracked 
|  81|0x0000000706100000, 0x0000000706100000, 0x0000000706200000|  0%| F|  |TAMS 0x0000000706100000, 0x0000000706100000| Untracked 
|  82|0x0000000706200000, 0x0000000706200000, 0x0000000706300000|  0%| F|  |TAMS 0x0000000706200000, 0x0000000706200000| Untracked 
|  83|0x0000000706300000, 0x0000000706300000, 0x0000000706400000|  0%| F|  |TAMS 0x0000000706300000, 0x0000000706300000| Untracked 
|  84|0x0000000706400000, 0x0000000706400000, 0x0000000706500000|  0%| F|  |TAMS 0x0000000706400000, 0x0000000706400000| Untracked 
|  85|0x0000000706500000, 0x0000000706500000, 0x0000000706600000|  0%| F|  |TAMS 0x0000000706500000, 0x0000000706500000| Untracked 
|  86|0x0000000706600000, 0x0000000706600000, 0x0000000706700000|  0%| F|  |TAMS 0x0000000706600000, 0x0000000706600000| Untracked 
|  87|0x0000000706700000, 0x0000000706700000, 0x0000000706800000|  0%| F|  |TAMS 0x0000000706700000, 0x0000000706700000| Untracked 
|  88|0x0000000706800000, 0x0000000706800000, 0x0000000706900000|  0%| F|  |TAMS 0x0000000706800000, 0x0000000706800000| Untracked 
|  89|0x0000000706900000, 0x0000000706900000, 0x0000000706a00000|  0%| F|  |TAMS 0x0000000706900000, 0x0000000706900000| Untracked 
|  90|0x0000000706a00000, 0x0000000706a00000, 0x0000000706b00000|  0%| F|  |TAMS 0x0000000706a00000, 0x0000000706a00000| Untracked 
|  91|0x0000000706b00000, 0x0000000706b00000, 0x0000000706c00000|  0%| F|  |TAMS 0x0000000706b00000, 0x0000000706b00000| Untracked 
|  92|0x0000000706c00000, 0x0000000706c00000, 0x0000000706d00000|  0%| F|  |TAMS 0x0000000706c00000, 0x0000000706c00000| Untracked 
|  93|0x0000000706d00000, 0x0000000706d00000, 0x0000000706e00000|  0%| F|  |TAMS 0x0000000706d00000, 0x0000000706d00000| Untracked 
|  94|0x0000000706e00000, 0x0000000706e00000, 0x0000000706f00000|  0%| F|  |TAMS 0x0000000706e00000, 0x0000000706e00000| Untracked 
|  95|0x0000000706f00000, 0x0000000706f00000, 0x0000000707000000|  0%| F|  |TAMS 0x0000000706f00000, 0x0000000706f00000| Untracked 
|  96|0x0000000707000000, 0x0000000707000000, 0x0000000707100000|  0%| F|  |TAMS 0x0000000707000000, 0x0000000707000000| Untracked 
|  97|0x0000000707100000, 0x0000000707100000, 0x0000000707200000|  0%| F|  |TAMS 0x0000000707100000, 0x0000000707100000| Untracked 
|  98|0x0000000707200000, 0x0000000707200000, 0x0000000707300000|  0%| F|  |TAMS 0x0000000707200000, 0x0000000707200000| Untracked 
|  99|0x0000000707300000, 0x0000000707300000, 0x0000000707400000|  0%| F|  |TAMS 0x0000000707300000, 0x0000000707300000| Untracked 
| 100|0x0000000707400000, 0x0000000707400000, 0x0000000707500000|  0%| F|  |TAMS 0x0000000707400000, 0x0000000707400000| Untracked 
| 101|0x0000000707500000, 0x0000000707500000, 0x0000000707600000|  0%| F|  |TAMS 0x0000000707500000, 0x0000000707500000| Untracked 
| 102|0x0000000707600000, 0x0000000707600000, 0x0000000707700000|  0%| F|  |TAMS 0x0000000707600000, 0x0000000707600000| Untracked 
| 103|0x0000000707700000, 0x0000000707700000, 0x0000000707800000|  0%| F|  |TAMS 0x0000000707700000, 0x0000000707700000| Untracked 
| 104|0x0000000707800000, 0x0000000707800000, 0x0000000707900000|  0%| F|  |TAMS 0x0000000707800000, 0x0000000707800000| Untracked 
| 105|0x0000000707900000, 0x0000000707900000, 0x0000000707a00000|  0%| F|  |TAMS 0x0000000707900000, 0x0000000707900000| Untracked 
| 106|0x0000000707a00000, 0x0000000707a00000, 0x0000000707b00000|  0%| F|  |TAMS 0x0000000707a00000, 0x0000000707a00000| Untracked 
| 107|0x0000000707b00000, 0x0000000707b00000, 0x0000000707c00000|  0%| F|  |TAMS 0x0000000707b00000, 0x0000000707b00000| Untracked 
| 108|0x0000000707c00000, 0x0000000707c00000, 0x0000000707d00000|  0%| F|  |TAMS 0x0000000707c00000, 0x0000000707c00000| Untracked 
| 109|0x0000000707d00000, 0x0000000707d00000, 0x0000000707e00000|  0%| F|  |TAMS 0x0000000707d00000, 0x0000000707d00000| Untracked 
| 110|0x0000000707e00000, 0x0000000707e00000, 0x0000000707f00000|  0%| F|  |TAMS 0x0000000707e00000, 0x0000000707e00000| Untracked 
| 111|0x0000000707f00000, 0x0000000707f00000, 0x0000000708000000|  0%| F|  |TAMS 0x0000000707f00000, 0x0000000707f00000| Untracked 
| 112|0x0000000708000000, 0x0000000708000000, 0x0000000708100000|  0%| F|  |TAMS 0x0000000708000000, 0x0000000708000000| Untracked 
| 113|0x0000000708100000, 0x0000000708100000, 0x0000000708200000|  0%| F|  |TAMS 0x0000000708100000, 0x0000000708100000| Untracked 
| 114|0x0000000708200000, 0x0000000708200000, 0x0000000708300000|  0%| F|  |TAMS 0x0000000708200000, 0x0000000708200000| Untracked 
| 115|0x0000000708300000, 0x0000000708300000, 0x0000000708400000|  0%| F|  |TAMS 0x0000000708300000, 0x0000000708300000| Untracked 
| 116|0x0000000708400000, 0x0000000708400000, 0x0000000708500000|  0%| F|  |TAMS 0x0000000708400000, 0x0000000708400000| Untracked 
| 117|0x0000000708500000, 0x0000000708500000, 0x0000000708600000|  0%| F|  |TAMS 0x0000000708500000, 0x0000000708500000| Untracked 
| 118|0x0000000708600000, 0x0000000708600000, 0x0000000708700000|  0%| F|  |TAMS 0x0000000708600000, 0x0000000708600000| Untracked 
| 119|0x0000000708700000, 0x0000000708700000, 0x0000000708800000|  0%| F|  |TAMS 0x0000000708700000, 0x0000000708700000| Untracked 
| 120|0x0000000708800000, 0x0000000708800000, 0x0000000708900000|  0%| F|  |TAMS 0x0000000708800000, 0x0000000708800000| Untracked 
| 121|0x0000000708900000, 0x0000000708900000, 0x0000000708a00000|  0%| F|  |TAMS 0x0000000708900000, 0x0000000708900000| Untracked 
| 122|0x0000000708a00000, 0x0000000708a00000, 0x0000000708b00000|  0%| F|  |TAMS 0x0000000708a00000, 0x0000000708a00000| Untracked 
| 123|0x0000000708b00000, 0x0000000708b00000, 0x0000000708c00000|  0%| F|  |TAMS 0x0000000708b00000, 0x0000000708b00000| Untracked 
| 124|0x0000000708c00000, 0x0000000708c00000, 0x0000000708d00000|  0%| F|  |TAMS 0x0000000708c00000, 0x0000000708c00000| Untracked 
| 125|0x0000000708d00000, 0x0000000708d00000, 0x0000000708e00000|  0%| F|  |TAMS 0x0000000708d00000, 0x0000000708d00000| Untracked 
| 126|0x0000000708e00000, 0x0000000708e00000, 0x0000000708f00000|  0%| F|  |TAMS 0x0000000708e00000, 0x0000000708e00000| Untracked 
| 127|0x0000000708f00000, 0x0000000708f00000, 0x0000000709000000|  0%| F|  |TAMS 0x0000000708f00000, 0x0000000708f00000| Untracked 
| 128|0x0000000709000000, 0x0000000709000000, 0x0000000709100000|  0%| F|  |TAMS 0x0000000709000000, 0x0000000709000000| Untracked 
| 129|0x0000000709100000, 0x0000000709100000, 0x0000000709200000|  0%| F|  |TAMS 0x0000000709100000, 0x0000000709100000| Untracked 
| 130|0x0000000709200000, 0x0000000709200000, 0x0000000709300000|  0%| F|  |TAMS 0x0000000709200000, 0x0000000709200000| Untracked 
| 131|0x0000000709300000, 0x0000000709300000, 0x0000000709400000|  0%| F|  |TAMS 0x0000000709300000, 0x0000000709300000| Untracked 
| 132|0x0000000709400000, 0x0000000709400000, 0x0000000709500000|  0%| F|  |TAMS 0x0000000709400000, 0x0000000709400000| Untracked 
| 133|0x0000000709500000, 0x0000000709500000, 0x0000000709600000|  0%| F|  |TAMS 0x0000000709500000, 0x0000000709500000| Untracked 
| 134|0x0000000709600000, 0x0000000709600000, 0x0000000709700000|  0%| F|  |TAMS 0x0000000709600000, 0x0000000709600000| Untracked 
| 135|0x0000000709700000, 0x0000000709700000, 0x0000000709800000|  0%| F|  |TAMS 0x0000000709700000, 0x0000000709700000| Untracked 
| 136|0x0000000709800000, 0x0000000709800000, 0x0000000709900000|  0%| F|  |TAMS 0x0000000709800000, 0x0000000709800000| Untracked 
| 137|0x0000000709900000, 0x0000000709900000, 0x0000000709a00000|  0%| F|  |TAMS 0x0000000709900000, 0x0000000709900000| Untracked 
| 138|0x0000000709a00000, 0x0000000709a00000, 0x0000000709b00000|  0%| F|  |TAMS 0x0000000709a00000, 0x0000000709a00000| Untracked 
| 139|0x0000000709b00000, 0x0000000709b00000, 0x0000000709c00000|  0%| F|  |TAMS 0x0000000709b00000, 0x0000000709b00000| Untracked 
| 140|0x0000000709c00000, 0x0000000709c00000, 0x0000000709d00000|  0%| F|  |TAMS 0x0000000709c00000, 0x0000000709c00000| Untracked 
| 141|0x0000000709d00000, 0x0000000709d00000, 0x0000000709e00000|  0%| F|  |TAMS 0x0000000709d00000, 0x0000000709d00000| Untracked 
| 142|0x0000000709e00000, 0x0000000709e00000, 0x0000000709f00000|  0%| F|  |TAMS 0x0000000709e00000, 0x0000000709e00000| Untracked 
| 143|0x0000000709f00000, 0x0000000709f00000, 0x000000070a000000|  0%| F|  |TAMS 0x0000000709f00000, 0x0000000709f00000| Untracked 
| 144|0x000000070a000000, 0x000000070a000000, 0x000000070a100000|  0%| F|  |TAMS 0x000000070a000000, 0x000000070a000000| Untracked 
| 145|0x000000070a100000, 0x000000070a100000, 0x000000070a200000|  0%| F|  |TAMS 0x000000070a100000, 0x000000070a100000| Untracked 
| 146|0x000000070a200000, 0x000000070a200000, 0x000000070a300000|  0%| F|  |TAMS 0x000000070a200000, 0x000000070a200000| Untracked 
| 147|0x000000070a300000, 0x000000070a300000, 0x000000070a400000|  0%| F|  |TAMS 0x000000070a300000, 0x000000070a300000| Untracked 
| 148|0x000000070a400000, 0x000000070a400000, 0x000000070a500000|  0%| F|  |TAMS 0x000000070a400000, 0x000000070a400000| Untracked 
| 149|0x000000070a500000, 0x000000070a500000, 0x000000070a600000|  0%| F|  |TAMS 0x000000070a500000, 0x000000070a500000| Untracked 
| 150|0x000000070a600000, 0x000000070a600000, 0x000000070a700000|  0%| F|  |TAMS 0x000000070a600000, 0x000000070a600000| Untracked 
| 151|0x000000070a700000, 0x000000070a700000, 0x000000070a800000|  0%| F|  |TAMS 0x000000070a700000, 0x000000070a700000| Untracked 
| 152|0x000000070a800000, 0x000000070a800000, 0x000000070a900000|  0%| F|  |TAMS 0x000000070a800000, 0x000000070a800000| Untracked 
| 153|0x000000070a900000, 0x000000070a900000, 0x000000070aa00000|  0%| F|  |TAMS 0x000000070a900000, 0x000000070a900000| Untracked 
| 154|0x000000070aa00000, 0x000000070aa00000, 0x000000070ab00000|  0%| F|  |TAMS 0x000000070aa00000, 0x000000070aa00000| Untracked 
| 155|0x000000070ab00000, 0x000000070ab00000, 0x000000070ac00000|  0%| F|  |TAMS 0x000000070ab00000, 0x000000070ab00000| Untracked 
| 156|0x000000070ac00000, 0x000000070ac00000, 0x000000070ad00000|  0%| F|  |TAMS 0x000000070ac00000, 0x000000070ac00000| Untracked 
| 157|0x000000070ad00000, 0x000000070ad00000, 0x000000070ae00000|  0%| F|  |TAMS 0x000000070ad00000, 0x000000070ad00000| Untracked 
| 158|0x000000070ae00000, 0x000000070ae00000, 0x000000070af00000|  0%| F|  |TAMS 0x000000070ae00000, 0x000000070ae00000| Untracked 
| 159|0x000000070af00000, 0x000000070af00000, 0x000000070b000000|  0%| F|  |TAMS 0x000000070af00000, 0x000000070af00000| Untracked 
| 160|0x000000070b000000, 0x000000070b000000, 0x000000070b100000|  0%| F|  |TAMS 0x000000070b000000, 0x000000070b000000| Untracked 
| 161|0x000000070b100000, 0x000000070b100000, 0x000000070b200000|  0%| F|  |TAMS 0x000000070b100000, 0x000000070b100000| Untracked 
| 162|0x000000070b200000, 0x000000070b200000, 0x000000070b300000|  0%| F|  |TAMS 0x000000070b200000, 0x000000070b200000| Untracked 
| 163|0x000000070b300000, 0x000000070b300000, 0x000000070b400000|  0%| F|  |TAMS 0x000000070b300000, 0x000000070b300000| Untracked 
| 164|0x000000070b400000, 0x000000070b400000, 0x000000070b500000|  0%| F|  |TAMS 0x000000070b400000, 0x000000070b400000| Untracked 
| 165|0x000000070b500000, 0x000000070b500000, 0x000000070b600000|  0%| F|  |TAMS 0x000000070b500000, 0x000000070b500000| Untracked 
| 166|0x000000070b600000, 0x000000070b600000, 0x000000070b700000|  0%| F|  |TAMS 0x000000070b600000, 0x000000070b600000| Untracked 
| 167|0x000000070b700000, 0x000000070b700000, 0x000000070b800000|  0%| F|  |TAMS 0x000000070b700000, 0x000000070b700000| Untracked 
| 168|0x000000070b800000, 0x000000070b800000, 0x000000070b900000|  0%| F|  |TAMS 0x000000070b800000, 0x000000070b800000| Untracked 
| 169|0x000000070b900000, 0x000000070b900000, 0x000000070ba00000|  0%| F|  |TAMS 0x000000070b900000, 0x000000070b900000| Untracked 
| 170|0x000000070ba00000, 0x000000070ba00000, 0x000000070bb00000|  0%| F|  |TAMS 0x000000070ba00000, 0x000000070ba00000| Untracked 
| 171|0x000000070bb00000, 0x000000070bb00000, 0x000000070bc00000|  0%| F|  |TAMS 0x000000070bb00000, 0x000000070bb00000| Untracked 
| 172|0x000000070bc00000, 0x000000070bc00000, 0x000000070bd00000|  0%| F|  |TAMS 0x000000070bc00000, 0x000000070bc00000| Untracked 
| 173|0x000000070bd00000, 0x000000070bd00000, 0x000000070be00000|  0%| F|  |TAMS 0x000000070bd00000, 0x000000070bd00000| Untracked 
| 174|0x000000070be00000, 0x000000070be00000, 0x000000070bf00000|  0%| F|  |TAMS 0x000000070be00000, 0x000000070be00000| Untracked 
| 175|0x000000070bf00000, 0x000000070bf00000, 0x000000070c000000|  0%| F|  |TAMS 0x000000070bf00000, 0x000000070bf00000| Untracked 
| 176|0x000000070c000000, 0x000000070c000000, 0x000000070c100000|  0%| F|  |TAMS 0x000000070c000000, 0x000000070c000000| Untracked 
| 177|0x000000070c100000, 0x000000070c100000, 0x000000070c200000|  0%| F|  |TAMS 0x000000070c100000, 0x000000070c100000| Untracked 
| 178|0x000000070c200000, 0x000000070c200000, 0x000000070c300000|  0%| F|  |TAMS 0x000000070c200000, 0x000000070c200000| Untracked 
| 179|0x000000070c300000, 0x000000070c300000, 0x000000070c400000|  0%| F|  |TAMS 0x000000070c300000, 0x000000070c300000| Untracked 
| 180|0x000000070c400000, 0x000000070c400000, 0x000000070c500000|  0%| F|  |TAMS 0x000000070c400000, 0x000000070c400000| Untracked 
| 181|0x000000070c500000, 0x000000070c500000, 0x000000070c600000|  0%| F|  |TAMS 0x000000070c500000, 0x000000070c500000| Untracked 
| 182|0x000000070c600000, 0x000000070c600000, 0x000000070c700000|  0%| F|  |TAMS 0x000000070c600000, 0x000000070c600000| Untracked 
| 183|0x000000070c700000, 0x000000070c700000, 0x000000070c800000|  0%| F|  |TAMS 0x000000070c700000, 0x000000070c700000| Untracked 
| 184|0x000000070c800000, 0x000000070c800000, 0x000000070c900000|  0%| F|  |TAMS 0x000000070c800000, 0x000000070c800000| Untracked 
| 185|0x000000070c900000, 0x000000070c900000, 0x000000070ca00000|  0%| F|  |TAMS 0x000000070c900000, 0x000000070c900000| Untracked 
| 186|0x000000070ca00000, 0x000000070ca00000, 0x000000070cb00000|  0%| F|  |TAMS 0x000000070ca00000, 0x000000070ca00000| Untracked 
| 187|0x000000070cb00000, 0x000000070cb00000, 0x000000070cc00000|  0%| F|  |TAMS 0x000000070cb00000, 0x000000070cb00000| Untracked 
| 188|0x000000070cc00000, 0x000000070cc00000, 0x000000070cd00000|  0%| F|  |TAMS 0x000000070cc00000, 0x000000070cc00000| Untracked 
| 189|0x000000070cd00000, 0x000000070cd00000, 0x000000070ce00000|  0%| F|  |TAMS 0x000000070cd00000, 0x000000070cd00000| Untracked 
| 190|0x000000070ce00000, 0x000000070ce00000, 0x000000070cf00000|  0%| F|  |TAMS 0x000000070ce00000, 0x000000070ce00000| Untracked 
| 191|0x000000070cf00000, 0x000000070cf00000, 0x000000070d000000|  0%| F|  |TAMS 0x000000070cf00000, 0x000000070cf00000| Untracked 
| 192|0x000000070d000000, 0x000000070d000000, 0x000000070d100000|  0%| F|  |TAMS 0x000000070d000000, 0x000000070d000000| Untracked 
| 193|0x000000070d100000, 0x000000070d100000, 0x000000070d200000|  0%| F|  |TAMS 0x000000070d100000, 0x000000070d100000| Untracked 
| 194|0x000000070d200000, 0x000000070d200000, 0x000000070d300000|  0%| F|  |TAMS 0x000000070d200000, 0x000000070d200000| Untracked 
| 195|0x000000070d300000, 0x000000070d300000, 0x000000070d400000|  0%| F|  |TAMS 0x000000070d300000, 0x000000070d300000| Untracked 
| 196|0x000000070d400000, 0x000000070d400000, 0x000000070d500000|  0%| F|  |TAMS 0x000000070d400000, 0x000000070d400000| Untracked 
| 197|0x000000070d500000, 0x000000070d500000, 0x000000070d600000|  0%| F|  |TAMS 0x000000070d500000, 0x000000070d500000| Untracked 
| 198|0x000000070d600000, 0x000000070d600000, 0x000000070d700000|  0%| F|  |TAMS 0x000000070d600000, 0x000000070d600000| Untracked 
| 199|0x000000070d700000, 0x000000070d700000, 0x000000070d800000|  0%| F|  |TAMS 0x000000070d700000, 0x000000070d700000| Untracked 
| 200|0x000000070d800000, 0x000000070d800000, 0x000000070d900000|  0%| F|  |TAMS 0x000000070d800000, 0x000000070d800000| Untracked 
| 201|0x000000070d900000, 0x000000070d900000, 0x000000070da00000|  0%| F|  |TAMS 0x000000070d900000, 0x000000070d900000| Untracked 
| 202|0x000000070da00000, 0x000000070da00000, 0x000000070db00000|  0%| F|  |TAMS 0x000000070da00000, 0x000000070da00000| Untracked 
| 203|0x000000070db00000, 0x000000070db00000, 0x000000070dc00000|  0%| F|  |TAMS 0x000000070db00000, 0x000000070db00000| Untracked 
| 204|0x000000070dc00000, 0x000000070dc00000, 0x000000070dd00000|  0%| F|  |TAMS 0x000000070dc00000, 0x000000070dc00000| Untracked 
| 205|0x000000070dd00000, 0x000000070dd00000, 0x000000070de00000|  0%| F|  |TAMS 0x000000070dd00000, 0x000000070dd00000| Untracked 
| 206|0x000000070de00000, 0x000000070de00000, 0x000000070df00000|  0%| F|  |TAMS 0x000000070de00000, 0x000000070de00000| Untracked 
| 207|0x000000070df00000, 0x000000070df00000, 0x000000070e000000|  0%| F|  |TAMS 0x000000070df00000, 0x000000070df00000| Untracked 
| 208|0x000000070e000000, 0x000000070e000000, 0x000000070e100000|  0%| F|  |TAMS 0x000000070e000000, 0x000000070e000000| Untracked 
| 209|0x000000070e100000, 0x000000070e100000, 0x000000070e200000|  0%| F|  |TAMS 0x000000070e100000, 0x000000070e100000| Untracked 
| 210|0x000000070e200000, 0x000000070e200000, 0x000000070e300000|  0%| F|  |TAMS 0x000000070e200000, 0x000000070e200000| Untracked 
| 211|0x000000070e300000, 0x000000070e300000, 0x000000070e400000|  0%| F|  |TAMS 0x000000070e300000, 0x000000070e300000| Untracked 
| 212|0x000000070e400000, 0x000000070e400000, 0x000000070e500000|  0%| F|  |TAMS 0x000000070e400000, 0x000000070e400000| Untracked 
| 213|0x000000070e500000, 0x000000070e500000, 0x000000070e600000|  0%| F|  |TAMS 0x000000070e500000, 0x000000070e500000| Untracked 
| 214|0x000000070e600000, 0x000000070e600000, 0x000000070e700000|  0%| F|  |TAMS 0x000000070e600000, 0x000000070e600000| Untracked 
| 215|0x000000070e700000, 0x000000070e700000, 0x000000070e800000|  0%| F|  |TAMS 0x000000070e700000, 0x000000070e700000| Untracked 
| 216|0x000000070e800000, 0x000000070e800000, 0x000000070e900000|  0%| F|  |TAMS 0x000000070e800000, 0x000000070e800000| Untracked 
| 217|0x000000070e900000, 0x000000070e900000, 0x000000070ea00000|  0%| F|  |TAMS 0x000000070e900000, 0x000000070e900000| Untracked 
| 218|0x000000070ea00000, 0x000000070ea00000, 0x000000070eb00000|  0%| F|  |TAMS 0x000000070ea00000, 0x000000070ea00000| Untracked 
| 219|0x000000070eb00000, 0x000000070eb00000, 0x000000070ec00000|  0%| F|  |TAMS 0x000000070eb00000, 0x000000070eb00000| Untracked 
| 220|0x000000070ec00000, 0x000000070ec00000, 0x000000070ed00000|  0%| F|  |TAMS 0x000000070ec00000, 0x000000070ec00000| Untracked 
| 221|0x000000070ed00000, 0x000000070ed00000, 0x000000070ee00000|  0%| F|  |TAMS 0x000000070ed00000, 0x000000070ed00000| Untracked 
| 222|0x000000070ee00000, 0x000000070ee00000, 0x000000070ef00000|  0%| F|  |TAMS 0x000000070ee00000, 0x000000070ee00000| Untracked 
| 223|0x000000070ef00000, 0x000000070ef00000, 0x000000070f000000|  0%| F|  |TAMS 0x000000070ef00000, 0x000000070ef00000| Untracked 
| 224|0x000000070f000000, 0x000000070f000000, 0x000000070f100000|  0%| F|  |TAMS 0x000000070f000000, 0x000000070f000000| Untracked 
| 225|0x000000070f100000, 0x000000070f100000, 0x000000070f200000|  0%| F|  |TAMS 0x000000070f100000, 0x000000070f100000| Untracked 
| 226|0x000000070f200000, 0x000000070f200000, 0x000000070f300000|  0%| F|  |TAMS 0x000000070f200000, 0x000000070f200000| Untracked 
| 227|0x000000070f300000, 0x000000070f300000, 0x000000070f400000|  0%| F|  |TAMS 0x000000070f300000, 0x000000070f300000| Untracked 
| 228|0x000000070f400000, 0x000000070f400000, 0x000000070f500000|  0%| F|  |TAMS 0x000000070f400000, 0x000000070f400000| Untracked 
| 229|0x000000070f500000, 0x000000070f500000, 0x000000070f600000|  0%| F|  |TAMS 0x000000070f500000, 0x000000070f500000| Untracked 
| 230|0x000000070f600000, 0x000000070f600000, 0x000000070f700000|  0%| F|  |TAMS 0x000000070f600000, 0x000000070f600000| Untracked 
| 231|0x000000070f700000, 0x000000070f700000, 0x000000070f800000|  0%| F|  |TAMS 0x000000070f700000, 0x000000070f700000| Untracked 
| 232|0x000000070f800000, 0x000000070f800000, 0x000000070f900000|  0%| F|  |TAMS 0x000000070f800000, 0x000000070f800000| Untracked 
| 233|0x000000070f900000, 0x000000070f900000, 0x000000070fa00000|  0%| F|  |TAMS 0x000000070f900000, 0x000000070f900000| Untracked 
| 234|0x000000070fa00000, 0x000000070fa00000, 0x000000070fb00000|  0%| F|  |TAMS 0x000000070fa00000, 0x000000070fa00000| Untracked 
| 235|0x000000070fb00000, 0x000000070fb00000, 0x000000070fc00000|  0%| F|  |TAMS 0x000000070fb00000, 0x000000070fb00000| Untracked 
| 236|0x000000070fc00000, 0x000000070fc00000, 0x000000070fd00000|  0%| F|  |TAMS 0x000000070fc00000, 0x000000070fc00000| Untracked 
| 237|0x000000070fd00000, 0x000000070fd00000, 0x000000070fe00000|  0%| F|  |TAMS 0x000000070fd00000, 0x000000070fd00000| Untracked 
| 238|0x000000070fe00000, 0x000000070fe80eb8, 0x000000070ff00000| 50%| E|  |TAMS 0x000000070fe00000, 0x000000070fe00000| Complete 
| 239|0x000000070ff00000, 0x0000000710000000, 0x0000000710000000|100%| E|CS|TAMS 0x000000070ff00000, 0x000000070ff00000| Complete 
| 240|0x0000000710000000, 0x0000000710100000, 0x0000000710100000|100%| E|CS|TAMS 0x0000000710000000, 0x0000000710000000| Complete 
| 241|0x0000000710100000, 0x0000000710200000, 0x0000000710200000|100%| E|CS|TAMS 0x0000000710100000, 0x0000000710100000| Complete 
| 242|0x0000000710200000, 0x0000000710300000, 0x0000000710300000|100%| E|CS|TAMS 0x0000000710200000, 0x0000000710200000| Complete 
| 243|0x0000000710300000, 0x0000000710400000, 0x0000000710400000|100%| E|CS|TAMS 0x0000000710300000, 0x0000000710300000| Complete 
| 244|0x0000000710400000, 0x0000000710500000, 0x0000000710500000|100%| E|CS|TAMS 0x0000000710400000, 0x0000000710400000| Complete 
| 245|0x0000000710500000, 0x0000000710600000, 0x0000000710600000|100%| E|CS|TAMS 0x0000000710500000, 0x0000000710500000| Complete 
| 246|0x0000000710600000, 0x0000000710700000, 0x0000000710700000|100%| E|CS|TAMS 0x0000000710600000, 0x0000000710600000| Complete 
| 247|0x0000000710700000, 0x0000000710800000, 0x0000000710800000|100%| E|CS|TAMS 0x0000000710700000, 0x0000000710700000| Complete 
| 248|0x0000000710800000, 0x0000000710900000, 0x0000000710900000|100%| E|CS|TAMS 0x0000000710800000, 0x0000000710800000| Complete 
| 249|0x0000000710900000, 0x0000000710a00000, 0x0000000710a00000|100%| E|CS|TAMS 0x0000000710900000, 0x0000000710900000| Complete 
| 250|0x0000000710a00000, 0x0000000710b00000, 0x0000000710b00000|100%| E|CS|TAMS 0x0000000710a00000, 0x0000000710a00000| Complete 
| 251|0x0000000710b00000, 0x0000000710c00000, 0x0000000710c00000|100%| E|CS|TAMS 0x0000000710b00000, 0x0000000710b00000| Complete 
| 252|0x0000000710c00000, 0x0000000710c48d20, 0x0000000710d00000| 28%| S|CS|TAMS 0x0000000710c00000, 0x0000000710c00000| Complete 
| 253|0x0000000710d00000, 0x0000000710e00000, 0x0000000710e00000|100%| S|CS|TAMS 0x0000000710d00000, 0x0000000710d00000| Complete 
| 254|0x0000000710e00000, 0x0000000710f00000, 0x0000000710f00000|100%| S|CS|TAMS 0x0000000710e00000, 0x0000000710e00000| Complete 
| 255|0x0000000710f00000, 0x0000000711000000, 0x0000000711000000|100%| S|CS|TAMS 0x0000000710f00000, 0x0000000710f00000| Complete 
| 256|0x0000000711000000, 0x0000000711100000, 0x0000000711100000|100%| S|CS|TAMS 0x0000000711000000, 0x0000000711000000| Complete 
| 257|0x0000000711100000, 0x0000000711200000, 0x0000000711200000|100%| S|CS|TAMS 0x0000000711100000, 0x0000000711100000| Complete 
| 258|0x0000000711200000, 0x0000000711300000, 0x0000000711300000|100%| S|CS|TAMS 0x0000000711200000, 0x0000000711200000| Complete 
| 259|0x0000000711300000, 0x0000000711400000, 0x0000000711400000|100%| S|CS|TAMS 0x0000000711300000, 0x0000000711300000| Complete 
| 260|0x0000000711400000, 0x0000000711500000, 0x0000000711500000|100%| S|CS|TAMS 0x0000000711400000, 0x0000000711400000| Complete 
| 261|0x0000000711500000, 0x0000000711600000, 0x0000000711600000|100%| E|CS|TAMS 0x0000000711500000, 0x0000000711500000| Complete 
| 262|0x0000000711600000, 0x0000000711700000, 0x0000000711700000|100%| E|CS|TAMS 0x0000000711600000, 0x0000000711600000| Complete 
| 263|0x0000000711700000, 0x0000000711800000, 0x0000000711800000|100%| E|CS|TAMS 0x0000000711700000, 0x0000000711700000| Complete 
| 264|0x0000000711800000, 0x0000000711900000, 0x0000000711900000|100%| E|CS|TAMS 0x0000000711800000, 0x0000000711800000| Complete 
| 265|0x0000000711900000, 0x0000000711a00000, 0x0000000711a00000|100%| E|CS|TAMS 0x0000000711900000, 0x0000000711900000| Complete 
| 266|0x0000000711a00000, 0x0000000711b00000, 0x0000000711b00000|100%| E|CS|TAMS 0x0000000711a00000, 0x0000000711a00000| Complete 
| 267|0x0000000711b00000, 0x0000000711c00000, 0x0000000711c00000|100%| E|CS|TAMS 0x0000000711b00000, 0x0000000711b00000| Complete 
| 268|0x0000000711c00000, 0x0000000711d00000, 0x0000000711d00000|100%| E|CS|TAMS 0x0000000711c00000, 0x0000000711c00000| Complete 
| 269|0x0000000711d00000, 0x0000000711e00000, 0x0000000711e00000|100%| E|CS|TAMS 0x0000000711d00000, 0x0000000711d00000| Complete 
| 270|0x0000000711e00000, 0x0000000711f00000, 0x0000000711f00000|100%| E|CS|TAMS 0x0000000711e00000, 0x0000000711e00000| Complete 
| 271|0x0000000711f00000, 0x0000000712000000, 0x0000000712000000|100%| E|CS|TAMS 0x0000000711f00000, 0x0000000711f00000| Complete 
| 272|0x0000000712000000, 0x0000000712100000, 0x0000000712100000|100%| E|CS|TAMS 0x0000000712000000, 0x0000000712000000| Complete 
| 273|0x0000000712100000, 0x0000000712200000, 0x0000000712200000|100%| E|CS|TAMS 0x0000000712100000, 0x0000000712100000| Complete 
| 274|0x0000000712200000, 0x0000000712300000, 0x0000000712300000|100%| E|CS|TAMS 0x0000000712200000, 0x0000000712200000| Complete 
| 275|0x0000000712300000, 0x0000000712400000, 0x0000000712400000|100%| E|CS|TAMS 0x0000000712300000, 0x0000000712300000| Complete 
| 276|0x0000000712400000, 0x0000000712500000, 0x0000000712500000|100%| E|CS|TAMS 0x0000000712400000, 0x0000000712400000| Complete 
| 277|0x0000000712500000, 0x0000000712600000, 0x0000000712600000|100%| E|CS|TAMS 0x0000000712500000, 0x0000000712500000| Complete 
| 278|0x0000000712600000, 0x0000000712700000, 0x0000000712700000|100%| E|CS|TAMS 0x0000000712600000, 0x0000000712600000| Complete 
| 279|0x0000000712700000, 0x0000000712800000, 0x0000000712800000|100%| E|CS|TAMS 0x0000000712700000, 0x0000000712700000| Complete 
| 280|0x0000000712800000, 0x0000000712900000, 0x0000000712900000|100%| E|CS|TAMS 0x0000000712800000, 0x0000000712800000| Complete 
| 281|0x0000000712900000, 0x0000000712a00000, 0x0000000712a00000|100%| E|CS|TAMS 0x0000000712900000, 0x0000000712900000| Complete 
| 282|0x0000000712a00000, 0x0000000712b00000, 0x0000000712b00000|100%| E|CS|TAMS 0x0000000712a00000, 0x0000000712a00000| Complete 
| 283|0x0000000712b00000, 0x0000000712c00000, 0x0000000712c00000|100%| E|CS|TAMS 0x0000000712b00000, 0x0000000712b00000| Complete 
| 284|0x0000000712c00000, 0x0000000712d00000, 0x0000000712d00000|100%| E|CS|TAMS 0x0000000712c00000, 0x0000000712c00000| Complete 
| 285|0x0000000712d00000, 0x0000000712e00000, 0x0000000712e00000|100%| E|CS|TAMS 0x0000000712d00000, 0x0000000712d00000| Complete 
| 286|0x0000000712e00000, 0x0000000712f00000, 0x0000000712f00000|100%| E|CS|TAMS 0x0000000712e00000, 0x0000000712e00000| Complete 
| 287|0x0000000712f00000, 0x0000000713000000, 0x0000000713000000|100%| E|CS|TAMS 0x0000000712f00000, 0x0000000712f00000| Complete 
| 288|0x0000000713000000, 0x0000000713100000, 0x0000000713100000|100%| E|CS|TAMS 0x0000000713000000, 0x0000000713000000| Complete 
| 289|0x0000000713100000, 0x0000000713200000, 0x0000000713200000|100%| E|CS|TAMS 0x0000000713100000, 0x0000000713100000| Complete 
| 290|0x0000000713200000, 0x0000000713300000, 0x0000000713300000|100%| E|CS|TAMS 0x0000000713200000, 0x0000000713200000| Complete 
| 291|0x0000000713300000, 0x0000000713400000, 0x0000000713400000|100%| E|CS|TAMS 0x0000000713300000, 0x0000000713300000| Complete 
| 292|0x0000000713400000, 0x0000000713500000, 0x0000000713500000|100%| E|CS|TAMS 0x0000000713400000, 0x0000000713400000| Complete 
| 293|0x0000000713500000, 0x0000000713600000, 0x0000000713600000|100%| E|CS|TAMS 0x0000000713500000, 0x0000000713500000| Complete 
| 294|0x0000000713600000, 0x0000000713700000, 0x0000000713700000|100%| E|CS|TAMS 0x0000000713600000, 0x0000000713600000| Complete 
| 295|0x0000000713700000, 0x0000000713800000, 0x0000000713800000|100%| E|CS|TAMS 0x0000000713700000, 0x0000000713700000| Complete 
| 296|0x0000000713800000, 0x0000000713900000, 0x0000000713900000|100%| E|CS|TAMS 0x0000000713800000, 0x0000000713800000| Complete 
| 297|0x0000000713900000, 0x0000000713a00000, 0x0000000713a00000|100%| E|CS|TAMS 0x0000000713900000, 0x0000000713900000| Complete 
| 298|0x0000000713a00000, 0x0000000713b00000, 0x0000000713b00000|100%| E|CS|TAMS 0x0000000713a00000, 0x0000000713a00000| Complete 
| 299|0x0000000713b00000, 0x0000000713c00000, 0x0000000713c00000|100%| E|CS|TAMS 0x0000000713b00000, 0x0000000713b00000| Complete 
| 300|0x0000000713c00000, 0x0000000713d00000, 0x0000000713d00000|100%| E|CS|TAMS 0x0000000713c00000, 0x0000000713c00000| Complete 
| 301|0x0000000713d00000, 0x0000000713e00000, 0x0000000713e00000|100%| E|CS|TAMS 0x0000000713d00000, 0x0000000713d00000| Complete 
| 302|0x0000000713e00000, 0x0000000713f00000, 0x0000000713f00000|100%| E|CS|TAMS 0x0000000713e00000, 0x0000000713e00000| Complete 
| 303|0x0000000713f00000, 0x0000000714000000, 0x0000000714000000|100%| E|CS|TAMS 0x0000000713f00000, 0x0000000713f00000| Complete 
| 304|0x0000000714000000, 0x0000000714100000, 0x0000000714100000|100%| E|CS|TAMS 0x0000000714000000, 0x0000000714000000| Complete 
| 305|0x0000000714100000, 0x0000000714200000, 0x0000000714200000|100%| E|CS|TAMS 0x0000000714100000, 0x0000000714100000| Complete 
| 306|0x0000000714200000, 0x0000000714300000, 0x0000000714300000|100%| E|CS|TAMS 0x0000000714200000, 0x0000000714200000| Complete 
| 307|0x0000000714300000, 0x0000000714400000, 0x0000000714400000|100%| E|CS|TAMS 0x0000000714300000, 0x0000000714300000| Complete 

Card table byte_map: [0x000001ebf0730000,0x000001ebf0f30000] _byte_map_base: 0x000001ebecf28000

Marking Bits (Prev, Next): (CMBitMap*) 0x000001ebdc7d0660, (CMBitMap*) 0x000001ebdc7d0628
 Prev Bits: [0x000001ebf56f0000, 0x000001ebf96b0000)
 Next Bits: [0x000001ebf1730000, 0x000001ebf56f0000)

Polling page: 0x000001ebdc850000

Metaspace:

Usage:
  Non-class:     55.89 MB capacity,    55.37 MB (>99%) used,   429.14 KB ( <1%) free+waste,   105.88 KB ( <1%) overhead. 
      Class:      7.34 MB capacity,     7.05 MB ( 96%) used,   255.90 KB (  3%) free+waste,    45.81 KB ( <1%) overhead. 
       Both:     63.24 MB capacity,    62.42 MB ( 99%) used,   685.04 KB (  1%) free+waste,   151.69 KB ( <1%) overhead. 

Virtual space:
  Non-class space:       58.00 MB reserved,      56.09 MB ( 97%) committed 
      Class space:        1.00 GB reserved,       7.37 MB ( <1%) committed 
             Both:        1.06 GB reserved,      63.46 MB (  6%) committed 

Chunk freelists:
   Non-Class:  12.00 KB
       Class:  2.00 KB
        Both:  14.00 KB

MaxMetaspaceSize: 17179869184.00 GB
CompressedClassSpaceSize: 1.00 GB

CodeHeap 'non-profiled nmethods': size=120000Kb used=4229Kb max_used=4229Kb free=115770Kb
 bounds [0x000001ebe7d60000, 0x000001ebe8190000, 0x000001ebef290000]
CodeHeap 'profiled nmethods': size=120000Kb used=20957Kb max_used=20957Kb free=99042Kb
 bounds [0x000001ebe0830000, 0x000001ebe1cb0000, 0x000001ebe7d60000]
CodeHeap 'non-nmethods': size=5760Kb used=1232Kb max_used=1285Kb free=4527Kb
 bounds [0x000001ebe0290000, 0x000001ebe0500000, 0x000001ebe0830000]
 total_blobs=9132 nmethods=8552 adapters=488
 compilation: enabled
              stopped_count=0, restarted_count=0
 full_count=0

Compilation events (20 events):
Event: 7.163 Thread 0x000001ebfcd6f000 nmethod 8648 0x000001ebe8181190 code [0x000001ebe8181340, 0x000001ebe81813f8]
Event: 7.164 Thread 0x000001ebfcd6f000 8649       2       org.jetbrains.kotlin.types.expressions.KotlinTypeInfo::replaceType (21 bytes)
Event: 7.164 Thread 0x000001ebfcd6f000 nmethod 8649 0x000001ebe1c9bc90 code [0x000001ebe1c9be40, 0x000001ebe1c9bfe8]
Event: 7.164 Thread 0x000001ebfcd6f000 8650       2       org.jetbrains.kotlin.resolve.calls.model.ResolutionAtomsKt::getFreshReturnType (38 bytes)
Event: 7.165 Thread 0x000001ebfcd6f000 nmethod 8650 0x000001ebe1c9c090 code [0x000001ebe1c9c360, 0x000001ebe1c9ca68]
Event: 7.165 Thread 0x000001ebfcd6f000 8655       2       org.jetbrains.kotlin.resolve.calls.model.ResolvedCallArgument$SimpleArgument::getArguments (8 bytes)
Event: 7.166 Thread 0x000001ebfcd6f000 nmethod 8655 0x000001ebe1c9cf10 code [0x000001ebe1c9d0c0, 0x000001ebe1c9d2c8]
Event: 7.166 Thread 0x000001ebfcd6f000 8651       2       org.jetbrains.kotlin.resolve.calls.model.SingleCallResolutionResult::<init> (32 bytes)
Event: 7.167 Thread 0x000001ebfcd6f000 nmethod 8651 0x000001ebe1c9d390 code [0x000001ebe1c9d680, 0x000001ebe1c9e098]
Event: 7.167 Thread 0x000001ebfcd6f000 8652       2       org.jetbrains.kotlin.resolve.calls.model.CallResolutionResult::<init> (8 bytes)
Event: 7.168 Thread 0x000001ebfcd6f000 nmethod 8652 0x000001ebe1c9e690 code [0x000001ebe1c9e8a0, 0x000001ebe1c9ed58]
Event: 7.168 Thread 0x000001ebfcd6f000 8653       2       org.jetbrains.kotlin.resolve.calls.model.CallResolutionResult::<init> (26 bytes)
Event: 7.168 Thread 0x000001ebfcd6f000 nmethod 8653 0x000001ebe1c9f010 code [0x000001ebe1c9f220, 0x000001ebe1c9f6d8]
Event: 7.168 Thread 0x000001ebfcd6f000 8654       2       org.jetbrains.kotlin.resolve.calls.model.CallResolutionResult::setAnalyzedResults (12 bytes)
Event: 7.169 Thread 0x000001ebfcd6f000 nmethod 8654 0x000001ebe1c9f910 code [0x000001ebe1c9fb00, 0x000001ebe1c9fdc8]
Event: 7.169 Thread 0x000001ebfcd6f000 8656       2       org.jetbrains.kotlin.resolve.calls.CallResolver$ResolutionTask::<init> (8 bytes)
Event: 7.169 Thread 0x000001ebfcd6f000 nmethod 8656 0x000001ebe1c9ff90 code [0x000001ebe1ca0160, 0x000001ebe1ca03e8]
Event: 7.169 Thread 0x000001ebfcd6f000 8657       2       org.jetbrains.kotlin.resolve.calls.CallResolver$ResolutionTask::<init> (28 bytes)
Event: 7.170 Thread 0x000001ebfcd6f000 nmethod 8657 0x000001ebe1ca0510 code [0x000001ebe1ca0740, 0x000001ebe1ca0e78]
Event: 7.170 Thread 0x000001ebfcd6f000 8658       2       org.jetbrains.kotlin.resolve.calls.CallResolver::doResolveCallOrGetCachedResults (379 bytes)

GC Heap History (16 events):
Event: 0.423 GC heap before
{Heap before GC invocations=0 (full 0):
 garbage-first heap   total 262144K, used 27648K [0x0000000701000000, 0x0000000800000000)
  region size 1024K, 24 young (24576K), 0 survivors (0K)
 Metaspace       used 12185K, capacity 12341K, committed 12544K, reserved 1060864K
  class space    used 1141K, capacity 1174K, committed 1280K, reserved 1048576K
}
Event: 0.425 GC heap after
{Heap after GC invocations=1 (full 0):
 garbage-first heap   total 262144K, used 5838K [0x0000000701000000, 0x0000000800000000)
  region size 1024K, 3 young (3072K), 3 survivors (3072K)
 Metaspace       used 12185K, capacity 12341K, committed 12544K, reserved 1060864K
  class space    used 1141K, capacity 1174K, committed 1280K, reserved 1048576K
}
Event: 0.875 GC heap before
{Heap before GC invocations=1 (full 0):
 garbage-first heap   total 262144K, used 43726K [0x0000000701000000, 0x0000000800000000)
  region size 1024K, 41 young (41984K), 3 survivors (3072K)
 Metaspace       used 20990K, capacity 21180K, committed 21248K, reserved 1069056K
  class space    used 2209K, capacity 2291K, committed 2304K, reserved 1048576K
}
Event: 0.884 GC heap after
{Heap after GC invocations=2 (full 0):
 garbage-first heap   total 262144K, used 9987K [0x0000000701000000, 0x0000000800000000)
  region size 1024K, 7 young (7168K), 7 survivors (7168K)
 Metaspace       used 20990K, capacity 21180K, committed 21248K, reserved 1069056K
  class space    used 2209K, capacity 2291K, committed 2304K, reserved 1048576K
}
Event: 1.655 GC heap before
{Heap before GC invocations=3 (full 0):
 garbage-first heap   total 262144K, used 70403K [0x0000000701000000, 0x0000000800000000)
  region size 1024K, 58 young (59392K), 7 survivors (7168K)
 Metaspace       used 30637K, capacity 31082K, committed 31228K, reserved 1077248K
  class space    used 3596K, capacity 3773K, committed 3836K, reserved 1048576K
}
Event: 1.668 GC heap after
{Heap after GC invocations=4 (full 0):
 garbage-first heap   total 262144K, used 22515K [0x0000000701000000, 0x0000000800000000)
  region size 1024K, 8 young (8192K), 8 survivors (8192K)
 Metaspace       used 30637K, capacity 31082K, committed 31228K, reserved 1077248K
  class space    used 3596K, capacity 3773K, committed 3836K, reserved 1048576K
}
Event: 1.954 GC heap before
{Heap before GC invocations=4 (full 0):
 garbage-first heap   total 262144K, used 44019K [0x0000000701000000, 0x0000000800000000)
  region size 1024K, 25 young (25600K), 8 survivors (8192K)
 Metaspace       used 34573K, capacity 35002K, committed 35196K, reserved 1079296K
  class space    used 4229K, capacity 4416K, committed 4476K, reserved 1048576K
}
Event: 1.961 GC heap after
{Heap after GC invocations=5 (full 0):
 garbage-first heap   total 262144K, used 26907K [0x0000000701000000, 0x0000000800000000)
  region size 1024K, 2 young (2048K), 2 survivors (2048K)
 Metaspace       used 34573K, capacity 35002K, committed 35196K, reserved 1079296K
  class space    used 4229K, capacity 4416K, committed 4476K, reserved 1048576K
}
Event: 2.038 GC heap before
{Heap before GC invocations=5 (full 0):
 garbage-first heap   total 262144K, used 33051K [0x0000000701000000, 0x0000000800000000)
  region size 1024K, 9 young (9216K), 2 survivors (2048K)
 Metaspace       used 35395K, capacity 35782K, committed 36048K, reserved 1081344K
  class space    used 4304K, capacity 4484K, committed 4604K, reserved 1048576K
}
Event: 2.040 GC heap after
{Heap after GC invocations=6 (full 0):
 garbage-first heap   total 262144K, used 24859K [0x0000000701000000, 0x0000000800000000)
  region size 1024K, 2 young (2048K), 2 survivors (2048K)
 Metaspace       used 35395K, capacity 35782K, committed 36048K, reserved 1081344K
  class space    used 4304K, capacity 4484K, committed 4604K, reserved 1048576K
}
Event: 3.073 GC heap before
{Heap before GC invocations=7 (full 0):
 garbage-first heap   total 262144K, used 92443K [0x0000000701000000, 0x0000000800000000)
  region size 1024K, 66 young (67584K), 2 survivors (2048K)
 Metaspace       used 48301K, capacity 48952K, committed 49232K, reserved 1093632K
  class space    used 5627K, capacity 5881K, committed 6012K, reserved 1048576K
}
Event: 3.081 GC heap after
{Heap after GC invocations=8 (full 0):
 garbage-first heap   total 262144K, used 33784K [0x0000000701000000, 0x0000000800000000)
  region size 1024K, 9 young (9216K), 9 survivors (9216K)
 Metaspace       used 48301K, capacity 48952K, committed 49232K, reserved 1093632K
  class space    used 5627K, capacity 5881K, committed 6012K, reserved 1048576K
}
Event: 4.166 GC heap before
{Heap before GC invocations=8 (full 0):
 garbage-first heap   total 262144K, used 125944K [0x0000000701000000, 0x0000000800000000)
  region size 1024K, 98 young (100352K), 9 survivors (9216K)
 Metaspace       used 57032K, capacity 57684K, committed 57808K, reserved 1099776K
  class space    used 6589K, capacity 6850K, committed 6908K, reserved 1048576K
}
Event: 4.182 GC heap after
{Heap after GC invocations=9 (full 0):
 garbage-first heap   total 315392K, used 45197K [0x0000000701000000, 0x0000000800000000)
  region size 1024K, 12 young (12288K), 12 survivors (12288K)
 Metaspace       used 57032K, capacity 57684K, committed 57808K, reserved 1099776K
  class space    used 6589K, capacity 6850K, committed 6908K, reserved 1048576K
}
Event: 5.094 GC heap before
{Heap before GC invocations=9 (full 0):
 garbage-first heap   total 315392K, used 92301K [0x0000000701000000, 0x0000000800000000)
  region size 1024K, 59 young (60416K), 12 survivors (12288K)
 Metaspace       used 59733K, capacity 60399K, committed 60508K, reserved 1103872K
  class space    used 6815K, capacity 7087K, committed 7164K, reserved 1048576K
}
Event: 5.151 GC heap after
{Heap after GC invocations=10 (full 0):
 garbage-first heap   total 315392K, used 53710K [0x0000000701000000, 0x0000000800000000)
  region size 1024K, 9 young (9216K), 9 survivors (9216K)
 Metaspace       used 59733K, capacity 60399K, committed 60508K, reserved 1103872K
  class space    used 6815K, capacity 7087K, committed 7164K, reserved 1048576K
}

Deoptimization events (20 events):
Event: 6.936 Thread 0x000001ebdc76a000 Uncommon trap: trap_request=0xffffffbe fr.pc=0x000001ebe8148c18 relative=0x0000000000006918
Event: 6.936 Thread 0x000001ebdc76a000 Uncommon trap: reason=profile_predicate action=maybe_recompile pc=0x000001ebe8148c18 method=org.jetbrains.kotlin.cli.jvm.index.JvmDependenciesIndexImpl.search(Lorg/jetbrains/kotlin/cli/jvm/index/JvmDependenciesIndexImpl$SearchRequest;Lkotlin/jvm/functions
Event: 6.936 Thread 0x000001ebdc76a000 DEOPT PACKING pc=0x000001ebe8148c18 sp=0x000000ce8d7fc080
Event: 6.936 Thread 0x000001ebdc76a000 DEOPT UNPACKING pc=0x000001ebe02b68af sp=0x000000ce8d7fc068 mode 2
Event: 6.937 Thread 0x000001ebdc76a000 Uncommon trap: trap_request=0xffffffbe fr.pc=0x000001ebe8148c18 relative=0x0000000000006918
Event: 6.937 Thread 0x000001ebdc76a000 Uncommon trap: reason=profile_predicate action=maybe_recompile pc=0x000001ebe8148c18 method=org.jetbrains.kotlin.cli.jvm.index.JvmDependenciesIndexImpl.search(Lorg/jetbrains/kotlin/cli/jvm/index/JvmDependenciesIndexImpl$SearchRequest;Lkotlin/jvm/functions
Event: 6.937 Thread 0x000001ebdc76a000 DEOPT PACKING pc=0x000001ebe8148c18 sp=0x000000ce8d7fc0e0
Event: 6.937 Thread 0x000001ebdc76a000 DEOPT UNPACKING pc=0x000001ebe02b68af sp=0x000000ce8d7fc0c8 mode 2
Event: 6.997 Thread 0x000001ebdc76a000 Uncommon trap: trap_request=0xffffff4d fr.pc=0x000001ebe812fd24 relative=0x0000000000000784
Event: 6.997 Thread 0x000001ebdc76a000 Uncommon trap: reason=unstable_if action=reinterpret pc=0x000001ebe812fd24 method=org.jetbrains.kotlin.parsing.SemanticWhitespaceAwarePsiBuilderImpl.newlineBeforeCurrentToken()Z @ 22 c2
Event: 6.997 Thread 0x000001ebdc76a000 DEOPT PACKING pc=0x000001ebe812fd24 sp=0x000000ce8d7f9530
Event: 6.997 Thread 0x000001ebdc76a000 DEOPT UNPACKING pc=0x000001ebe02b68af sp=0x000000ce8d7f94e0 mode 2
Event: 7.033 Thread 0x000001ebdc76a000 Uncommon trap: trap_request=0xffffffde fr.pc=0x000001ebe7fce788 relative=0x0000000000000048
Event: 7.033 Thread 0x000001ebdc76a000 Uncommon trap: reason=class_check action=maybe_recompile pc=0x000001ebe7fce788 method=org.jetbrains.kotlin.storage.StorageKt.getValue(Lorg/jetbrains/kotlin/storage/NotNullLazyValue;Ljava/lang/Object;Lkotlin/reflect/KProperty;)Ljava/lang/Object; @ 13 c2
Event: 7.033 Thread 0x000001ebdc76a000 DEOPT PACKING pc=0x000001ebe7fce788 sp=0x000000ce8d7fd8a0
Event: 7.033 Thread 0x000001ebdc76a000 DEOPT UNPACKING pc=0x000001ebe02b68af sp=0x000000ce8d7fd840 mode 2
Event: 7.039 Thread 0x000001ebdc76a000 Uncommon trap: trap_request=0xffffffde fr.pc=0x000001ebe7fce788 relative=0x0000000000000048
Event: 7.039 Thread 0x000001ebdc76a000 Uncommon trap: reason=class_check action=maybe_recompile pc=0x000001ebe7fce788 method=org.jetbrains.kotlin.storage.StorageKt.getValue(Lorg/jetbrains/kotlin/storage/NotNullLazyValue;Ljava/lang/Object;Lkotlin/reflect/KProperty;)Ljava/lang/Object; @ 13 c2
Event: 7.039 Thread 0x000001ebdc76a000 DEOPT PACKING pc=0x000001ebe7fce788 sp=0x000000ce8d7fde20
Event: 7.039 Thread 0x000001ebdc76a000 DEOPT UNPACKING pc=0x000001ebe02b68af sp=0x000000ce8d7fddc0 mode 2

Classes redefined (0 events):
No events

Internal exceptions (20 events):
Event: 3.736 Thread 0x000001ebdc76a000 Implicit null exception at 0x000001ebe7f649af to 0x000001ebe7f649dc
Event: 3.822 Thread 0x000001ebdc76a000 Exception <a 'java/lang/NoSuchMethodError'{0x000000070cf048a0}: 'int java.lang.invoke.DirectMethodHandle$Holder.invokeStaticInit(java.lang.Object, int)'> (0x000000070cf048a0) thrown at [./src/hotspot/share/interpreter/linkResolver.cpp, line 773]
Event: 3.838 Thread 0x000001ebdc76a000 Exception <a 'java/lang/NoSuchMethodError'{0x000000070ce07470}: 'java.lang.Object java.lang.invoke.Invokers$Holder.linkToTargetMethod(java.lang.Object, java.lang.Object, java.lang.Object, java.lang.Object, java.lang.Object, java.lang.Object)'> (0x000000070ce07470) thrown at [./src/hotspot/share/interpreter/linkResolver.cpp, line 773]
Event: 3.899 Thread 0x000001ebdc76a000 Implicit null exception at 0x000001ebe7eb63cc to 0x000001ebe7eb64b4
Event: 3.900 Thread 0x000001ebdc76a000 Implicit null exception at 0x000001ebe7e0c0c3 to 0x000001ebe7e0c248
Event: 3.900 Thread 0x000001ebdc76a000 Implicit null exception at 0x000001ebe7dbd778 to 0x000001ebe7dbd80a
Event: 3.966 Thread 0x000001ebdc76a000 Exception <a 'java/lang/NoSuchMethodError'{0x000000070bd2d430}: 'java.lang.Object java.lang.invoke.DirectMethodHandle$Holder.invokeSpecial(java.lang.Object, java.lang.Object, java.lang.Object, java.lang.Object, java.lang.Object, int)'> (0x000000070bd2d430) thrown at [./src/hotspot/share/interpreter/linkResolver.cpp, line 773]
Event: 3.966 Thread 0x000001ebdc76a000 Exception <a 'java/lang/NoSuchMethodError'{0x000000070bd31520}: 'java.lang.Object java.lang.invoke.Invokers$Holder.linkToTargetMethod(java.lang.Object, java.lang.Object, java.lang.Object, int, java.lang.Object)'> (0x000000070bd31520) thrown at [./src/hotspot/share/interpreter/linkResolver.cpp, line 773]
Event: 4.002 Thread 0x000001ebdc76a000 Exception <a 'java/lang/NoSuchMethodError'{0x000000070bc79090}: 'java.lang.Object java.lang.invoke.DirectMethodHandle$Holder.invokeSpecial(java.lang.Object, java.lang.Object, java.lang.Object, java.lang.Object, java.lang.Object, java.lang.Object, java.lang.Object, java.lang.Object, java.lang.Object)'> (0x000000070bc79090) thrown at [./src/hotspot/share/interpreter/linkResolver.cpp, line 773]
Event: 4.002 Thread 0x000001ebdc76a000 Exception <a 'java/lang/NoSuchMethodError'{0x000000070bc7d530}: 'java.lang.Object java.lang.invoke.Invokers$Holder.linkToTargetMethod(java.lang.Object, java.lang.Object, java.lang.Object, java.lang.Object, java.lang.Object, java.lang.Object, java.lang.Object, java.lang.Object)'> (0x000000070bc7d530) thrown at [./src/hotspot/share/interpreter/linkResolver.cpp, line 773]
Event: 4.084 Thread 0x000001ebdc76a000 Exception <a 'java/lang/NoSuchMethodError'{0x000000070b7a0288}: 'java.lang.Object java.lang.invoke.DirectMethodHandle$Holder.invokeStatic(java.lang.Object, int, java.lang.Object, java.lang.Object)'> (0x000000070b7a0288) thrown at [./src/hotspot/share/interpreter/linkResolver.cpp, line 773]
Event: 4.085 Thread 0x000001ebdc76a000 Exception <a 'java/lang/NoSuchMethodError'{0x000000070b7ade80}: 'int java.lang.invoke.DirectMethodHandle$Holder.invokeInterface(java.lang.Object, java.lang.Object)'> (0x000000070b7ade80) thrown at [./src/hotspot/share/interpreter/linkResolver.cpp, line 773]
Event: 4.105 Thread 0x000001ebdc76a000 Exception <a 'java/lang/NoSuchMethodError'{0x000000070b68ddb8}: 'java.lang.Object java.lang.invoke.DirectMethodHandle$Holder.invokeInterface(java.lang.Object, java.lang.Object, java.lang.Object)'> (0x000000070b68ddb8) thrown at [./src/hotspot/share/interpreter/linkResolver.cpp, line 773]
Event: 4.120 Thread 0x000001ebdc76a000 Exception <a 'java/lang/NoSuchMethodError'{0x000000070b519558}: 'java.lang.Object java.lang.invoke.Invokers$Holder.linkToTargetMethod(java.lang.Object, java.lang.Object, java.lang.Object, java.lang.Object, java.lang.Object, java.lang.Object, java.lang.Object)'> (0x000000070b519558) thrown at [./src/hotspot/share/interpreter/linkResolver.cpp, line 773]
Event: 4.256 Thread 0x000001ebdc76a000 Exception <a 'java/lang/IncompatibleClassChangeError'{0x00000007140b3728}: Found class java.lang.Object, but interface was expected> (0x00000007140b3728) thrown at [./src/hotspot/share/interpreter/linkResolver.cpp, line 839]
Event: 4.283 Thread 0x000001ebdc76a000 Implicit null exception at 0x000001ebe7db9875 to 0x000001ebe7db9a58
Event: 5.843 Thread 0x000001ebdc76a000 Exception <a 'java/lang/NoSuchMethodError'{0x00000007134394f0}: 'int java.lang.invoke.DirectMethodHandle$Holder.invokeVirtual(java.lang.Object, java.lang.Object, java.lang.Object)'> (0x00000007134394f0) thrown at [./src/hotspot/share/interpreter/linkResolver.cpp, line 773]
Event: 5.986 Thread 0x000001ebdc76a000 Exception <a 'java/lang/IncompatibleClassChangeError'{0x00000007130141d0}: Found class java.lang.Object, but interface was expected> (0x00000007130141d0) thrown at [./src/hotspot/share/interpreter/linkResolver.cpp, line 839]
Event: 6.090 Thread 0x000001ebdc76a000 Implicit null exception at 0x000001ebe8113bc7 to 0x000001ebe8114050
Event: 6.430 Thread 0x000001ebdc76a000 Exception <a 'java/lang/NoSuchMethodError'{0x00000007121121d0}: 'java.lang.Object java.lang.invoke.Invokers$Holder.linkToTargetMethod(java.lang.Object, java.lang.Object, java.lang.Object, int, int, java.lang.Object)'> (0x00000007121121d0) thrown at [./src/hotspot/share/interpreter/linkResolver.cpp, line 773]

Events (20 events):
Event: 7.025 loading class org/jetbrains/kotlin/contracts/interpretation/EffectDeclarationInterpreter
Event: 7.025 loading class org/jetbrains/kotlin/contracts/interpretation/EffectDeclarationInterpreter done
Event: 7.025 loading class org/jetbrains/kotlin/contracts/interpretation/ReturnsEffectInterpreter
Event: 7.025 loading class org/jetbrains/kotlin/contracts/interpretation/ReturnsEffectInterpreter done
Event: 7.026 loading class org/jetbrains/kotlin/contracts/interpretation/CallsEffectInterpreter
Event: 7.026 loading class org/jetbrains/kotlin/contracts/interpretation/CallsEffectInterpreter done
Event: 7.026 loading class org/jetbrains/kotlin/contracts/description/ConditionalEffectDeclaration
Event: 7.026 loading class org/jetbrains/kotlin/contracts/description/ConditionalEffectDeclaration done
Event: 7.026 loading class org/jetbrains/kotlin/contracts/description/ReturnsEffectDeclaration
Event: 7.026 loading class org/jetbrains/kotlin/contracts/description/ReturnsEffectDeclaration done
Event: 7.027 loading class org/jetbrains/kotlin/contracts/model/structure/ESCalls
Event: 7.027 loading class org/jetbrains/kotlin/contracts/model/structure/ESCalls done
Event: 7.027 loading class org/jetbrains/kotlin/contracts/model/functors/SubstitutingFunctor
Event: 7.027 loading class org/jetbrains/kotlin/contracts/model/functors/SubstitutingFunctor done
Event: 7.028 loading class org/jetbrains/kotlin/contracts/model/visitors/Substitutor
Event: 7.028 loading class org/jetbrains/kotlin/contracts/model/visitors/Substitutor done
Event: 7.029 loading class org/jetbrains/kotlin/contracts/model/ConditionalEffect
Event: 7.029 loading class org/jetbrains/kotlin/contracts/model/ConditionalEffect done
Event: 7.130 loading class org/jetbrains/kotlin/storage/LockBasedLazyResolveStorageManager$LockProtectedTrace$report$1
Event: 7.130 loading class org/jetbrains/kotlin/storage/LockBasedLazyResolveStorageManager$LockProtectedTrace$report$1 done


Dynamic libraries:
0x00007ff706550000 - 0x00007ff70655a000 	C:\SSAFY\Android\Android Studio\jre\bin\java.exe
0x00007ffb8dbd0000 - 0x00007ffb8ddc5000 	C:\WINDOWS\SYSTEM32\ntdll.dll
0x00007ffb8c060000 - 0x00007ffb8c11d000 	C:\WINDOWS\System32\KERNEL32.DLL
0x00007ffb8b950000 - 0x00007ffb8bc1d000 	C:\WINDOWS\System32\KERNELBASE.dll
0x00007ffb8b310000 - 0x00007ffb8b410000 	C:\WINDOWS\System32\ucrtbase.dll
0x00007ffb7d110000 - 0x00007ffb7d129000 	C:\SSAFY\Android\Android Studio\jre\bin\jli.dll
0x00007ffb76eb0000 - 0x00007ffb76ec7000 	C:\SSAFY\Android\Android Studio\jre\bin\VCRUNTIME140.dll
0x00007ffb8d420000 - 0x00007ffb8d5c0000 	C:\WINDOWS\System32\USER32.dll
0x00007ffb8b710000 - 0x00007ffb8b732000 	C:\WINDOWS\System32\win32u.dll
0x00007ffb8c750000 - 0x00007ffb8c77a000 	C:\WINDOWS\System32\GDI32.dll
0x00007ffb8a6c0000 - 0x00007ffb8a95a000 	C:\WINDOWS\WinSxS\amd64_microsoft.windows.common-controls_6595b64144ccf1df_6.0.19041.1110_none_60b5254171f9507e\COMCTL32.dll
0x00007ffb8b570000 - 0x00007ffb8b67b000 	C:\WINDOWS\System32\gdi32full.dll
0x00007ffb8c3c0000 - 0x00007ffb8c45e000 	C:\WINDOWS\System32\msvcrt.dll
0x00007ffb8b4d0000 - 0x00007ffb8b56d000 	C:\WINDOWS\System32\msvcp_win.dll
0x00007ffb8bc20000 - 0x00007ffb8bc50000 	C:\WINDOWS\System32\IMM32.DLL
0x00007ffb5e440000 - 0x00007ffb5e4dd000 	C:\SSAFY\Android\Android Studio\jre\bin\msvcp140.dll
0x00007ffb5b7c0000 - 0x00007ffb5c295000 	C:\SSAFY\Android\Android Studio\jre\bin\server\jvm.dll
0x00007ffb8c840000 - 0x00007ffb8c8ee000 	C:\WINDOWS\System32\ADVAPI32.dll
0x00007ffb8bfc0000 - 0x00007ffb8c05c000 	C:\WINDOWS\System32\sechost.dll
0x00007ffb8c620000 - 0x00007ffb8c745000 	C:\WINDOWS\System32\RPCRT4.dll
0x00007ffb8d6a0000 - 0x00007ffb8d6a8000 	C:\WINDOWS\System32\PSAPI.DLL
0x00007ffb7fba0000 - 0x00007ffb7fbc7000 	C:\WINDOWS\SYSTEM32\WINMM.dll
0x00007ffb82620000 - 0x00007ffb8262a000 	C:\WINDOWS\SYSTEM32\VERSION.dll
0x00007ffb76e40000 - 0x00007ffb76e49000 	C:\WINDOWS\SYSTEM32\WSOCK32.dll
0x00007ffb8c5b0000 - 0x00007ffb8c61b000 	C:\WINDOWS\System32\WS2_32.dll
0x00007ffb88e90000 - 0x00007ffb88ea2000 	C:\WINDOWS\SYSTEM32\kernel.appcore.dll
0x00007ffb85bc0000 - 0x00007ffb85bd1000 	C:\SSAFY\Android\Android Studio\jre\bin\verify.dll
0x00007ffb8ad10000 - 0x00007ffb8aef4000 	C:\WINDOWS\SYSTEM32\DBGHELP.DLL
0x00007ffb8aac0000 - 0x00007ffb8aaec000 	C:\WINDOWS\SYSTEM32\dbgcore.DLL
0x00007ffb8b680000 - 0x00007ffb8b702000 	C:\WINDOWS\System32\bcryptPrimitives.dll
0x00007ffb84de0000 - 0x00007ffb84e09000 	C:\SSAFY\Android\Android Studio\jre\bin\java.dll
0x00007ffb897c0000 - 0x00007ffb897cb000 	C:\SSAFY\Android\Android Studio\jre\bin\jimage.dll
0x00007ffb7db70000 - 0x00007ffb7db88000 	C:\SSAFY\Android\Android Studio\jre\bin\zip.dll
0x00007ffb8c9a0000 - 0x00007ffb8d0e4000 	C:\WINDOWS\System32\SHELL32.dll
0x00007ffb886e0000 - 0x00007ffb88e74000 	C:\WINDOWS\SYSTEM32\windows.storage.dll
0x00007ffb8bc50000 - 0x00007ffb8bfa4000 	C:\WINDOWS\System32\combase.dll
0x00007ffb8a650000 - 0x00007ffb8a67c000 	C:\WINDOWS\SYSTEM32\Wldp.dll
0x00007ffb8c780000 - 0x00007ffb8c82d000 	C:\WINDOWS\System32\SHCORE.dll
0x00007ffb8c120000 - 0x00007ffb8c175000 	C:\WINDOWS\System32\shlwapi.dll
0x00007ffb8b220000 - 0x00007ffb8b23f000 	C:\WINDOWS\SYSTEM32\profapi.dll
0x00007ffb7db50000 - 0x00007ffb7db6a000 	C:\SSAFY\Android\Android Studio\jre\bin\net.dll
0x00007ffb7de20000 - 0x00007ffb7df2a000 	C:\WINDOWS\SYSTEM32\WINHTTP.dll
0x00007ffb8a520000 - 0x00007ffb8a58a000 	C:\WINDOWS\system32\mswsock.dll
0x00007ffb7daf0000 - 0x00007ffb7db04000 	C:\SSAFY\Android\Android Studio\jre\bin\nio.dll

dbghelp: loaded successfully - version: 4.0.5 - missing functions: none
symbol engine: initialized successfully - sym options: 0x614 - pdb path: .;C:\SSAFY\Android\Android Studio\jre\bin;C:\WINDOWS\SYSTEM32;C:\WINDOWS\WinSxS\amd64_microsoft.windows.common-controls_6595b64144ccf1df_6.0.19041.1110_none_60b5254171f9507e;C:\SSAFY\Android\Android Studio\jre\bin\server

VM Arguments:
java_command: org.jetbrains.kotlin.cli.jvm.K2JVMCompiler @C:\SSAFY\AOS_final\final_gumi0607_03\SmartStoreUI\app\build\20220523_2173061711071641504.compiler.options
java_class_path (initial): C:\Users\multicampus\.gradle\caches\modules-2\files-2.1\org.jetbrains.kotlin\kotlin-compiler-embeddable\1.5.30\3362a354066df1578a057c200da23cf2a1d8144f\kotlin-compiler-embeddable-1.5.30.jar;C:\Users\multicampus\.gradle\caches\modules-2\files-2.1\org.jetbrains.kotlin\kotlin-reflect\1.5.30\6773e974437dd6432aa646cc2f8ab71de42b5773\kotlin-reflect-1.5.30.jar;C:\Users\multicampus\.gradle\caches\modules-2\files-2.1\org.jetbrains.kotlin\kotlin-stdlib\1.5.30\d68efdea04955974ac1020f8f66ef8176bfbce1f\kotlin-stdlib-1.5.30.jar;C:\Users\multicampus\.gradle\caches\modules-2\files-2.1\org.jetbrains.kotlin\kotlin-script-runtime\1.5.30\10697ab20bfd2f1b23baa91306950c36c4e89a8d\kotlin-script-runtime-1.5.30.jar;C:\Users\multicampus\.gradle\caches\modules-2\files-2.1\org.jetbrains.kotlin\kotlin-daemon-embeddable\1.5.30\e355dc9011e559a475608265607948109e113ae0\kotlin-daemon-embeddable-1.5.30.jar;C:\Users\multicampus\.gradle\caches\modules-2\files-2.1\org.jetbrains.intellij.deps\trove4j\1.0.20181211\216c2e14b070f334479d800987affe4054cd563f\trove4j-1.0.20181211.jar;C:\Users\multicampus\.gradle\caches\modules-2\files-2.1\org.jetbrains\annotations\13.0\919f0dfe192fb4e063e7dacadee7f8bb9a2672a9\annotations-13.0.jar;C:\Users\multicampus\.gradle\caches\modules-2\files-2.1\org.jetbrains.kotlin\kotlin-stdlib-common\1.5.30\649ffab7767038323fec0cc41e2d7b0a8f65a378\kotlin-stdlib-common-1.5.30.jar
Launcher Type: SUN_STANDARD

[Global flags]
     intx CICompilerCount                          = 4                                         {product} {ergonomic}
     uint ConcGCThreads                            = 3                                         {product} {ergonomic}
     uint G1ConcRefinementThreads                  = 10                                        {product} {ergonomic}
   size_t G1HeapRegionSize                         = 1048576                                   {product} {ergonomic}
    uintx GCDrainStackTargetSize                   = 64                                        {product} {ergonomic}
   size_t InitialHeapSize                          = 268435456                                 {product} {ergonomic}
   size_t MarkStackSize                            = 4194304                                   {product} {ergonomic}
   size_t MaxHeapSize                              = 4278190080                                {product} {ergonomic}
   size_t MaxNewSize                               = 2566914048                                {product} {ergonomic}
   size_t MinHeapDeltaBytes                        = 1048576                                   {product} {ergonomic}
    uintx NonNMethodCodeHeapSize                   = 5836300                                {pd product} {ergonomic}
    uintx NonProfiledCodeHeapSize                  = 122910970                              {pd product} {ergonomic}
    uintx ProfiledCodeHeapSize                     = 122910970                              {pd product} {ergonomic}
    uintx ReservedCodeCacheSize                    = 251658240                              {pd product} {ergonomic}
     bool SegmentedCodeCache                       = true                                      {product} {ergonomic}
     bool UseCompressedClassPointers               = true                                 {lp64_product} {ergonomic}
     bool UseCompressedOops                        = true                                 {lp64_product} {ergonomic}
     bool UseG1GC                                  = true                                      {product} {ergonomic}
     bool UseLargePagesIndividualAllocation        = false                                  {pd product} {ergonomic}

Logging:
Log output configuration:
 #0: stdout all=warning uptime,level,tags
 #1: stderr all=off uptime,level,tags

Environment Variables:
PATH=C:\Program Files\Common Files\Oracle\Java\javapath;C:\Program Files\Python35\Scripts\;C:\Program Files\Python35\;C:\Program Files (x86)\Intel\Intel(R) Management Engine Components\iCLS\;C:\Program Files\Intel\Intel(R) Management Engine Components\iCLS\;C:\Windows\system32;C:\Windows;C:\Windows\System32\Wbem;C:\Windows\System32\WindowsPowerShell\v1.0\;C:\Windows\System32\OpenSSH\;C:\Program Files (x86)\NVIDIA Corporation\PhysX\Common;C:\Program Files (x86)\Intel\Intel(R) Management Engine Components\DAL;C:\Program Files\Intel\Intel(R) Management Engine Components\DAL;C:\Program Files (x86)\Intel\Intel(R) Management Engine Components\IPT;C:\Program Files\Intel\Intel(R) Management Engine Components\IPT;C:\Program Files\Zulu\zulu-8\bin\;C:\Program Files\Microsoft SQL Server\130\Tools\Binn\;C:\WINDOWS\system32;C:\WINDOWS;C:\WINDOWS\System32\Wbem;C:\WINDOWS\System32\WindowsPowerShell\v1.0\;C:\WINDOWS\System32\OpenSSH\;C:\Program Files\Git\cmd;C:\SSAFY\flutter\bin;C:\Program Files\MySQL\MySQL Shell 8.0\bin\;C:\Users\multicampus\AppData\Local\Microsoft\WindowsApps;;C:\Users\multicampus\AppData\Local\Programs\Microsoft VS Code\bin
USERNAME=multicampus
OS=Windows_NT
PROCESSOR_IDENTIFIER=Intel64 Family 6 Model 158 Stepping 10, GenuineIntel



---------------  S Y S T E M  ---------------

OS: Windows 10 , 64 bit Build 19041 (10.0.19041.1706)
OS uptime: 6 days 0:48 hours

CPU:total 12 (initial active 12) (6 cores per cpu, 2 threads per core) family 6 model 158 stepping 10 microcode 0xb4, cmov, cx8, fxsr, mmx, sse, sse2, sse3, ssse3, sse4.1, sse4.2, popcnt, avx, avx2, aes, clmul, erms, 3dnowpref, lzcnt, ht, tsc, tscinvbit, bmi1, bmi2, adx, fma

Memory: 4k page, system-wide physical 16317M (3702M free)
TotalPageFile size 65469M (AvailPageFile size 7M)
current process WorkingSet (physical memory assigned to process): 427M, peak: 429M
current process commit charge ("private bytes"): 573M, peak: 576M

vm_info: OpenJDK 64-Bit Server VM (11.0.11+9-b60-7590822) for windows-amd64 JRE (11.0.11+9-b60-7590822), built on Jul 29 2021 21:43:44 by "builder" with MS VC++ 14.0 (VS2015)

END.
