#
# There is insufficient memory for the Java Runtime Environment to continue.
# Native memory allocation (malloc) failed to allocate 1304816 bytes for Chunk::new
# Possible reasons:
#   The system is out of physical RAM or swap space
#   The process is running with CompressedOops enabled, and the Java Heap may be blocking the growth of the native heap
# Possible solutions:
#   Reduce memory load on the system
#   Increase physical memory or swap space
#   Check if swap backing store is full
#   Decrease Java heap size (-Xmx/-Xms)
#   Decrease number of Java threads
#   Decrease Java thread stack sizes (-Xss)
#   Set larger code cache with -XX:ReservedCodeCacheSize=
#   JVM is running with Zero Based Compressed Oops mode in which the Java heap is
#     placed in the first 32GB address space. The Java Heap base address is the
#     maximum limit for the native heap growth. Please use -XX:HeapBaseMinAddress
#     to set the Java Heap base and to place the Java Heap above 32GB virtual address.
# This output file may be truncated or incomplete.
#
#  Out of Memory Error (./src/hotspot/share/memory/arena.cpp:197), pid=13060, tid=22224
#
# JRE version: OpenJDK Runtime Environment (11.0.11+9) (build 11.0.11+9-b60-7590822)
# Java VM: OpenJDK 64-Bit Server VM (11.0.11+9-b60-7590822, mixed mode, tiered, compressed oops, g1 gc, windows-amd64)
# No core dump will be written. Minidumps are not enabled by default on client versions of Windows
#

---------------  S U M M A R Y ------------

Command Line: org.jetbrains.kotlin.cli.jvm.K2JVMCompiler @C:\SSAFY\AOS_final\final_gumi0607_03\SmartStoreUI\app\build\20220523_15050413279886141475.compiler.options

Host: Intel(R) Core(TM) i7-8750H CPU @ 2.20GHz, 12 cores, 15G,  Windows 10 , 64 bit Build 19041 (10.0.19041.1706)
Time: Mon May 23 10:59:03 2022 대한민국 표준시 elapsed time: 4.253035 seconds (0d 0h 0m 4s)

---------------  T H R E A D  ---------------

Current thread (0x0000015b56b4d800):  JavaThread "C2 CompilerThread2" daemon [_thread_in_native, id=22224, stack(0x00000014a8300000,0x00000014a8400000)]


Current CompileTask:
C2:   4253 5343 %     4       org.jetbrains.kotlin.cli.jvm.index.JvmDependenciesIndexImpl::search @ 188 (397 bytes)

Stack: [0x00000014a8300000,0x00000014a8400000]
Native frames: (J=compiled Java code, j=interpreted, Vv=VM code, C=native code)
V  [jvm.dll+0x5f214a]
V  [jvm.dll+0x726fb5]
V  [jvm.dll+0x7285cd]
V  [jvm.dll+0x728c83]
V  [jvm.dll+0x243278]
V  [jvm.dll+0xbc53c]
V  [jvm.dll+0xbca3c]
V  [jvm.dll+0x2b5c34]
V  [jvm.dll+0x508488]
V  [jvm.dll+0x203d53]
V  [jvm.dll+0x1fdbac]
V  [jvm.dll+0x1fb35f]
V  [jvm.dll+0x183d6c]
V  [jvm.dll+0x209a57]
V  [jvm.dll+0x2082a1]
V  [jvm.dll+0x6ef58f]
V  [jvm.dll+0x6e80b5]
V  [jvm.dll+0x5f1036]
C  [ucrtbase.dll+0x21bb2]
C  [KERNEL32.DLL+0x17034]
C  [ntdll.dll+0x52651]


---------------  P R O C E S S  ---------------

Threads class SMR info:
_java_thread_list=0x0000015b56b47660, length=12, elements={
0x0000015b34bfc000, 0x0000015b5694c000, 0x0000015b5694d000, 0x0000015b569bd800,
0x0000015b569be800, 0x0000015b569c2000, 0x0000015b569c7800, 0x0000015b569ca800,
0x0000015b569da800, 0x0000015b56b56000, 0x0000015b56b50000, 0x0000015b56b4d800
}

Java Threads: ( => current thread )
  0x0000015b34bfc000 JavaThread "main" [_thread_in_Java, id=20264, stack(0x00000014a7100000,0x00000014a7200000)]
  0x0000015b5694c000 JavaThread "Reference Handler" daemon [_thread_blocked, id=13980, stack(0x00000014a7800000,0x00000014a7900000)]
  0x0000015b5694d000 JavaThread "Finalizer" daemon [_thread_blocked, id=9180, stack(0x00000014a7900000,0x00000014a7a00000)]
  0x0000015b569bd800 JavaThread "Signal Dispatcher" daemon [_thread_blocked, id=13304, stack(0x00000014a7a00000,0x00000014a7b00000)]
  0x0000015b569be800 JavaThread "Attach Listener" daemon [_thread_blocked, id=5568, stack(0x00000014a7b00000,0x00000014a7c00000)]
  0x0000015b569c2000 JavaThread "Service Thread" daemon [_thread_blocked, id=18552, stack(0x00000014a7c00000,0x00000014a7d00000)]
  0x0000015b569c7800 JavaThread "C2 CompilerThread0" daemon [_thread_in_native, id=7884, stack(0x00000014a7d00000,0x00000014a7e00000)]
  0x0000015b569ca800 JavaThread "C1 CompilerThread0" daemon [_thread_in_native, id=2356, stack(0x00000014a7e00000,0x00000014a7f00000)]
  0x0000015b569da800 JavaThread "Sweeper thread" daemon [_thread_blocked, id=21624, stack(0x00000014a7f00000,0x00000014a8000000)]
  0x0000015b56b56000 JavaThread "Common-Cleaner" daemon [_thread_blocked, id=20608, stack(0x00000014a8100000,0x00000014a8200000)]
  0x0000015b56b50000 JavaThread "C2 CompilerThread1" daemon [_thread_in_native, id=17536, stack(0x00000014a8200000,0x00000014a8300000)]
=>0x0000015b56b4d800 JavaThread "C2 CompilerThread2" daemon [_thread_in_native, id=22224, stack(0x00000014a8300000,0x00000014a8400000)]

Other Threads:
  0x0000015b56928000 VMThread "VM Thread" [stack: 0x00000014a7700000,0x00000014a7800000] [id=23472]
  0x0000015b56b49000 WatcherThread [stack: 0x00000014a8000000,0x00000014a8100000] [id=2492]
  0x0000015b34c14000 GCTaskThread "GC Thread#0" [stack: 0x00000014a7200000,0x00000014a7300000] [id=11508]
  0x0000015b57196000 GCTaskThread "GC Thread#1" [stack: 0x00000014a8400000,0x00000014a8500000] [id=21648]
  0x0000015b57197000 GCTaskThread "GC Thread#2" [stack: 0x00000014a8500000,0x00000014a8600000] [id=15364]
  0x0000015b57223800 GCTaskThread "GC Thread#3" [stack: 0x00000014a8600000,0x00000014a8700000] [id=6196]
  0x0000015b57224800 GCTaskThread "GC Thread#4" [stack: 0x00000014a8700000,0x00000014a8800000] [id=17068]
  0x0000015b5722e000 GCTaskThread "GC Thread#5" [stack: 0x00000014a8800000,0x00000014a8900000] [id=15516]
  0x0000015b5d18a800 GCTaskThread "GC Thread#6" [stack: 0x00000014a8d00000,0x00000014a8e00000] [id=18548]
  0x0000015b34c73000 ConcurrentGCThread "G1 Main Marker" [stack: 0x00000014a7300000,0x00000014a7400000] [id=22524]
  0x0000015b34c74800 ConcurrentGCThread "G1 Conc#0" [stack: 0x00000014a7400000,0x00000014a7500000] [id=4064]
  0x0000015b5801e800 ConcurrentGCThread "G1 Conc#1" [stack: 0x00000014a8900000,0x00000014a8a00000] [id=22776]
  0x0000015b57261800 ConcurrentGCThread "G1 Conc#2" [stack: 0x00000014a8a00000,0x00000014a8b00000] [id=5296]
  0x0000015b55f87000 ConcurrentGCThread "G1 Refine#0" [stack: 0x00000014a7500000,0x00000014a7600000] [id=18584]
  0x0000015b57f14000 ConcurrentGCThread "G1 Refine#1" [stack: 0x00000014a8b00000,0x00000014a8c00000] [id=22624]
  0x0000015b5806e800 ConcurrentGCThread "G1 Refine#2" [stack: 0x00000014a8c00000,0x00000014a8d00000] [id=14864]
  0x0000015b55f88000 ConcurrentGCThread "G1 Young RemSet Sampling" [stack: 0x00000014a7600000,0x00000014a7700000] [id=23144]

Threads with active compile tasks:
C2 CompilerThread0   4271 5326       4       jdk.internal.loader.BuiltinClassLoader::defineClass (121 bytes)
C1 CompilerThread0   4271 5633       2       org.jetbrains.kotlin.types.TypeWithEnhancementKt::inheritEnhancement (56 bytes)
C2 CompilerThread1   4271 5347       4       org.jetbrains.kotlin.cli.jvm.index.JvmDependenciesIndexImpl::travelPath (170 bytes)
C2 CompilerThread2   4271 5343 %     4       org.jetbrains.kotlin.cli.jvm.index.JvmDependenciesIndexImpl::search @ 188 (397 bytes)

VM state:not at safepoint (normal execution)

VM Mutex/Monitor currently owned by a thread: None

Heap address: 0x0000000701000000, size: 4080 MB, Compressed Oops mode: Zero based, Oop shift amount: 3
Narrow klass base: 0x0000000800000000, Narrow klass shift: 0
Compressed class space size: 1073741824 Address: 0x0000000800000000

Heap:
 garbage-first heap   total 315392K, used 126731K [0x0000000701000000, 0x0000000800000000)
  region size 1024K, 99 young (101376K), 9 survivors (9216K)
 Metaspace       used 57281K, capacity 58004K, committed 58192K, reserved 1099776K
  class space    used 6627K, capacity 6914K, committed 7036K, reserved 1048576K
Heap Regions: E=young(eden), S=young(survivor), O=old, HS=humongous(starts), HC=humongous(continues), CS=collection set, F=free, A=archive, TAMS=top-at-mark-start (previous, next)
|   0|0x0000000701000000, 0x0000000701100000, 0x0000000701100000|100%|HS|  |TAMS 0x0000000701100000, 0x0000000701000000| Complete 
|   1|0x0000000701100000, 0x0000000701200000, 0x0000000701200000|100%|HC|  |TAMS 0x0000000701200000, 0x0000000701100000| Complete 
|   2|0x0000000701200000, 0x0000000701300000, 0x0000000701300000|100%|HC|  |TAMS 0x0000000701300000, 0x0000000701200000| Complete 
|   3|0x0000000701300000, 0x0000000701400000, 0x0000000701400000|100%|HS|  |TAMS 0x0000000701400000, 0x0000000701300000| Complete 
|   4|0x0000000701400000, 0x0000000701500000, 0x0000000701500000|100%|HC|  |TAMS 0x0000000701500000, 0x0000000701400000| Complete 
|   5|0x0000000701500000, 0x0000000701600000, 0x0000000701600000|100%|HC|  |TAMS 0x0000000701600000, 0x0000000701500000| Complete 
|   6|0x0000000701600000, 0x0000000701700000, 0x0000000701700000|100%|HS|  |TAMS 0x0000000701700000, 0x0000000701600000| Complete 
|   7|0x0000000701700000, 0x0000000701800000, 0x0000000701800000|100%|HC|  |TAMS 0x0000000701800000, 0x0000000701700000| Complete 
|   8|0x0000000701800000, 0x0000000701900000, 0x0000000701900000|100%|HC|  |TAMS 0x0000000701900000, 0x0000000701800000| Complete 
|   9|0x0000000701900000, 0x0000000701a00000, 0x0000000701a00000|100%|HS|  |TAMS 0x0000000701900000, 0x0000000701900000| Complete 
|  10|0x0000000701a00000, 0x0000000701b00000, 0x0000000701b00000|100%|HC|  |TAMS 0x0000000701a00000, 0x0000000701a00000| Complete 
|  11|0x0000000701b00000, 0x0000000701c00000, 0x0000000701c00000|100%| O|  |TAMS 0x0000000701c00000, 0x0000000701b00000| Untracked 
|  12|0x0000000701c00000, 0x0000000701d00000, 0x0000000701d00000|100%| O|  |TAMS 0x0000000701d00000, 0x0000000701c00000| Untracked 
|  13|0x0000000701d00000, 0x0000000701e00000, 0x0000000701e00000|100%| O|  |TAMS 0x0000000701e00000, 0x0000000701d00000| Untracked 
|  14|0x0000000701e00000, 0x0000000701f00000, 0x0000000701f00000|100%| O|  |TAMS 0x0000000701f00000, 0x0000000701e00000| Untracked 
|  15|0x0000000701f00000, 0x0000000702000000, 0x0000000702000000|100%| O|  |TAMS 0x0000000702000000, 0x0000000701f00000| Untracked 
|  16|0x0000000702000000, 0x0000000702100000, 0x0000000702100000|100%| O|  |TAMS 0x0000000702100000, 0x0000000702000000| Untracked 
|  17|0x0000000702100000, 0x0000000702200000, 0x0000000702200000|100%|HS|  |TAMS 0x0000000702100000, 0x0000000702100000| Complete 
|  18|0x0000000702200000, 0x0000000702200000, 0x0000000702300000|  0%| F|  |TAMS 0x0000000702200000, 0x0000000702200000| Untracked 
|  19|0x0000000702300000, 0x0000000702300000, 0x0000000702400000|  0%| F|  |TAMS 0x0000000702300000, 0x0000000702300000| Untracked 
|  20|0x0000000702400000, 0x0000000702400000, 0x0000000702500000|  0%| F|  |TAMS 0x0000000702400000, 0x0000000702400000| Untracked 
|  21|0x0000000702500000, 0x0000000702600000, 0x0000000702600000|100%| O|  |TAMS 0x0000000702600000, 0x0000000702500000| Untracked 
|  22|0x0000000702600000, 0x0000000702700000, 0x0000000702700000|100%| O|  |TAMS 0x0000000702700000, 0x0000000702600000| Untracked 
|  23|0x0000000702700000, 0x0000000702800000, 0x0000000702800000|100%| O|  |TAMS 0x0000000702800000, 0x0000000702700000| Untracked 
|  24|0x0000000702800000, 0x0000000702900000, 0x0000000702900000|100%| O|  |TAMS 0x0000000702900000, 0x0000000702800000| Untracked 
|  25|0x0000000702900000, 0x0000000702a00000, 0x0000000702a00000|100%| O|  |TAMS 0x0000000702a00000, 0x0000000702900000| Untracked 
|  26|0x0000000702a00000, 0x0000000702b00000, 0x0000000702b00000|100%| O|  |TAMS 0x0000000702b00000, 0x0000000702a00000| Untracked 
|  27|0x0000000702b00000, 0x0000000702c00000, 0x0000000702c00000|100%| O|  |TAMS 0x0000000702c00000, 0x0000000702b00000| Untracked 
|  28|0x0000000702c00000, 0x0000000702cc2c00, 0x0000000702d00000| 76%| O|  |TAMS 0x0000000702c4e000, 0x0000000702c00000| Untracked 
|  29|0x0000000702d00000, 0x0000000702d00000, 0x0000000702e00000|  0%| F|  |TAMS 0x0000000702d00000, 0x0000000702d00000| Untracked 
|  30|0x0000000702e00000, 0x0000000702e00000, 0x0000000702f00000|  0%| F|  |TAMS 0x0000000702e00000, 0x0000000702e00000| Untracked 
|  31|0x0000000702f00000, 0x0000000702f00000, 0x0000000703000000|  0%| F|  |TAMS 0x0000000702f00000, 0x0000000702f00000| Untracked 
|  32|0x0000000703000000, 0x0000000703000000, 0x0000000703100000|  0%| F|  |TAMS 0x0000000703000000, 0x0000000703000000| Untracked 
|  33|0x0000000703100000, 0x0000000703100000, 0x0000000703200000|  0%| F|  |TAMS 0x0000000703100000, 0x0000000703100000| Untracked 
|  34|0x0000000703200000, 0x0000000703200000, 0x0000000703300000|  0%| F|  |TAMS 0x0000000703200000, 0x0000000703200000| Untracked 
|  35|0x0000000703300000, 0x0000000703300000, 0x0000000703400000|  0%| F|  |TAMS 0x0000000703300000, 0x0000000703300000| Untracked 
|  36|0x0000000703400000, 0x0000000703400000, 0x0000000703500000|  0%| F|  |TAMS 0x0000000703400000, 0x0000000703400000| Untracked 
|  37|0x0000000703500000, 0x0000000703500000, 0x0000000703600000|  0%| F|  |TAMS 0x0000000703500000, 0x0000000703500000| Untracked 
|  38|0x0000000703600000, 0x0000000703600000, 0x0000000703700000|  0%| F|  |TAMS 0x0000000703600000, 0x0000000703600000| Untracked 
|  39|0x0000000703700000, 0x0000000703700000, 0x0000000703800000|  0%| F|  |TAMS 0x0000000703700000, 0x0000000703700000| Untracked 
|  40|0x0000000703800000, 0x0000000703800000, 0x0000000703900000|  0%| F|  |TAMS 0x0000000703800000, 0x0000000703800000| Untracked 
|  41|0x0000000703900000, 0x0000000703900000, 0x0000000703a00000|  0%| F|  |TAMS 0x0000000703900000, 0x0000000703900000| Untracked 
|  42|0x0000000703a00000, 0x0000000703a00000, 0x0000000703b00000|  0%| F|  |TAMS 0x0000000703a00000, 0x0000000703a00000| Untracked 
|  43|0x0000000703b00000, 0x0000000703b00000, 0x0000000703c00000|  0%| F|  |TAMS 0x0000000703b00000, 0x0000000703b00000| Untracked 
|  44|0x0000000703c00000, 0x0000000703c00000, 0x0000000703d00000|  0%| F|  |TAMS 0x0000000703c00000, 0x0000000703c00000| Untracked 
|  45|0x0000000703d00000, 0x0000000703d00000, 0x0000000703e00000|  0%| F|  |TAMS 0x0000000703d00000, 0x0000000703d00000| Untracked 
|  46|0x0000000703e00000, 0x0000000703e00000, 0x0000000703f00000|  0%| F|  |TAMS 0x0000000703e00000, 0x0000000703e00000| Untracked 
|  47|0x0000000703f00000, 0x0000000703f00000, 0x0000000704000000|  0%| F|  |TAMS 0x0000000703f00000, 0x0000000703f00000| Untracked 
|  48|0x0000000704000000, 0x0000000704000000, 0x0000000704100000|  0%| F|  |TAMS 0x0000000704000000, 0x0000000704000000| Untracked 
|  49|0x0000000704100000, 0x0000000704100000, 0x0000000704200000|  0%| F|  |TAMS 0x0000000704100000, 0x0000000704100000| Untracked 
|  50|0x0000000704200000, 0x0000000704200000, 0x0000000704300000|  0%| F|  |TAMS 0x0000000704200000, 0x0000000704200000| Untracked 
|  51|0x0000000704300000, 0x0000000704300000, 0x0000000704400000|  0%| F|  |TAMS 0x0000000704300000, 0x0000000704300000| Untracked 
|  52|0x0000000704400000, 0x0000000704400000, 0x0000000704500000|  0%| F|  |TAMS 0x0000000704400000, 0x0000000704400000| Untracked 
|  53|0x0000000704500000, 0x0000000704500000, 0x0000000704600000|  0%| F|  |TAMS 0x0000000704500000, 0x0000000704500000| Untracked 
|  54|0x0000000704600000, 0x0000000704600000, 0x0000000704700000|  0%| F|  |TAMS 0x0000000704600000, 0x0000000704600000| Untracked 
|  55|0x0000000704700000, 0x0000000704700000, 0x0000000704800000|  0%| F|  |TAMS 0x0000000704700000, 0x0000000704700000| Untracked 
|  56|0x0000000704800000, 0x0000000704800000, 0x0000000704900000|  0%| F|  |TAMS 0x0000000704800000, 0x0000000704800000| Untracked 
|  57|0x0000000704900000, 0x0000000704900000, 0x0000000704a00000|  0%| F|  |TAMS 0x0000000704900000, 0x0000000704900000| Untracked 
|  58|0x0000000704a00000, 0x0000000704a00000, 0x0000000704b00000|  0%| F|  |TAMS 0x0000000704a00000, 0x0000000704a00000| Untracked 
|  59|0x0000000704b00000, 0x0000000704b00000, 0x0000000704c00000|  0%| F|  |TAMS 0x0000000704b00000, 0x0000000704b00000| Untracked 
|  60|0x0000000704c00000, 0x0000000704c00000, 0x0000000704d00000|  0%| F|  |TAMS 0x0000000704c00000, 0x0000000704c00000| Untracked 
|  61|0x0000000704d00000, 0x0000000704d00000, 0x0000000704e00000|  0%| F|  |TAMS 0x0000000704d00000, 0x0000000704d00000| Untracked 
|  62|0x0000000704e00000, 0x0000000704e00000, 0x0000000704f00000|  0%| F|  |TAMS 0x0000000704e00000, 0x0000000704e00000| Untracked 
|  63|0x0000000704f00000, 0x0000000704f00000, 0x0000000705000000|  0%| F|  |TAMS 0x0000000704f00000, 0x0000000704f00000| Untracked 
|  64|0x0000000705000000, 0x0000000705000000, 0x0000000705100000|  0%| F|  |TAMS 0x0000000705000000, 0x0000000705000000| Untracked 
|  65|0x0000000705100000, 0x0000000705100000, 0x0000000705200000|  0%| F|  |TAMS 0x0000000705100000, 0x0000000705100000| Untracked 
|  66|0x0000000705200000, 0x0000000705200000, 0x0000000705300000|  0%| F|  |TAMS 0x0000000705200000, 0x0000000705200000| Untracked 
|  67|0x0000000705300000, 0x0000000705300000, 0x0000000705400000|  0%| F|  |TAMS 0x0000000705300000, 0x0000000705300000| Untracked 
|  68|0x0000000705400000, 0x0000000705400000, 0x0000000705500000|  0%| F|  |TAMS 0x0000000705400000, 0x0000000705400000| Untracked 
|  69|0x0000000705500000, 0x0000000705500000, 0x0000000705600000|  0%| F|  |TAMS 0x0000000705500000, 0x0000000705500000| Untracked 
|  70|0x0000000705600000, 0x0000000705600000, 0x0000000705700000|  0%| F|  |TAMS 0x0000000705600000, 0x0000000705600000| Untracked 
|  71|0x0000000705700000, 0x0000000705700000, 0x0000000705800000|  0%| F|  |TAMS 0x0000000705700000, 0x0000000705700000| Untracked 
|  72|0x0000000705800000, 0x0000000705800000, 0x0000000705900000|  0%| F|  |TAMS 0x0000000705800000, 0x0000000705800000| Untracked 
|  73|0x0000000705900000, 0x0000000705900000, 0x0000000705a00000|  0%| F|  |TAMS 0x0000000705900000, 0x0000000705900000| Untracked 
|  74|0x0000000705a00000, 0x0000000705a00000, 0x0000000705b00000|  0%| F|  |TAMS 0x0000000705a00000, 0x0000000705a00000| Untracked 
|  75|0x0000000705b00000, 0x0000000705b00000, 0x0000000705c00000|  0%| F|  |TAMS 0x0000000705b00000, 0x0000000705b00000| Untracked 
|  76|0x0000000705c00000, 0x0000000705c00000, 0x0000000705d00000|  0%| F|  |TAMS 0x0000000705c00000, 0x0000000705c00000| Untracked 
|  77|0x0000000705d00000, 0x0000000705d00000, 0x0000000705e00000|  0%| F|  |TAMS 0x0000000705d00000, 0x0000000705d00000| Untracked 
|  78|0x0000000705e00000, 0x0000000705e00000, 0x0000000705f00000|  0%| F|  |TAMS 0x0000000705e00000, 0x0000000705e00000| Untracked 
|  79|0x0000000705f00000, 0x0000000705f00000, 0x0000000706000000|  0%| F|  |TAMS 0x0000000705f00000, 0x0000000705f00000| Untracked 
|  80|0x0000000706000000, 0x0000000706000000, 0x0000000706100000|  0%| F|  |TAMS 0x0000000706000000, 0x0000000706000000| Untracked 
|  81|0x0000000706100000, 0x0000000706100000, 0x0000000706200000|  0%| F|  |TAMS 0x0000000706100000, 0x0000000706100000| Untracked 
|  82|0x0000000706200000, 0x0000000706200000, 0x0000000706300000|  0%| F|  |TAMS 0x0000000706200000, 0x0000000706200000| Untracked 
|  83|0x0000000706300000, 0x0000000706300000, 0x0000000706400000|  0%| F|  |TAMS 0x0000000706300000, 0x0000000706300000| Untracked 
|  84|0x0000000706400000, 0x0000000706400000, 0x0000000706500000|  0%| F|  |TAMS 0x0000000706400000, 0x0000000706400000| Untracked 
|  85|0x0000000706500000, 0x0000000706500000, 0x0000000706600000|  0%| F|  |TAMS 0x0000000706500000, 0x0000000706500000| Untracked 
|  86|0x0000000706600000, 0x0000000706600000, 0x0000000706700000|  0%| F|  |TAMS 0x0000000706600000, 0x0000000706600000| Untracked 
|  87|0x0000000706700000, 0x0000000706700000, 0x0000000706800000|  0%| F|  |TAMS 0x0000000706700000, 0x0000000706700000| Untracked 
|  88|0x0000000706800000, 0x0000000706800000, 0x0000000706900000|  0%| F|  |TAMS 0x0000000706800000, 0x0000000706800000| Untracked 
|  89|0x0000000706900000, 0x0000000706900000, 0x0000000706a00000|  0%| F|  |TAMS 0x0000000706900000, 0x0000000706900000| Untracked 
|  90|0x0000000706a00000, 0x0000000706a00000, 0x0000000706b00000|  0%| F|  |TAMS 0x0000000706a00000, 0x0000000706a00000| Untracked 
|  91|0x0000000706b00000, 0x0000000706b00000, 0x0000000706c00000|  0%| F|  |TAMS 0x0000000706b00000, 0x0000000706b00000| Untracked 
|  92|0x0000000706c00000, 0x0000000706c00000, 0x0000000706d00000|  0%| F|  |TAMS 0x0000000706c00000, 0x0000000706c00000| Untracked 
|  93|0x0000000706d00000, 0x0000000706d00000, 0x0000000706e00000|  0%| F|  |TAMS 0x0000000706d00000, 0x0000000706d00000| Untracked 
|  94|0x0000000706e00000, 0x0000000706e00000, 0x0000000706f00000|  0%| F|  |TAMS 0x0000000706e00000, 0x0000000706e00000| Untracked 
|  95|0x0000000706f00000, 0x0000000706f00000, 0x0000000707000000|  0%| F|  |TAMS 0x0000000706f00000, 0x0000000706f00000| Untracked 
|  96|0x0000000707000000, 0x0000000707000000, 0x0000000707100000|  0%| F|  |TAMS 0x0000000707000000, 0x0000000707000000| Untracked 
|  97|0x0000000707100000, 0x0000000707100000, 0x0000000707200000|  0%| F|  |TAMS 0x0000000707100000, 0x0000000707100000| Untracked 
|  98|0x0000000707200000, 0x0000000707200000, 0x0000000707300000|  0%| F|  |TAMS 0x0000000707200000, 0x0000000707200000| Untracked 
|  99|0x0000000707300000, 0x0000000707300000, 0x0000000707400000|  0%| F|  |TAMS 0x0000000707300000, 0x0000000707300000| Untracked 
| 100|0x0000000707400000, 0x0000000707400000, 0x0000000707500000|  0%| F|  |TAMS 0x0000000707400000, 0x0000000707400000| Untracked 
| 101|0x0000000707500000, 0x0000000707500000, 0x0000000707600000|  0%| F|  |TAMS 0x0000000707500000, 0x0000000707500000| Untracked 
| 102|0x0000000707600000, 0x0000000707600000, 0x0000000707700000|  0%| F|  |TAMS 0x0000000707600000, 0x0000000707600000| Untracked 
| 103|0x0000000707700000, 0x0000000707700000, 0x0000000707800000|  0%| F|  |TAMS 0x0000000707700000, 0x0000000707700000| Untracked 
| 104|0x0000000707800000, 0x0000000707800000, 0x0000000707900000|  0%| F|  |TAMS 0x0000000707800000, 0x0000000707800000| Untracked 
| 105|0x0000000707900000, 0x0000000707900000, 0x0000000707a00000|  0%| F|  |TAMS 0x0000000707900000, 0x0000000707900000| Untracked 
| 106|0x0000000707a00000, 0x0000000707a00000, 0x0000000707b00000|  0%| F|  |TAMS 0x0000000707a00000, 0x0000000707a00000| Untracked 
| 107|0x0000000707b00000, 0x0000000707b00000, 0x0000000707c00000|  0%| F|  |TAMS 0x0000000707b00000, 0x0000000707b00000| Untracked 
| 108|0x0000000707c00000, 0x0000000707c00000, 0x0000000707d00000|  0%| F|  |TAMS 0x0000000707c00000, 0x0000000707c00000| Untracked 
| 109|0x0000000707d00000, 0x0000000707d00000, 0x0000000707e00000|  0%| F|  |TAMS 0x0000000707d00000, 0x0000000707d00000| Untracked 
| 110|0x0000000707e00000, 0x0000000707e00000, 0x0000000707f00000|  0%| F|  |TAMS 0x0000000707e00000, 0x0000000707e00000| Untracked 
| 111|0x0000000707f00000, 0x0000000707f00000, 0x0000000708000000|  0%| F|  |TAMS 0x0000000707f00000, 0x0000000707f00000| Untracked 
| 112|0x0000000708000000, 0x0000000708000000, 0x0000000708100000|  0%| F|  |TAMS 0x0000000708000000, 0x0000000708000000| Untracked 
| 113|0x0000000708100000, 0x0000000708100000, 0x0000000708200000|  0%| F|  |TAMS 0x0000000708100000, 0x0000000708100000| Untracked 
| 114|0x0000000708200000, 0x0000000708200000, 0x0000000708300000|  0%| F|  |TAMS 0x0000000708200000, 0x0000000708200000| Untracked 
| 115|0x0000000708300000, 0x0000000708300000, 0x0000000708400000|  0%| F|  |TAMS 0x0000000708300000, 0x0000000708300000| Untracked 
| 116|0x0000000708400000, 0x0000000708400000, 0x0000000708500000|  0%| F|  |TAMS 0x0000000708400000, 0x0000000708400000| Untracked 
| 117|0x0000000708500000, 0x0000000708500000, 0x0000000708600000|  0%| F|  |TAMS 0x0000000708500000, 0x0000000708500000| Untracked 
| 118|0x0000000708600000, 0x0000000708600000, 0x0000000708700000|  0%| F|  |TAMS 0x0000000708600000, 0x0000000708600000| Untracked 
| 119|0x0000000708700000, 0x0000000708700000, 0x0000000708800000|  0%| F|  |TAMS 0x0000000708700000, 0x0000000708700000| Untracked 
| 120|0x0000000708800000, 0x0000000708800000, 0x0000000708900000|  0%| F|  |TAMS 0x0000000708800000, 0x0000000708800000| Untracked 
| 121|0x0000000708900000, 0x0000000708900000, 0x0000000708a00000|  0%| F|  |TAMS 0x0000000708900000, 0x0000000708900000| Untracked 
| 122|0x0000000708a00000, 0x0000000708a00000, 0x0000000708b00000|  0%| F|  |TAMS 0x0000000708a00000, 0x0000000708a00000| Untracked 
| 123|0x0000000708b00000, 0x0000000708b00000, 0x0000000708c00000|  0%| F|  |TAMS 0x0000000708b00000, 0x0000000708b00000| Untracked 
| 124|0x0000000708c00000, 0x0000000708c00000, 0x0000000708d00000|  0%| F|  |TAMS 0x0000000708c00000, 0x0000000708c00000| Untracked 
| 125|0x0000000708d00000, 0x0000000708d00000, 0x0000000708e00000|  0%| F|  |TAMS 0x0000000708d00000, 0x0000000708d00000| Untracked 
| 126|0x0000000708e00000, 0x0000000708e00000, 0x0000000708f00000|  0%| F|  |TAMS 0x0000000708e00000, 0x0000000708e00000| Untracked 
| 127|0x0000000708f00000, 0x0000000708f00000, 0x0000000709000000|  0%| F|  |TAMS 0x0000000708f00000, 0x0000000708f00000| Untracked 
| 128|0x0000000709000000, 0x0000000709000000, 0x0000000709100000|  0%| F|  |TAMS 0x0000000709000000, 0x0000000709000000| Untracked 
| 129|0x0000000709100000, 0x0000000709100000, 0x0000000709200000|  0%| F|  |TAMS 0x0000000709100000, 0x0000000709100000| Untracked 
| 130|0x0000000709200000, 0x0000000709200000, 0x0000000709300000|  0%| F|  |TAMS 0x0000000709200000, 0x0000000709200000| Untracked 
| 131|0x0000000709300000, 0x0000000709300000, 0x0000000709400000|  0%| F|  |TAMS 0x0000000709300000, 0x0000000709300000| Untracked 
| 132|0x0000000709400000, 0x0000000709400000, 0x0000000709500000|  0%| F|  |TAMS 0x0000000709400000, 0x0000000709400000| Untracked 
| 133|0x0000000709500000, 0x0000000709500000, 0x0000000709600000|  0%| F|  |TAMS 0x0000000709500000, 0x0000000709500000| Untracked 
| 134|0x0000000709600000, 0x0000000709600000, 0x0000000709700000|  0%| F|  |TAMS 0x0000000709600000, 0x0000000709600000| Untracked 
| 135|0x0000000709700000, 0x0000000709700000, 0x0000000709800000|  0%| F|  |TAMS 0x0000000709700000, 0x0000000709700000| Untracked 
| 136|0x0000000709800000, 0x0000000709800000, 0x0000000709900000|  0%| F|  |TAMS 0x0000000709800000, 0x0000000709800000| Untracked 
| 137|0x0000000709900000, 0x0000000709900000, 0x0000000709a00000|  0%| F|  |TAMS 0x0000000709900000, 0x0000000709900000| Untracked 
| 138|0x0000000709a00000, 0x0000000709a00000, 0x0000000709b00000|  0%| F|  |TAMS 0x0000000709a00000, 0x0000000709a00000| Untracked 
| 139|0x0000000709b00000, 0x0000000709b00000, 0x0000000709c00000|  0%| F|  |TAMS 0x0000000709b00000, 0x0000000709b00000| Untracked 
| 140|0x0000000709c00000, 0x0000000709c00000, 0x0000000709d00000|  0%| F|  |TAMS 0x0000000709c00000, 0x0000000709c00000| Untracked 
| 141|0x0000000709d00000, 0x0000000709d00000, 0x0000000709e00000|  0%| F|  |TAMS 0x0000000709d00000, 0x0000000709d00000| Untracked 
| 142|0x0000000709e00000, 0x0000000709e00000, 0x0000000709f00000|  0%| F|  |TAMS 0x0000000709e00000, 0x0000000709e00000| Untracked 
| 143|0x0000000709f00000, 0x0000000709f00000, 0x000000070a000000|  0%| F|  |TAMS 0x0000000709f00000, 0x0000000709f00000| Untracked 
| 144|0x000000070a000000, 0x000000070a000000, 0x000000070a100000|  0%| F|  |TAMS 0x000000070a000000, 0x000000070a000000| Untracked 
| 145|0x000000070a100000, 0x000000070a100000, 0x000000070a200000|  0%| F|  |TAMS 0x000000070a100000, 0x000000070a100000| Untracked 
| 146|0x000000070a200000, 0x000000070a200000, 0x000000070a300000|  0%| F|  |TAMS 0x000000070a200000, 0x000000070a200000| Untracked 
| 147|0x000000070a300000, 0x000000070a300000, 0x000000070a400000|  0%| F|  |TAMS 0x000000070a300000, 0x000000070a300000| Untracked 
| 148|0x000000070a400000, 0x000000070a400000, 0x000000070a500000|  0%| F|  |TAMS 0x000000070a400000, 0x000000070a400000| Untracked 
| 149|0x000000070a500000, 0x000000070a500000, 0x000000070a600000|  0%| F|  |TAMS 0x000000070a500000, 0x000000070a500000| Untracked 
| 150|0x000000070a600000, 0x000000070a600000, 0x000000070a700000|  0%| F|  |TAMS 0x000000070a600000, 0x000000070a600000| Untracked 
| 151|0x000000070a700000, 0x000000070a700000, 0x000000070a800000|  0%| F|  |TAMS 0x000000070a700000, 0x000000070a700000| Untracked 
| 152|0x000000070a800000, 0x000000070a800000, 0x000000070a900000|  0%| F|  |TAMS 0x000000070a800000, 0x000000070a800000| Untracked 
| 153|0x000000070a900000, 0x000000070a900000, 0x000000070aa00000|  0%| F|  |TAMS 0x000000070a900000, 0x000000070a900000| Untracked 
| 154|0x000000070aa00000, 0x000000070aa00000, 0x000000070ab00000|  0%| F|  |TAMS 0x000000070aa00000, 0x000000070aa00000| Untracked 
| 155|0x000000070ab00000, 0x000000070ab00000, 0x000000070ac00000|  0%| F|  |TAMS 0x000000070ab00000, 0x000000070ab00000| Untracked 
| 156|0x000000070ac00000, 0x000000070ac00000, 0x000000070ad00000|  0%| F|  |TAMS 0x000000070ac00000, 0x000000070ac00000| Untracked 
| 157|0x000000070ad00000, 0x000000070ad00000, 0x000000070ae00000|  0%| F|  |TAMS 0x000000070ad00000, 0x000000070ad00000| Untracked 
| 158|0x000000070ae00000, 0x000000070ae00000, 0x000000070af00000|  0%| F|  |TAMS 0x000000070ae00000, 0x000000070ae00000| Untracked 
| 159|0x000000070af00000, 0x000000070af00000, 0x000000070b000000|  0%| F|  |TAMS 0x000000070af00000, 0x000000070af00000| Untracked 
| 160|0x000000070b000000, 0x000000070b000000, 0x000000070b100000|  0%| F|  |TAMS 0x000000070b000000, 0x000000070b000000| Untracked 
| 161|0x000000070b100000, 0x000000070b100000, 0x000000070b200000|  0%| F|  |TAMS 0x000000070b100000, 0x000000070b100000| Untracked 
| 162|0x000000070b200000, 0x000000070b200000, 0x000000070b300000|  0%| F|  |TAMS 0x000000070b200000, 0x000000070b200000| Untracked 
| 163|0x000000070b300000, 0x000000070b300000, 0x000000070b400000|  0%| F|  |TAMS 0x000000070b300000, 0x000000070b300000| Untracked 
| 164|0x000000070b400000, 0x000000070b400000, 0x000000070b500000|  0%| F|  |TAMS 0x000000070b400000, 0x000000070b400000| Untracked 
| 165|0x000000070b500000, 0x000000070b500000, 0x000000070b600000|  0%| F|  |TAMS 0x000000070b500000, 0x000000070b500000| Untracked 
| 166|0x000000070b600000, 0x000000070b600000, 0x000000070b700000|  0%| F|  |TAMS 0x000000070b600000, 0x000000070b600000| Untracked 
| 167|0x000000070b700000, 0x000000070b700000, 0x000000070b800000|  0%| F|  |TAMS 0x000000070b700000, 0x000000070b700000| Untracked 
| 168|0x000000070b800000, 0x000000070b800000, 0x000000070b900000|  0%| F|  |TAMS 0x000000070b800000, 0x000000070b800000| Untracked 
| 169|0x000000070b900000, 0x000000070b900000, 0x000000070ba00000|  0%| F|  |TAMS 0x000000070b900000, 0x000000070b900000| Untracked 
| 170|0x000000070ba00000, 0x000000070ba00000, 0x000000070bb00000|  0%| F|  |TAMS 0x000000070ba00000, 0x000000070ba00000| Untracked 
| 171|0x000000070bb00000, 0x000000070bb00000, 0x000000070bc00000|  0%| F|  |TAMS 0x000000070bb00000, 0x000000070bb00000| Untracked 
| 172|0x000000070bc00000, 0x000000070bc00000, 0x000000070bd00000|  0%| F|  |TAMS 0x000000070bc00000, 0x000000070bc00000| Untracked 
| 173|0x000000070bd00000, 0x000000070bd00000, 0x000000070be00000|  0%| F|  |TAMS 0x000000070bd00000, 0x000000070bd00000| Untracked 
| 174|0x000000070be00000, 0x000000070be00000, 0x000000070bf00000|  0%| F|  |TAMS 0x000000070be00000, 0x000000070be00000| Untracked 
| 175|0x000000070bf00000, 0x000000070bf00000, 0x000000070c000000|  0%| F|  |TAMS 0x000000070bf00000, 0x000000070bf00000| Untracked 
| 176|0x000000070c000000, 0x000000070c000000, 0x000000070c100000|  0%| F|  |TAMS 0x000000070c000000, 0x000000070c000000| Untracked 
| 177|0x000000070c100000, 0x000000070c100000, 0x000000070c200000|  0%| F|  |TAMS 0x000000070c100000, 0x000000070c100000| Untracked 
| 178|0x000000070c200000, 0x000000070c200000, 0x000000070c300000|  0%| F|  |TAMS 0x000000070c200000, 0x000000070c200000| Untracked 
| 179|0x000000070c300000, 0x000000070c300000, 0x000000070c400000|  0%| F|  |TAMS 0x000000070c300000, 0x000000070c300000| Untracked 
| 180|0x000000070c400000, 0x000000070c400000, 0x000000070c500000|  0%| F|  |TAMS 0x000000070c400000, 0x000000070c400000| Untracked 
| 181|0x000000070c500000, 0x000000070c500000, 0x000000070c600000|  0%| F|  |TAMS 0x000000070c500000, 0x000000070c500000| Untracked 
| 182|0x000000070c600000, 0x000000070c600000, 0x000000070c700000|  0%| F|  |TAMS 0x000000070c600000, 0x000000070c600000| Untracked 
| 183|0x000000070c700000, 0x000000070c700000, 0x000000070c800000|  0%| F|  |TAMS 0x000000070c700000, 0x000000070c700000| Untracked 
| 184|0x000000070c800000, 0x000000070c800000, 0x000000070c900000|  0%| F|  |TAMS 0x000000070c800000, 0x000000070c800000| Untracked 
| 185|0x000000070c900000, 0x000000070c900000, 0x000000070ca00000|  0%| F|  |TAMS 0x000000070c900000, 0x000000070c900000| Untracked 
| 186|0x000000070ca00000, 0x000000070ca00000, 0x000000070cb00000|  0%| F|  |TAMS 0x000000070ca00000, 0x000000070ca00000| Untracked 
| 187|0x000000070cb00000, 0x000000070cb00000, 0x000000070cc00000|  0%| F|  |TAMS 0x000000070cb00000, 0x000000070cb00000| Untracked 
| 188|0x000000070cc00000, 0x000000070cc00000, 0x000000070cd00000|  0%| F|  |TAMS 0x000000070cc00000, 0x000000070cc00000| Untracked 
| 189|0x000000070cd00000, 0x000000070cd00000, 0x000000070ce00000|  0%| F|  |TAMS 0x000000070cd00000, 0x000000070cd00000| Untracked 
| 190|0x000000070ce00000, 0x000000070ce00000, 0x000000070cf00000|  0%| F|  |TAMS 0x000000070ce00000, 0x000000070ce00000| Untracked 
| 191|0x000000070cf00000, 0x000000070cf00000, 0x000000070d000000|  0%| F|  |TAMS 0x000000070cf00000, 0x000000070cf00000| Untracked 
| 192|0x000000070d000000, 0x000000070d000000, 0x000000070d100000|  0%| F|  |TAMS 0x000000070d000000, 0x000000070d000000| Untracked 
| 193|0x000000070d100000, 0x000000070d100000, 0x000000070d200000|  0%| F|  |TAMS 0x000000070d100000, 0x000000070d100000| Untracked 
| 194|0x000000070d200000, 0x000000070d200000, 0x000000070d300000|  0%| F|  |TAMS 0x000000070d200000, 0x000000070d200000| Untracked 
| 195|0x000000070d300000, 0x000000070d300000, 0x000000070d400000|  0%| F|  |TAMS 0x000000070d300000, 0x000000070d300000| Untracked 
| 196|0x000000070d400000, 0x000000070d400000, 0x000000070d500000|  0%| F|  |TAMS 0x000000070d400000, 0x000000070d400000| Untracked 
| 197|0x000000070d500000, 0x000000070d500000, 0x000000070d600000|  0%| F|  |TAMS 0x000000070d500000, 0x000000070d500000| Untracked 
| 198|0x000000070d600000, 0x000000070d600000, 0x000000070d700000|  0%| F|  |TAMS 0x000000070d600000, 0x000000070d600000| Untracked 
| 199|0x000000070d700000, 0x000000070d700000, 0x000000070d800000|  0%| F|  |TAMS 0x000000070d700000, 0x000000070d700000| Untracked 
| 200|0x000000070d800000, 0x000000070d800000, 0x000000070d900000|  0%| F|  |TAMS 0x000000070d800000, 0x000000070d800000| Untracked 
| 201|0x000000070d900000, 0x000000070d900000, 0x000000070da00000|  0%| F|  |TAMS 0x000000070d900000, 0x000000070d900000| Untracked 
| 202|0x000000070da00000, 0x000000070da00000, 0x000000070db00000|  0%| F|  |TAMS 0x000000070da00000, 0x000000070da00000| Untracked 
| 203|0x000000070db00000, 0x000000070db00000, 0x000000070dc00000|  0%| F|  |TAMS 0x000000070db00000, 0x000000070db00000| Untracked 
| 204|0x000000070dc00000, 0x000000070dc00000, 0x000000070dd00000|  0%| F|  |TAMS 0x000000070dc00000, 0x000000070dc00000| Untracked 
| 205|0x000000070dd00000, 0x000000070dd00000, 0x000000070de00000|  0%| F|  |TAMS 0x000000070dd00000, 0x000000070dd00000| Untracked 
| 206|0x000000070de00000, 0x000000070de00000, 0x000000070df00000|  0%| F|  |TAMS 0x000000070de00000, 0x000000070de00000| Untracked 
| 207|0x000000070df00000, 0x000000070df00000, 0x000000070e000000|  0%| F|  |TAMS 0x000000070df00000, 0x000000070df00000| Untracked 
| 208|0x000000070e000000, 0x000000070e000000, 0x000000070e100000|  0%| F|  |TAMS 0x000000070e000000, 0x000000070e000000| Untracked 
| 209|0x000000070e100000, 0x000000070e180800, 0x000000070e200000| 50%| E|  |TAMS 0x000000070e100000, 0x000000070e100000| Complete 
| 210|0x000000070e200000, 0x000000070e300000, 0x000000070e300000|100%| E|CS|TAMS 0x000000070e200000, 0x000000070e200000| Complete 
| 211|0x000000070e300000, 0x000000070e400000, 0x000000070e400000|100%| E|CS|TAMS 0x000000070e300000, 0x000000070e300000| Complete 
| 212|0x000000070e400000, 0x000000070e500000, 0x000000070e500000|100%| E|CS|TAMS 0x000000070e400000, 0x000000070e400000| Complete 
| 213|0x000000070e500000, 0x000000070e600000, 0x000000070e600000|100%| E|CS|TAMS 0x000000070e500000, 0x000000070e500000| Complete 
| 214|0x000000070e600000, 0x000000070e700000, 0x000000070e700000|100%| E|CS|TAMS 0x000000070e600000, 0x000000070e600000| Complete 
| 215|0x000000070e700000, 0x000000070e800000, 0x000000070e800000|100%| E|CS|TAMS 0x000000070e700000, 0x000000070e700000| Complete 
| 216|0x000000070e800000, 0x000000070e900000, 0x000000070e900000|100%| E|CS|TAMS 0x000000070e800000, 0x000000070e800000| Complete 
| 217|0x000000070e900000, 0x000000070ea00000, 0x000000070ea00000|100%| E|CS|TAMS 0x000000070e900000, 0x000000070e900000| Complete 
| 218|0x000000070ea00000, 0x000000070eb00000, 0x000000070eb00000|100%| E|CS|TAMS 0x000000070ea00000, 0x000000070ea00000| Complete 
| 219|0x000000070eb00000, 0x000000070ec00000, 0x000000070ec00000|100%| E|CS|TAMS 0x000000070eb00000, 0x000000070eb00000| Complete 
| 220|0x000000070ec00000, 0x000000070ed00000, 0x000000070ed00000|100%| E|CS|TAMS 0x000000070ec00000, 0x000000070ec00000| Complete 
| 221|0x000000070ed00000, 0x000000070ee00000, 0x000000070ee00000|100%| E|CS|TAMS 0x000000070ed00000, 0x000000070ed00000| Complete 
| 222|0x000000070ee00000, 0x000000070ef00000, 0x000000070ef00000|100%| E|CS|TAMS 0x000000070ee00000, 0x000000070ee00000| Complete 
| 223|0x000000070ef00000, 0x000000070f000000, 0x000000070f000000|100%| E|CS|TAMS 0x000000070ef00000, 0x000000070ef00000| Complete 
| 224|0x000000070f000000, 0x000000070f100000, 0x000000070f100000|100%| E|CS|TAMS 0x000000070f000000, 0x000000070f000000| Complete 
| 225|0x000000070f100000, 0x000000070f200000, 0x000000070f200000|100%| E|CS|TAMS 0x000000070f100000, 0x000000070f100000| Complete 
| 226|0x000000070f200000, 0x000000070f300000, 0x000000070f300000|100%| E|CS|TAMS 0x000000070f200000, 0x000000070f200000| Complete 
| 227|0x000000070f300000, 0x000000070f400000, 0x000000070f400000|100%| E|CS|TAMS 0x000000070f300000, 0x000000070f300000| Complete 
| 228|0x000000070f400000, 0x000000070f500000, 0x000000070f500000|100%| E|CS|TAMS 0x000000070f400000, 0x000000070f400000| Complete 
| 229|0x000000070f500000, 0x000000070f600000, 0x000000070f600000|100%| E|CS|TAMS 0x000000070f500000, 0x000000070f500000| Complete 
| 230|0x000000070f600000, 0x000000070f700000, 0x000000070f700000|100%| S|CS|TAMS 0x000000070f600000, 0x000000070f600000| Complete 
| 231|0x000000070f700000, 0x000000070f800000, 0x000000070f800000|100%| S|CS|TAMS 0x000000070f700000, 0x000000070f700000| Complete 
| 232|0x000000070f800000, 0x000000070f900000, 0x000000070f900000|100%| E|CS|TAMS 0x000000070f800000, 0x000000070f800000| Complete 
| 233|0x000000070f900000, 0x000000070fa00000, 0x000000070fa00000|100%| E|CS|TAMS 0x000000070f900000, 0x000000070f900000| Complete 
| 234|0x000000070fa00000, 0x000000070fb00000, 0x000000070fb00000|100%| S|CS|TAMS 0x000000070fa00000, 0x000000070fa00000| Complete 
| 235|0x000000070fb00000, 0x000000070fc00000, 0x000000070fc00000|100%| S|CS|TAMS 0x000000070fb00000, 0x000000070fb00000| Complete 
| 236|0x000000070fc00000, 0x000000070fd00000, 0x000000070fd00000|100%| S|CS|TAMS 0x000000070fc00000, 0x000000070fc00000| Complete 
| 237|0x000000070fd00000, 0x000000070fe00000, 0x000000070fe00000|100%| S|CS|TAMS 0x000000070fd00000, 0x000000070fd00000| Complete 
| 238|0x000000070fe00000, 0x000000070ff00000, 0x000000070ff00000|100%| S|CS|TAMS 0x000000070fe00000, 0x000000070fe00000| Complete 
| 239|0x000000070ff00000, 0x0000000710000000, 0x0000000710000000|100%| S|CS|TAMS 0x000000070ff00000, 0x000000070ff00000| Complete 
| 240|0x0000000710000000, 0x0000000710100000, 0x0000000710100000|100%| S|CS|TAMS 0x0000000710000000, 0x0000000710000000| Complete 
| 241|0x0000000710100000, 0x0000000710200000, 0x0000000710200000|100%| E|CS|TAMS 0x0000000710100000, 0x0000000710100000| Complete 
| 242|0x0000000710200000, 0x0000000710300000, 0x0000000710300000|100%| E|CS|TAMS 0x0000000710200000, 0x0000000710200000| Complete 
| 243|0x0000000710300000, 0x0000000710400000, 0x0000000710400000|100%| E|CS|TAMS 0x0000000710300000, 0x0000000710300000| Complete 
| 244|0x0000000710400000, 0x0000000710500000, 0x0000000710500000|100%| E|CS|TAMS 0x0000000710400000, 0x0000000710400000| Complete 
| 245|0x0000000710500000, 0x0000000710600000, 0x0000000710600000|100%| E|CS|TAMS 0x0000000710500000, 0x0000000710500000| Complete 
| 246|0x0000000710600000, 0x0000000710700000, 0x0000000710700000|100%| E|CS|TAMS 0x0000000710600000, 0x0000000710600000| Complete 
| 247|0x0000000710700000, 0x0000000710800000, 0x0000000710800000|100%| E|CS|TAMS 0x0000000710700000, 0x0000000710700000| Complete 
| 248|0x0000000710800000, 0x0000000710900000, 0x0000000710900000|100%| E|CS|TAMS 0x0000000710800000, 0x0000000710800000| Complete 
| 249|0x0000000710900000, 0x0000000710a00000, 0x0000000710a00000|100%| E|CS|TAMS 0x0000000710900000, 0x0000000710900000| Complete 
| 250|0x0000000710a00000, 0x0000000710b00000, 0x0000000710b00000|100%| E|CS|TAMS 0x0000000710a00000, 0x0000000710a00000| Complete 
| 251|0x0000000710b00000, 0x0000000710c00000, 0x0000000710c00000|100%| E|CS|TAMS 0x0000000710b00000, 0x0000000710b00000| Complete 
| 252|0x0000000710c00000, 0x0000000710d00000, 0x0000000710d00000|100%| E|CS|TAMS 0x0000000710c00000, 0x0000000710c00000| Complete 
| 253|0x0000000710d00000, 0x0000000710e00000, 0x0000000710e00000|100%| E|CS|TAMS 0x0000000710d00000, 0x0000000710d00000| Complete 
| 254|0x0000000710e00000, 0x0000000710f00000, 0x0000000710f00000|100%| E|CS|TAMS 0x0000000710e00000, 0x0000000710e00000| Complete 
| 255|0x0000000710f00000, 0x0000000711000000, 0x0000000711000000|100%| E|CS|TAMS 0x0000000710f00000, 0x0000000710f00000| Complete 
| 256|0x0000000711000000, 0x0000000711100000, 0x0000000711100000|100%| E|CS|TAMS 0x0000000711000000, 0x0000000711000000| Complete 
| 257|0x0000000711100000, 0x0000000711200000, 0x0000000711200000|100%| E|CS|TAMS 0x0000000711100000, 0x0000000711100000| Complete 
| 258|0x0000000711200000, 0x0000000711300000, 0x0000000711300000|100%| E|CS|TAMS 0x0000000711200000, 0x0000000711200000| Complete 
| 259|0x0000000711300000, 0x0000000711400000, 0x0000000711400000|100%| E|CS|TAMS 0x0000000711300000, 0x0000000711300000| Complete 
| 260|0x0000000711400000, 0x0000000711500000, 0x0000000711500000|100%| E|CS|TAMS 0x0000000711400000, 0x0000000711400000| Complete 
| 261|0x0000000711500000, 0x0000000711600000, 0x0000000711600000|100%| E|CS|TAMS 0x0000000711500000, 0x0000000711500000| Complete 
| 262|0x0000000711600000, 0x0000000711700000, 0x0000000711700000|100%| E|CS|TAMS 0x0000000711600000, 0x0000000711600000| Complete 
| 263|0x0000000711700000, 0x0000000711800000, 0x0000000711800000|100%| E|CS|TAMS 0x0000000711700000, 0x0000000711700000| Complete 
| 264|0x0000000711800000, 0x0000000711900000, 0x0000000711900000|100%| E|CS|TAMS 0x0000000711800000, 0x0000000711800000| Complete 
| 265|0x0000000711900000, 0x0000000711a00000, 0x0000000711a00000|100%| E|CS|TAMS 0x0000000711900000, 0x0000000711900000| Complete 
| 266|0x0000000711a00000, 0x0000000711b00000, 0x0000000711b00000|100%| E|CS|TAMS 0x0000000711a00000, 0x0000000711a00000| Complete 
| 267|0x0000000711b00000, 0x0000000711c00000, 0x0000000711c00000|100%| E|CS|TAMS 0x0000000711b00000, 0x0000000711b00000| Complete 
| 268|0x0000000711c00000, 0x0000000711d00000, 0x0000000711d00000|100%| E|CS|TAMS 0x0000000711c00000, 0x0000000711c00000| Complete 
| 269|0x0000000711d00000, 0x0000000711e00000, 0x0000000711e00000|100%| E|CS|TAMS 0x0000000711d00000, 0x0000000711d00000| Complete 
| 270|0x0000000711e00000, 0x0000000711f00000, 0x0000000711f00000|100%| E|CS|TAMS 0x0000000711e00000, 0x0000000711e00000| Complete 
| 271|0x0000000711f00000, 0x0000000712000000, 0x0000000712000000|100%| E|CS|TAMS 0x0000000711f00000, 0x0000000711f00000| Complete 
| 272|0x0000000712000000, 0x0000000712100000, 0x0000000712100000|100%| E|CS|TAMS 0x0000000712000000, 0x0000000712000000| Complete 
| 273|0x0000000712100000, 0x0000000712200000, 0x0000000712200000|100%| E|CS|TAMS 0x0000000712100000, 0x0000000712100000| Complete 
| 274|0x0000000712200000, 0x0000000712300000, 0x0000000712300000|100%| E|CS|TAMS 0x0000000712200000, 0x0000000712200000| Complete 
| 275|0x0000000712300000, 0x0000000712400000, 0x0000000712400000|100%| E|CS|TAMS 0x0000000712300000, 0x0000000712300000| Complete 
| 276|0x0000000712400000, 0x0000000712500000, 0x0000000712500000|100%| E|CS|TAMS 0x0000000712400000, 0x0000000712400000| Complete 
| 277|0x0000000712500000, 0x0000000712600000, 0x0000000712600000|100%| E|CS|TAMS 0x0000000712500000, 0x0000000712500000| Complete 
| 278|0x0000000712600000, 0x0000000712700000, 0x0000000712700000|100%| E|CS|TAMS 0x0000000712600000, 0x0000000712600000| Complete 
| 279|0x0000000712700000, 0x0000000712800000, 0x0000000712800000|100%| E|CS|TAMS 0x0000000712700000, 0x0000000712700000| Complete 
| 280|0x0000000712800000, 0x0000000712900000, 0x0000000712900000|100%| E|CS|TAMS 0x0000000712800000, 0x0000000712800000| Complete 
| 281|0x0000000712900000, 0x0000000712a00000, 0x0000000712a00000|100%| E|CS|TAMS 0x0000000712900000, 0x0000000712900000| Complete 
| 282|0x0000000712a00000, 0x0000000712b00000, 0x0000000712b00000|100%| E|CS|TAMS 0x0000000712a00000, 0x0000000712a00000| Complete 
| 283|0x0000000712b00000, 0x0000000712c00000, 0x0000000712c00000|100%| E|CS|TAMS 0x0000000712b00000, 0x0000000712b00000| Complete 
| 284|0x0000000712c00000, 0x0000000712d00000, 0x0000000712d00000|100%| E|CS|TAMS 0x0000000712c00000, 0x0000000712c00000| Complete 
| 285|0x0000000712d00000, 0x0000000712e00000, 0x0000000712e00000|100%| E|CS|TAMS 0x0000000712d00000, 0x0000000712d00000| Complete 
| 286|0x0000000712e00000, 0x0000000712f00000, 0x0000000712f00000|100%| E|CS|TAMS 0x0000000712e00000, 0x0000000712e00000| Complete 
| 287|0x0000000712f00000, 0x0000000713000000, 0x0000000713000000|100%| E|CS|TAMS 0x0000000712f00000, 0x0000000712f00000| Complete 
| 288|0x0000000713000000, 0x0000000713100000, 0x0000000713100000|100%| E|CS|TAMS 0x0000000713000000, 0x0000000713000000| Complete 
| 289|0x0000000713100000, 0x0000000713200000, 0x0000000713200000|100%| E|CS|TAMS 0x0000000713100000, 0x0000000713100000| Complete 
| 290|0x0000000713200000, 0x0000000713300000, 0x0000000713300000|100%| E|CS|TAMS 0x0000000713200000, 0x0000000713200000| Complete 
| 291|0x0000000713300000, 0x0000000713400000, 0x0000000713400000|100%| E|CS|TAMS 0x0000000713300000, 0x0000000713300000| Complete 
| 292|0x0000000713400000, 0x0000000713500000, 0x0000000713500000|100%| E|CS|TAMS 0x0000000713400000, 0x0000000713400000| Complete 
| 293|0x0000000713500000, 0x0000000713600000, 0x0000000713600000|100%| E|CS|TAMS 0x0000000713500000, 0x0000000713500000| Complete 
| 294|0x0000000713600000, 0x0000000713700000, 0x0000000713700000|100%| E|CS|TAMS 0x0000000713600000, 0x0000000713600000| Complete 
| 295|0x0000000713700000, 0x0000000713800000, 0x0000000713800000|100%| E|CS|TAMS 0x0000000713700000, 0x0000000713700000| Complete 
| 296|0x0000000713800000, 0x0000000713900000, 0x0000000713900000|100%| E|CS|TAMS 0x0000000713800000, 0x0000000713800000| Complete 
| 297|0x0000000713900000, 0x0000000713a00000, 0x0000000713a00000|100%| E|CS|TAMS 0x0000000713900000, 0x0000000713900000| Complete 
| 298|0x0000000713a00000, 0x0000000713b00000, 0x0000000713b00000|100%| E|CS|TAMS 0x0000000713a00000, 0x0000000713a00000| Complete 
| 299|0x0000000713b00000, 0x0000000713c00000, 0x0000000713c00000|100%| E|CS|TAMS 0x0000000713b00000, 0x0000000713b00000| Complete 
| 300|0x0000000713c00000, 0x0000000713d00000, 0x0000000713d00000|100%| E|CS|TAMS 0x0000000713c00000, 0x0000000713c00000| Complete 
| 301|0x0000000713d00000, 0x0000000713e00000, 0x0000000713e00000|100%| E|CS|TAMS 0x0000000713d00000, 0x0000000713d00000| Complete 
| 302|0x0000000713e00000, 0x0000000713f00000, 0x0000000713f00000|100%| E|CS|TAMS 0x0000000713e00000, 0x0000000713e00000| Complete 
| 303|0x0000000713f00000, 0x0000000714000000, 0x0000000714000000|100%| E|CS|TAMS 0x0000000713f00000, 0x0000000713f00000| Complete 
| 304|0x0000000714000000, 0x0000000714100000, 0x0000000714100000|100%| E|CS|TAMS 0x0000000714000000, 0x0000000714000000| Complete 
| 305|0x0000000714100000, 0x0000000714200000, 0x0000000714200000|100%| E|CS|TAMS 0x0000000714100000, 0x0000000714100000| Complete 
| 306|0x0000000714200000, 0x0000000714300000, 0x0000000714300000|100%| E|CS|TAMS 0x0000000714200000, 0x0000000714200000| Complete 
| 307|0x0000000714300000, 0x0000000714400000, 0x0000000714400000|100%| E|CS|TAMS 0x0000000714300000, 0x0000000714300000| Complete 

Card table byte_map: [0x0000015b4a370000,0x0000015b4ab70000] _byte_map_base: 0x0000015b46b68000

Marking Bits (Prev, Next): (CMBitMap*) 0x0000015b34c625c8, (CMBitMap*) 0x0000015b34c62600
 Prev Bits: [0x0000015b4b370000, 0x0000015b4f330000)
 Next Bits: [0x0000015b4f330000, 0x0000015b532f0000)

Polling page: 0x0000015b34ce0000

Metaspace:

Usage:
  Non-class:     49.96 MB capacity,    49.50 MB (>99%) used,   375.22 KB ( <1%) free+waste,    88.44 KB ( <1%) overhead. 
      Class:      6.75 MB capacity,     6.47 MB ( 96%) used,   246.01 KB (  4%) free+waste,    39.13 KB ( <1%) overhead. 
       Both:     56.71 MB capacity,    55.98 MB ( 99%) used,   621.23 KB (  1%) free+waste,   127.56 KB ( <1%) overhead. 

Virtual space:
  Non-class space:       50.00 MB reserved,      49.96 MB (>99%) committed 
      Class space:        1.00 GB reserved,       6.87 MB ( <1%) committed 
             Both:        1.05 GB reserved,      56.83 MB (  5%) committed 

Chunk freelists:
   Non-Class:  1.00 KB
       Class:  29.00 KB
        Both:  30.00 KB

MaxMetaspaceSize: 17179869184.00 GB
CompressedClassSpaceSize: 1.00 GB

CodeHeap 'non-profiled nmethods': size=120000Kb used=2665Kb max_used=2665Kb free=117334Kb
 bounds [0x0000015b419b0000, 0x0000015b41c50000, 0x0000015b48ee0000]
CodeHeap 'profiled nmethods': size=120000Kb used=12750Kb max_used=12750Kb free=107250Kb
 bounds [0x0000015b3a480000, 0x0000015b3b100000, 0x0000015b419b0000]
CodeHeap 'non-nmethods': size=5760Kb used=1215Kb max_used=1252Kb free=4544Kb
 bounds [0x0000015b39ee0000, 0x0000015b3a150000, 0x0000015b3a480000]
 total_blobs=6158 nmethods=5590 adapters=479
 compilation: enabled
              stopped_count=0, restarted_count=0
 full_count=0

Compilation events (20 events):
Event: 4.237 Thread 0x0000015b569ca800 nmethod 5606 0x0000015b3b0d7c90 code [0x0000015b3b0d7e40, 0x0000015b3b0d8078]
Event: 4.237 Thread 0x0000015b569ca800 5607       2       org.jetbrains.kotlin.util.Checks::isApplicable (106 bytes)
Event: 4.239 Thread 0x0000015b569ca800 nmethod 5607 0x0000015b3b0d8110 code [0x0000015b3b0d83c0, 0x0000015b3b0d8ac8]
Event: 4.239 Thread 0x0000015b569ca800 5608       2       org.jetbrains.kotlin.cli.jvm.index.JvmDependenciesDynamicCompoundIndex$findClass$1$1::invoke (9 bytes)
Event: 4.239 Thread 0x0000015b569ca800 nmethod 5608 0x0000015b3b0d8f90 code [0x0000015b3b0d91a0, 0x0000015b3b0d9508]
Event: 4.239 Thread 0x0000015b569ca800 5614       2       org.jetbrains.kotlin.types.checker.SimpleClassicTypeSystemContext::isMarkedNullable (6 bytes)
Event: 4.240 Thread 0x0000015b569ca800 nmethod 5614 0x0000015b3b0d9710 code [0x0000015b3b0d98c0, 0x0000015b3b0d99c8]
Event: 4.240 Thread 0x0000015b569ca800 5612       2       org.jetbrains.kotlin.load.java.structure.impl.classFiles.BinaryJavaValueParameter::findAnnotation (9 bytes)
Event: 4.240 Thread 0x0000015b569ca800 nmethod 5612 0x0000015b3b0d9a90 code [0x0000015b3b0d9ca0, 0x0000015b3b0da078]
Event: 4.240 Thread 0x0000015b569ca800 5613       2       org.jetbrains.kotlin.load.java.structure.impl.classFiles.BinaryJavaValueParameter::getAnnotationsByFqName (19 bytes)
Event: 4.240 Thread 0x0000015b569ca800 nmethod 5613 0x0000015b3b0da310 code [0x0000015b3b0da4c0, 0x0000015b3b0da648]
Event: 4.240 Thread 0x0000015b569ca800 5615       1       org.jetbrains.kotlin.types.AnnotatedSimpleType::getAnnotations (5 bytes)
Event: 4.240 Thread 0x0000015b569ca800 nmethod 5615 0x0000015b41c48910 code [0x0000015b41c48ac0, 0x0000015b41c48b78]
Event: 4.240 Thread 0x0000015b569ca800 5609       2       org.jetbrains.kotlin.cli.jvm.index.JvmDependenciesDynamicCompoundIndex$findClass$1$1::invoke (25 bytes)
Event: 4.240 Thread 0x0000015b569ca800 nmethod 5609 0x0000015b3b0da710 code [0x0000015b3b0da900, 0x0000015b3b0dac08]
Event: 4.241 Thread 0x0000015b569ca800 5610       2       org.jetbrains.kotlin.cli.jvm.index.JvmDependenciesIndexImpl::findClass (253 bytes)
Event: 4.243 Thread 0x0000015b569ca800 nmethod 5610 0x0000015b3b0dae10 code [0x0000015b3b0db340, 0x0000015b3b0dceb8]
Event: 4.243 Thread 0x0000015b569ca800 5611       2       org.jetbrains.kotlin.load.java.structure.impl.classFiles.BinaryJavaModifierListOwner$DefaultImpls::isDeprecatedInJavaDoc (15 bytes)
Event: 4.244 Thread 0x0000015b569ca800 nmethod 5611 0x0000015b3b0ddd90 code [0x0000015b3b0ddf80, 0x0000015b3b0de228]
Event: 4.250 Thread 0x0000015b569ca800 5616       2       org.jetbrains.kotlin.utils.SmartList$SingletonIteratorBase::next (29 bytes)

GC Heap History (12 events):
Event: 0.397 GC heap before
{Heap before GC invocations=0 (full 0):
 garbage-first heap   total 262144K, used 27648K [0x0000000701000000, 0x0000000800000000)
  region size 1024K, 24 young (24576K), 0 survivors (0K)
 Metaspace       used 12187K, capacity 12277K, committed 12544K, reserved 1060864K
  class space    used 1140K, capacity 1174K, committed 1280K, reserved 1048576K
}
Event: 0.399 GC heap after
{Heap after GC invocations=1 (full 0):
 garbage-first heap   total 262144K, used 5829K [0x0000000701000000, 0x0000000800000000)
  region size 1024K, 3 young (3072K), 3 survivors (3072K)
 Metaspace       used 12187K, capacity 12277K, committed 12544K, reserved 1060864K
  class space    used 1140K, capacity 1174K, committed 1280K, reserved 1048576K
}
Event: 0.878 GC heap before
{Heap before GC invocations=1 (full 0):
 garbage-first heap   total 262144K, used 42693K [0x0000000701000000, 0x0000000800000000)
  region size 1024K, 40 young (40960K), 3 survivors (3072K)
 Metaspace       used 20991K, capacity 21180K, committed 21248K, reserved 1069056K
  class space    used 2209K, capacity 2291K, committed 2304K, reserved 1048576K
}
Event: 0.887 GC heap after
{Heap after GC invocations=2 (full 0):
 garbage-first heap   total 262144K, used 9997K [0x0000000701000000, 0x0000000800000000)
  region size 1024K, 7 young (7168K), 7 survivors (7168K)
 Metaspace       used 20991K, capacity 21180K, committed 21248K, reserved 1069056K
  class space    used 2209K, capacity 2291K, committed 2304K, reserved 1048576K
}
Event: 1.542 GC heap before
{Heap before GC invocations=3 (full 0):
 garbage-first heap   total 262144K, used 69389K [0x0000000701000000, 0x0000000800000000)
  region size 1024K, 57 young (58368K), 7 survivors (7168K)
 Metaspace       used 30593K, capacity 31082K, committed 31228K, reserved 1077248K
  class space    used 3595K, capacity 3773K, committed 3836K, reserved 1048576K
}
Event: 1.555 GC heap after
{Heap after GC invocations=4 (full 0):
 garbage-first heap   total 262144K, used 24785K [0x0000000701000000, 0x0000000800000000)
  region size 1024K, 8 young (8192K), 8 survivors (8192K)
 Metaspace       used 30593K, capacity 31082K, committed 31228K, reserved 1077248K
  class space    used 3595K, capacity 3773K, committed 3836K, reserved 1048576K
}
Event: 1.626 GC heap before
{Heap before GC invocations=4 (full 0):
 garbage-first heap   total 262144K, used 34001K [0x0000000701000000, 0x0000000800000000)
  region size 1024K, 13 young (13312K), 8 survivors (8192K)
 Metaspace       used 31056K, capacity 31436K, committed 31740K, reserved 1077248K
  class space    used 3639K, capacity 3805K, committed 3836K, reserved 1048576K
}
Event: 1.631 GC heap after
{Heap after GC invocations=5 (full 0):
 garbage-first heap   total 262144K, used 26379K [0x0000000701000000, 0x0000000800000000)
  region size 1024K, 2 young (2048K), 2 survivors (2048K)
 Metaspace       used 31056K, capacity 31436K, committed 31740K, reserved 1077248K
  class space    used 3639K, capacity 3805K, committed 3836K, reserved 1048576K
}
Event: 1.902 GC heap before
{Heap before GC invocations=5 (full 0):
 garbage-first heap   total 262144K, used 45835K [0x0000000701000000, 0x0000000800000000)
  region size 1024K, 22 young (22528K), 2 survivors (2048K)
 Metaspace       used 35388K, capacity 35782K, committed 36048K, reserved 1081344K
  class space    used 4306K, capacity 4484K, committed 4604K, reserved 1048576K
}
Event: 1.905 GC heap after
{Heap after GC invocations=6 (full 0):
 garbage-first heap   total 315392K, used 24848K [0x0000000701000000, 0x0000000800000000)
  region size 1024K, 2 young (2048K), 2 survivors (2048K)
 Metaspace       used 35388K, capacity 35782K, committed 36048K, reserved 1081344K
  class space    used 4306K, capacity 4484K, committed 4604K, reserved 1048576K
}
Event: 2.863 GC heap before
{Heap before GC invocations=7 (full 0):
 garbage-first heap   total 315392K, used 95504K [0x0000000701000000, 0x0000000800000000)
  region size 1024K, 69 young (70656K), 2 survivors (2048K)
 Metaspace       used 48419K, capacity 49015K, committed 49232K, reserved 1093632K
  class space    used 5636K, capacity 5881K, committed 6012K, reserved 1048576K
}
Event: 2.870 GC heap after
{Heap after GC invocations=8 (full 0):
 garbage-first heap   total 315392K, used 34571K [0x0000000701000000, 0x0000000800000000)
  region size 1024K, 9 young (9216K), 9 survivors (9216K)
 Metaspace       used 48419K, capacity 49015K, committed 49232K, reserved 1093632K
  class space    used 5636K, capacity 5881K, committed 6012K, reserved 1048576K
}

Deoptimization events (20 events):
Event: 4.050 Thread 0x0000015b34bfc000 Uncommon trap: trap_request=0xffffffc6 fr.pc=0x0000015b41abd718 relative=0x0000000000000078
Event: 4.050 Thread 0x0000015b34bfc000 Uncommon trap: reason=bimorphic_or_optimized_type_check action=maybe_recompile pc=0x0000015b41abd718 method=java.util.Collections$UnmodifiableCollection.size()I @ 4 c2
Event: 4.050 Thread 0x0000015b34bfc000 DEOPT PACKING pc=0x0000015b41abd718 sp=0x00000014a71f9970
Event: 4.050 Thread 0x0000015b34bfc000 DEOPT UNPACKING pc=0x0000015b39f068af sp=0x00000014a71f98f8 mode 2
Event: 4.075 Thread 0x0000015b34bfc000 Uncommon trap: trap_request=0xffffffc6 fr.pc=0x0000015b41abd718 relative=0x0000000000000078
Event: 4.075 Thread 0x0000015b34bfc000 Uncommon trap: reason=bimorphic_or_optimized_type_check action=maybe_recompile pc=0x0000015b41abd718 method=java.util.Collections$UnmodifiableCollection.size()I @ 4 c2
Event: 4.075 Thread 0x0000015b34bfc000 DEOPT PACKING pc=0x0000015b41abd718 sp=0x00000014a71f9440
Event: 4.075 Thread 0x0000015b34bfc000 DEOPT UNPACKING pc=0x0000015b39f068af sp=0x00000014a71f93c8 mode 2
Event: 4.076 Thread 0x0000015b34bfc000 Uncommon trap: trap_request=0xffffff4d fr.pc=0x0000015b41bfd958 relative=0x0000000000000e58
Event: 4.076 Thread 0x0000015b34bfc000 Uncommon trap: reason=unstable_if action=reinterpret pc=0x0000015b41bfd958 method=org.jetbrains.kotlin.util.Checks.isApplicable(Lorg/jetbrains/kotlin/descriptors/FunctionDescriptor;)Z @ 26 c2
Event: 4.076 Thread 0x0000015b34bfc000 DEOPT PACKING pc=0x0000015b41bfd958 sp=0x00000014a71f9460
Event: 4.076 Thread 0x0000015b34bfc000 DEOPT UNPACKING pc=0x0000015b39f068af sp=0x00000014a71f93f8 mode 2
Event: 4.173 Thread 0x0000015b34bfc000 DEOPT PACKING pc=0x0000015b3ab871ff sp=0x00000014a71f4f30
Event: 4.173 Thread 0x0000015b34bfc000 DEOPT UNPACKING pc=0x0000015b39f0705e sp=0x00000014a71f4380 mode 0
Event: 4.208 Thread 0x0000015b34bfc000 DEOPT PACKING pc=0x0000015b3ab871ff sp=0x00000014a71f4f50
Event: 4.208 Thread 0x0000015b34bfc000 DEOPT UNPACKING pc=0x0000015b39f0705e sp=0x00000014a71f43a0 mode 0
Event: 4.227 Thread 0x0000015b34bfc000 Uncommon trap: trap_request=0xffffff4d fr.pc=0x0000015b41bb4484 relative=0x0000000000000244
Event: 4.227 Thread 0x0000015b34bfc000 Uncommon trap: reason=unstable_if action=reinterpret pc=0x0000015b41bb4484 method=org.jetbrains.kotlin.name.Name.hashCode()I @ 16 c2
Event: 4.227 Thread 0x0000015b34bfc000 DEOPT PACKING pc=0x0000015b41bb4484 sp=0x00000014a71f5c30
Event: 4.227 Thread 0x0000015b34bfc000 DEOPT UNPACKING pc=0x0000015b39f068af sp=0x00000014a71f5bc8 mode 2

Classes redefined (0 events):
No events

Internal exceptions (20 events):
Event: 2.582 Thread 0x0000015b34bfc000 Exception <a 'java/lang/NoSuchMethodError'{0x0000000711593820}: 'java.lang.Object java.lang.invoke.DirectMethodHandle$Holder.invokeStatic(java.lang.Object, java.lang.Object, java.lang.Object, int)'> (0x0000000711593820) thrown at [./src/hotspot/share/interpreter/linkResolver.cpp, line 773]
Event: 2.582 Thread 0x0000015b34bfc000 Exception <a 'java/lang/NoSuchMethodError'{0x0000000711597490}: 'java.lang.Object java.lang.invoke.DirectMethodHandle$Holder.invokeSpecial(java.lang.Object, java.lang.Object, java.lang.Object, java.lang.Object, int)'> (0x0000000711597490) thrown at [./src/hotspot/share/interpreter/linkResolver.cpp, line 773]
Event: 2.582 Thread 0x0000015b34bfc000 Exception <a 'java/lang/NoSuchMethodError'{0x000000071159a7a0}: 'java.lang.Object java.lang.invoke.Invokers$Holder.linkToTargetMethod(java.lang.Object, java.lang.Object, int, java.lang.Object)'> (0x000000071159a7a0) thrown at [./src/hotspot/share/interpreter/linkResolver.cpp, line 773]
Event: 2.717 Thread 0x0000015b34bfc000 Implicit null exception at 0x0000015b41b07970 to 0x0000015b41b07a78
Event: 3.287 Thread 0x0000015b34bfc000 Exception <a 'java/lang/NoSuchMethodError'{0x000000071285ab10}: 'java.lang.Object java.lang.invoke.DirectMethodHandle$Holder.invokeStaticInit(java.lang.Object, java.lang.Object, java.lang.Object)'> (0x000000071285ab10) thrown at [./src/hotspot/share/interpreter/linkResolver.cpp, line 773]
Event: 3.527 Thread 0x0000015b34bfc000 Implicit null exception at 0x0000015b41bcca75 to 0x0000015b41bcd34c
Event: 3.527 Thread 0x0000015b34bfc000 Implicit null exception at 0x0000015b41bc572f to 0x0000015b41bc575c
Event: 3.639 Thread 0x0000015b34bfc000 Exception <a 'java/lang/NoSuchMethodError'{0x000000071062b9f8}: 'int java.lang.invoke.DirectMethodHandle$Holder.invokeStaticInit(java.lang.Object, int)'> (0x000000071062b9f8) thrown at [./src/hotspot/share/interpreter/linkResolver.cpp, line 773]
Event: 3.666 Thread 0x0000015b34bfc000 Exception <a 'java/lang/NoSuchMethodError'{0x000000071052f520}: 'java.lang.Object java.lang.invoke.Invokers$Holder.linkToTargetMethod(java.lang.Object, java.lang.Object, java.lang.Object, java.lang.Object, java.lang.Object, java.lang.Object)'> (0x000000071052f520) thrown at [./src/hotspot/share/interpreter/linkResolver.cpp, line 773]
Event: 3.766 Thread 0x0000015b34bfc000 Implicit null exception at 0x0000015b41b0464c to 0x0000015b41b04734
Event: 3.767 Thread 0x0000015b34bfc000 Implicit null exception at 0x0000015b41a5e443 to 0x0000015b41a5e5c8
Event: 3.768 Thread 0x0000015b34bfc000 Implicit null exception at 0x0000015b41a0d8f8 to 0x0000015b41a0d98a
Event: 3.879 Thread 0x0000015b34bfc000 Exception <a 'java/lang/NoSuchMethodError'{0x000000070f452c40}: 'java.lang.Object java.lang.invoke.DirectMethodHandle$Holder.invokeSpecial(java.lang.Object, java.lang.Object, java.lang.Object, java.lang.Object, java.lang.Object, int)'> (0x000000070f452c40) thrown at [./src/hotspot/share/interpreter/linkResolver.cpp, line 773]
Event: 3.879 Thread 0x0000015b34bfc000 Exception <a 'java/lang/NoSuchMethodError'{0x000000070f456d30}: 'java.lang.Object java.lang.invoke.Invokers$Holder.linkToTargetMethod(java.lang.Object, java.lang.Object, java.lang.Object, int, java.lang.Object)'> (0x000000070f456d30) thrown at [./src/hotspot/share/interpreter/linkResolver.cpp, line 773]
Event: 3.942 Thread 0x0000015b34bfc000 Exception <a 'java/lang/NoSuchMethodError'{0x000000070f3a14d0}: 'java.lang.Object java.lang.invoke.DirectMethodHandle$Holder.invokeSpecial(java.lang.Object, java.lang.Object, java.lang.Object, java.lang.Object, java.lang.Object, java.lang.Object, java.lang.Object, java.lang.Object, java.lang.Object)'> (0x000000070f3a14d0) thrown at [./src/hotspot/share/interpreter/linkResolver.cpp, line 773]
Event: 3.942 Thread 0x0000015b34bfc000 Exception <a 'java/lang/NoSuchMethodError'{0x000000070f3a5970}: 'java.lang.Object java.lang.invoke.Invokers$Holder.linkToTargetMethod(java.lang.Object, java.lang.Object, java.lang.Object, java.lang.Object, java.lang.Object, java.lang.Object, java.lang.Object, java.lang.Object)'> (0x000000070f3a5970) thrown at [./src/hotspot/share/interpreter/linkResolver.cpp, line 773]
Event: 4.080 Thread 0x0000015b34bfc000 Exception <a 'java/lang/NoSuchMethodError'{0x000000070eec6108}: 'java.lang.Object java.lang.invoke.DirectMethodHandle$Holder.invokeStatic(java.lang.Object, int, java.lang.Object, java.lang.Object)'> (0x000000070eec6108) thrown at [./src/hotspot/share/interpreter/linkResolver.cpp, line 773]
Event: 4.082 Thread 0x0000015b34bfc000 Exception <a 'java/lang/NoSuchMethodError'{0x000000070eed3d28}: 'int java.lang.invoke.DirectMethodHandle$Holder.invokeInterface(java.lang.Object, java.lang.Object)'> (0x000000070eed3d28) thrown at [./src/hotspot/share/interpreter/linkResolver.cpp, line 773]
Event: 4.121 Thread 0x0000015b34bfc000 Exception <a 'java/lang/NoSuchMethodError'{0x000000070edb2b28}: 'java.lang.Object java.lang.invoke.DirectMethodHandle$Holder.invokeInterface(java.lang.Object, java.lang.Object, java.lang.Object)'> (0x000000070edb2b28) thrown at [./src/hotspot/share/interpreter/linkResolver.cpp, line 773]
Event: 4.143 Thread 0x0000015b34bfc000 Exception <a 'java/lang/NoSuchMethodError'{0x000000070ec3e1b8}: 'java.lang.Object java.lang.invoke.Invokers$Holder.linkToTargetMethod(java.lang.Object, java.lang.Object, java.lang.Object, java.lang.Object, java.lang.Object, java.lang.Object, java.lang.Object)'> (0x000000070ec3e1b8) thrown at [./src/hotspot/share/interpreter/linkResolver.cpp, line 773]

Events (20 events):
Event: 4.245 loading class org/jetbrains/kotlin/resolve/calls/inference/components/ConstraintContext
Event: 4.245 loading class org/jetbrains/kotlin/resolve/calls/inference/components/ConstraintContext done
Event: 4.245 loading class org/jetbrains/kotlin/resolve/calls/inference/components/ConstraintInjector$TypeCheckerContext$addNewIncorporatedConstraint$2
Event: 4.245 loading class org/jetbrains/kotlin/resolve/calls/inference/components/ConstraintInjector$TypeCheckerContext$addNewIncorporatedConstraint$2 done
Event: 4.246 loading class org/jetbrains/kotlin/resolve/calls/components/CreateFreshVariablesSubstitutor$getTypePreservingFlexibilityWrtTypeVariable$1
Event: 4.246 loading class org/jetbrains/kotlin/resolve/calls/components/CreateFreshVariablesSubstitutor$getTypePreservingFlexibilityWrtTypeVariable$1 done
Event: 4.247 loading class org/jetbrains/kotlin/resolve/calls/components/CreateFreshVariablesSubstitutor$shouldBeFlexible$1
Event: 4.247 loading class org/jetbrains/kotlin/resolve/calls/components/CreateFreshVariablesSubstitutor$shouldBeFlexible$1 done
Event: 4.247 loading class org/jetbrains/kotlin/resolve/calls/inference/model/ExplicitTypeParameterConstraintPositionImpl
Event: 4.247 loading class org/jetbrains/kotlin/resolve/calls/inference/model/ExplicitTypeParameterConstraintPositionImpl done
Event: 4.247 loading class org/jetbrains/kotlin/resolve/calls/inference/model/ExplicitTypeParameterConstraintPosition
Event: 4.247 loading class org/jetbrains/kotlin/resolve/calls/inference/model/ExplicitTypeParameterConstraintPosition done
Event: 4.247 loading class org/jetbrains/kotlin/types/model/TypeSystemContextHelpersKt
Event: 4.247 loading class org/jetbrains/kotlin/types/model/TypeSystemContextHelpersKt done
Event: 4.248 loading class org/jetbrains/kotlin/types/model/MarkerExtensionsKt
Event: 4.248 loading class org/jetbrains/kotlin/types/model/MarkerExtensionsKt done
Event: 4.248 loading class org/jetbrains/kotlin/resolve/calls/inference/components/ConstraintIncorporator$areThereRecursiveConstraints$1
Event: 4.248 loading class org/jetbrains/kotlin/resolve/calls/inference/components/ConstraintIncorporator$areThereRecursiveConstraints$1 done
Event: 4.249 loading class org/jetbrains/kotlin/resolve/calls/inference/components/ConstraintIncorporator$Context$DefaultImpls
Event: 4.249 loading class org/jetbrains/kotlin/resolve/calls/inference/components/ConstraintIncorporator$Context$DefaultImpls done


Dynamic libraries:
0x00007ff706550000 - 0x00007ff70655a000 	C:\SSAFY\Android\Android Studio\jre\bin\java.exe
0x00007ffb8dbd0000 - 0x00007ffb8ddc5000 	C:\WINDOWS\SYSTEM32\ntdll.dll
0x00007ffb8c060000 - 0x00007ffb8c11d000 	C:\WINDOWS\System32\KERNEL32.DLL
0x00007ffb8b950000 - 0x00007ffb8bc1d000 	C:\WINDOWS\System32\KERNELBASE.dll
0x00007ffb8b310000 - 0x00007ffb8b410000 	C:\WINDOWS\System32\ucrtbase.dll
0x00007ffb7d110000 - 0x00007ffb7d129000 	C:\SSAFY\Android\Android Studio\jre\bin\jli.dll
0x00007ffb76eb0000 - 0x00007ffb76ec7000 	C:\SSAFY\Android\Android Studio\jre\bin\VCRUNTIME140.dll
0x00007ffb8d420000 - 0x00007ffb8d5c0000 	C:\WINDOWS\System32\USER32.dll
0x00007ffb8b710000 - 0x00007ffb8b732000 	C:\WINDOWS\System32\win32u.dll
0x00007ffb8a6c0000 - 0x00007ffb8a95a000 	C:\WINDOWS\WinSxS\amd64_microsoft.windows.common-controls_6595b64144ccf1df_6.0.19041.1110_none_60b5254171f9507e\COMCTL32.dll
0x00007ffb8c750000 - 0x00007ffb8c77a000 	C:\WINDOWS\System32\GDI32.dll
0x00007ffb8c3c0000 - 0x00007ffb8c45e000 	C:\WINDOWS\System32\msvcrt.dll
0x00007ffb8b570000 - 0x00007ffb8b67b000 	C:\WINDOWS\System32\gdi32full.dll
0x00007ffb8b4d0000 - 0x00007ffb8b56d000 	C:\WINDOWS\System32\msvcp_win.dll
0x00007ffb8bc20000 - 0x00007ffb8bc50000 	C:\WINDOWS\System32\IMM32.DLL
0x00007ffb5e440000 - 0x00007ffb5e4dd000 	C:\SSAFY\Android\Android Studio\jre\bin\msvcp140.dll
0x00007ffb5b7c0000 - 0x00007ffb5c295000 	C:\SSAFY\Android\Android Studio\jre\bin\server\jvm.dll
0x00007ffb8c840000 - 0x00007ffb8c8ee000 	C:\WINDOWS\System32\ADVAPI32.dll
0x00007ffb8bfc0000 - 0x00007ffb8c05c000 	C:\WINDOWS\System32\sechost.dll
0x00007ffb8c620000 - 0x00007ffb8c745000 	C:\WINDOWS\System32\RPCRT4.dll
0x00007ffb8d6a0000 - 0x00007ffb8d6a8000 	C:\WINDOWS\System32\PSAPI.DLL
0x00007ffb82620000 - 0x00007ffb8262a000 	C:\WINDOWS\SYSTEM32\VERSION.dll
0x00007ffb76e40000 - 0x00007ffb76e49000 	C:\WINDOWS\SYSTEM32\WSOCK32.dll
0x00007ffb7fba0000 - 0x00007ffb7fbc7000 	C:\WINDOWS\SYSTEM32\WINMM.dll
0x00007ffb8c5b0000 - 0x00007ffb8c61b000 	C:\WINDOWS\System32\WS2_32.dll
0x00007ffb88e90000 - 0x00007ffb88ea2000 	C:\WINDOWS\SYSTEM32\kernel.appcore.dll
0x00007ffb85bc0000 - 0x00007ffb85bd1000 	C:\SSAFY\Android\Android Studio\jre\bin\verify.dll
0x00007ffb8ad10000 - 0x00007ffb8aef4000 	C:\WINDOWS\SYSTEM32\DBGHELP.DLL
0x00007ffb8aac0000 - 0x00007ffb8aaec000 	C:\WINDOWS\SYSTEM32\dbgcore.DLL
0x00007ffb8b680000 - 0x00007ffb8b702000 	C:\WINDOWS\System32\bcryptPrimitives.dll
0x00007ffb84de0000 - 0x00007ffb84e09000 	C:\SSAFY\Android\Android Studio\jre\bin\java.dll
0x00007ffb897c0000 - 0x00007ffb897cb000 	C:\SSAFY\Android\Android Studio\jre\bin\jimage.dll
0x00007ffb7db70000 - 0x00007ffb7db88000 	C:\SSAFY\Android\Android Studio\jre\bin\zip.dll
0x00007ffb8c9a0000 - 0x00007ffb8d0e4000 	C:\WINDOWS\System32\SHELL32.dll
0x00007ffb886e0000 - 0x00007ffb88e74000 	C:\WINDOWS\SYSTEM32\windows.storage.dll
0x00007ffb8bc50000 - 0x00007ffb8bfa4000 	C:\WINDOWS\System32\combase.dll
0x00007ffb8a650000 - 0x00007ffb8a67c000 	C:\WINDOWS\SYSTEM32\Wldp.dll
0x00007ffb8c780000 - 0x00007ffb8c82d000 	C:\WINDOWS\System32\SHCORE.dll
0x00007ffb8c120000 - 0x00007ffb8c175000 	C:\WINDOWS\System32\shlwapi.dll
0x00007ffb8b220000 - 0x00007ffb8b23f000 	C:\WINDOWS\SYSTEM32\profapi.dll
0x00007ffb7db50000 - 0x00007ffb7db6a000 	C:\SSAFY\Android\Android Studio\jre\bin\net.dll
0x00007ffb7de20000 - 0x00007ffb7df2a000 	C:\WINDOWS\SYSTEM32\WINHTTP.dll
0x00007ffb8a520000 - 0x00007ffb8a58a000 	C:\WINDOWS\system32\mswsock.dll
0x00007ffb7daf0000 - 0x00007ffb7db04000 	C:\SSAFY\Android\Android Studio\jre\bin\nio.dll

dbghelp: loaded successfully - version: 4.0.5 - missing functions: none
symbol engine: initialized successfully - sym options: 0x614 - pdb path: .;C:\SSAFY\Android\Android Studio\jre\bin;C:\WINDOWS\SYSTEM32;C:\WINDOWS\WinSxS\amd64_microsoft.windows.common-controls_6595b64144ccf1df_6.0.19041.1110_none_60b5254171f9507e;C:\SSAFY\Android\Android Studio\jre\bin\server

VM Arguments:
java_command: org.jetbrains.kotlin.cli.jvm.K2JVMCompiler @C:\SSAFY\AOS_final\final_gumi0607_03\SmartStoreUI\app\build\20220523_15050413279886141475.compiler.options
java_class_path (initial): C:\Users\multicampus\.gradle\caches\modules-2\files-2.1\org.jetbrains.kotlin\kotlin-compiler-embeddable\1.5.30\3362a354066df1578a057c200da23cf2a1d8144f\kotlin-compiler-embeddable-1.5.30.jar;C:\Users\multicampus\.gradle\caches\modules-2\files-2.1\org.jetbrains.kotlin\kotlin-reflect\1.5.30\6773e974437dd6432aa646cc2f8ab71de42b5773\kotlin-reflect-1.5.30.jar;C:\Users\multicampus\.gradle\caches\modules-2\files-2.1\org.jetbrains.kotlin\kotlin-stdlib\1.5.30\d68efdea04955974ac1020f8f66ef8176bfbce1f\kotlin-stdlib-1.5.30.jar;C:\Users\multicampus\.gradle\caches\modules-2\files-2.1\org.jetbrains.kotlin\kotlin-script-runtime\1.5.30\10697ab20bfd2f1b23baa91306950c36c4e89a8d\kotlin-script-runtime-1.5.30.jar;C:\Users\multicampus\.gradle\caches\modules-2\files-2.1\org.jetbrains.kotlin\kotlin-daemon-embeddable\1.5.30\e355dc9011e559a475608265607948109e113ae0\kotlin-daemon-embeddable-1.5.30.jar;C:\Users\multicampus\.gradle\caches\modules-2\files-2.1\org.jetbrains.intellij.deps\trove4j\1.0.20181211\216c2e14b070f334479d800987affe4054cd563f\trove4j-1.0.20181211.jar;C:\Users\multicampus\.gradle\caches\modules-2\files-2.1\org.jetbrains\annotations\13.0\919f0dfe192fb4e063e7dacadee7f8bb9a2672a9\annotations-13.0.jar;C:\Users\multicampus\.gradle\caches\modules-2\files-2.1\org.jetbrains.kotlin\kotlin-stdlib-common\1.5.30\649ffab7767038323fec0cc41e2d7b0a8f65a378\kotlin-stdlib-common-1.5.30.jar
Launcher Type: SUN_STANDARD

[Global flags]
     intx CICompilerCount                          = 4                                         {product} {ergonomic}
     uint ConcGCThreads                            = 3                                         {product} {ergonomic}
     uint G1ConcRefinementThreads                  = 10                                        {product} {ergonomic}
   size_t G1HeapRegionSize                         = 1048576                                   {product} {ergonomic}
    uintx GCDrainStackTargetSize                   = 64                                        {product} {ergonomic}
   size_t InitialHeapSize                          = 268435456                                 {product} {ergonomic}
   size_t MarkStackSize                            = 4194304                                   {product} {ergonomic}
   size_t MaxHeapSize                              = 4278190080                                {product} {ergonomic}
   size_t MaxNewSize                               = 2566914048                                {product} {ergonomic}
   size_t MinHeapDeltaBytes                        = 1048576                                   {product} {ergonomic}
    uintx NonNMethodCodeHeapSize                   = 5836300                                {pd product} {ergonomic}
    uintx NonProfiledCodeHeapSize                  = 122910970                              {pd product} {ergonomic}
    uintx ProfiledCodeHeapSize                     = 122910970                              {pd product} {ergonomic}
    uintx ReservedCodeCacheSize                    = 251658240                              {pd product} {ergonomic}
     bool SegmentedCodeCache                       = true                                      {product} {ergonomic}
     bool UseCompressedClassPointers               = true                                 {lp64_product} {ergonomic}
     bool UseCompressedOops                        = true                                 {lp64_product} {ergonomic}
     bool UseG1GC                                  = true                                      {product} {ergonomic}
     bool UseLargePagesIndividualAllocation        = false                                  {pd product} {ergonomic}

Logging:
Log output configuration:
 #0: stdout all=warning uptime,level,tags
 #1: stderr all=off uptime,level,tags

Environment Variables:
PATH=C:\Program Files\Common Files\Oracle\Java\javapath;C:\Program Files\Python35\Scripts\;C:\Program Files\Python35\;C:\Program Files (x86)\Intel\Intel(R) Management Engine Components\iCLS\;C:\Program Files\Intel\Intel(R) Management Engine Components\iCLS\;C:\Windows\system32;C:\Windows;C:\Windows\System32\Wbem;C:\Windows\System32\WindowsPowerShell\v1.0\;C:\Windows\System32\OpenSSH\;C:\Program Files (x86)\NVIDIA Corporation\PhysX\Common;C:\Program Files (x86)\Intel\Intel(R) Management Engine Components\DAL;C:\Program Files\Intel\Intel(R) Management Engine Components\DAL;C:\Program Files (x86)\Intel\Intel(R) Management Engine Components\IPT;C:\Program Files\Intel\Intel(R) Management Engine Components\IPT;C:\Program Files\Zulu\zulu-8\bin\;C:\Program Files\Microsoft SQL Server\130\Tools\Binn\;C:\WINDOWS\system32;C:\WINDOWS;C:\WINDOWS\System32\Wbem;C:\WINDOWS\System32\WindowsPowerShell\v1.0\;C:\WINDOWS\System32\OpenSSH\;C:\Program Files\Git\cmd;C:\SSAFY\flutter\bin;C:\Program Files\MySQL\MySQL Shell 8.0\bin\;C:\Users\multicampus\AppData\Local\Microsoft\WindowsApps;;C:\Users\multicampus\AppData\Local\Programs\Microsoft VS Code\bin
USERNAME=multicampus
OS=Windows_NT
PROCESSOR_IDENTIFIER=Intel64 Family 6 Model 158 Stepping 10, GenuineIntel



---------------  S Y S T E M  ---------------

OS: Windows 10 , 64 bit Build 19041 (10.0.19041.1706)
OS uptime: 6 days 0:46 hours

CPU:total 12 (initial active 12) (6 cores per cpu, 2 threads per core) family 6 model 158 stepping 10 microcode 0xb4, cmov, cx8, fxsr, mmx, sse, sse2, sse3, ssse3, sse4.1, sse4.2, popcnt, avx, avx2, aes, clmul, erms, 3dnowpref, lzcnt, ht, tsc, tscinvbit, bmi1, bmi2, adx, fma

Memory: 4k page, system-wide physical 16317M (3821M free)
TotalPageFile size 65469M (AvailPageFile size 6M)
current process WorkingSet (physical memory assigned to process): 339M, peak: 342M
current process commit charge ("private bytes"): 546M, peak: 548M

vm_info: OpenJDK 64-Bit Server VM (11.0.11+9-b60-7590822) for windows-amd64 JRE (11.0.11+9-b60-7590822), built on Jul 29 2021 21:43:44 by "builder" with MS VC++ 14.0 (VS2015)

END.
